============================= test session starts ==============================
platform linux -- Python 3.8.5, pytest-6.2.3, py-1.10.0, pluggy-0.13.1
rootdir: /dc-app-performance-toolkit/app
plugins: apiritif-0.9.6
collected 14 items

selenium_ui/jira_ui.py first driver inits
node_id:i-08e9188a074312bb2
1627773972516,3694,selenium_login:open_login_page,Success,True
1627773976608,4091,selenium_login:login_and_view_dashboard,Success,True
1627773976608,7786,selenium_login,Success,True
.test_0_selenium_a_login,Total:1 Passed:1 Failed:0
1627773977376,758,selenium_browse_projects_list,Success,True
.test_1_selenium_browse_projects_list,Total:2 Passed:2 Failed:0
1627773980863,3485,selenium_browse_boards_list,Success,True
.test_1_selenium_browse_boards_list,Total:3 Passed:3 Failed:0
1627773982164,1293,selenium_create_issue:open_quick_create,Success,True
1627773986318,2641,selenium_create_issue:fill_and_submit_issue_form:submit_issue_form,Success,True
1627773986319,4154,selenium_create_issue:fill_and_submit_issue_form,Success,True
1627773986319,5447,selenium_create_issue,Success,True
.test_1_selenium_create_issue,Total:4 Passed:4 Failed:0
1627773987544,1217,selenium_edit_issue:open_edit_issue_form,Success,True
1627773988933,570,selenium_edit_issue:save_edit_issue_form,Success,True
1627773988933,2607,selenium_edit_issue,Success,True
.test_1_selenium_edit_issue,Total:5 Passed:5 Failed:0
1627773989233,298,selenium_save_comment:open_comment_form,Success,True
1627773991807,1933,selenium_save_comment:submit_form,Success,True
1627773991807,2872,selenium_save_comment,Success,True
.test_1_selenium_save_comment,Total:6 Passed:6 Failed:0
1627773994748,2939,selenium_search_jql,Success,True
.test_1_selenium_search_jql,Total:7 Passed:7 Failed:0
1627773998142,3392,selenium_view_scrum_board_backlog,Success,True
.test_1_selenium_view_backlog_for_scrum_board,Total:8 Passed:8 Failed:0
1627774001067,2924,selenium_view_scrum_board,Success,True
.test_1_selenium_view_scrum_board,Total:9 Passed:9 Failed:0
1627774001995,925,selenium_view_kanban_board,Success,True
.test_1_selenium_view_kanban_board,Total:10 Passed:10 Failed:0
1627774002517,520,selenium_view_dashboard,Success,True
.test_1_selenium_view_dashboard,Total:11 Passed:11 Failed:0
1627774004210,1691,selenium_view_issue,Success,True
.test_1_selenium_view_issue,Total:12 Passed:12 Failed:0
1627774006246,2034,selenium_project_summary,Success,True
.test_1_selenium_view_project_summary,Total:13 Passed:13 Failed:0
1627774006633,385,selenium_log_out,Success,True
.test_2_selenium_z_log_out,Total:14 Passed:14 Failed:0


=============================== warnings summary ===============================
../../usr/local/lib/python3.8/dist-packages/_pytest/config/__init__.py:1114
  /usr/local/lib/python3.8/dist-packages/_pytest/config/__init__.py:1114: PytestAssertRewriteWarning: Module already imported so cannot be rewritten: apiritif
    self._mark_plugins_for_rewrite(hook)

-- Docs: https://docs.pytest.org/en/stable/warnings.html
======================== 14 passed, 1 warning in 40.75s ========================
============================= test session starts ==============================
platform linux -- Python 3.8.5, pytest-6.2.3, py-1.10.0, pluggy-0.13.1
rootdir: /dc-app-performance-toolkit/app
plugins: apiritif-0.9.6
collected 14 items

selenium_ui/jira_ui.py get driver from global
clear browser cookies
node_id:i-0386b665a0a8a3ff6
1627774007175,476,selenium_login:open_login_page,Success,True
1627774007685,510,selenium_login:login_and_view_dashboard,Success,True
1627774007685,986,selenium_login,Success,True
.test_0_selenium_a_login,Total:15 Passed:15 Failed:0
1627774007964,268,selenium_browse_projects_list,Success,True
.test_1_selenium_browse_projects_list,Total:16 Passed:16 Failed:0
1627774008779,814,selenium_browse_boards_list,Success,True
.test_1_selenium_browse_boards_list,Total:17 Passed:17 Failed:0
1627774009600,813,selenium_create_issue:open_quick_create,Success,True
1627774011245,1107,selenium_create_issue:fill_and_submit_issue_form:submit_issue_form,Success,True
1627774011245,1644,selenium_create_issue:fill_and_submit_issue_form,Success,True
1627774011245,2458,selenium_create_issue,Success,True
.test_1_selenium_create_issue,Total:18 Passed:18 Failed:0
1627774012013,761,selenium_edit_issue:open_edit_issue_form,Success,True
1627774013125,674,selenium_edit_issue:save_edit_issue_form,Success,True
1627774013125,1872,selenium_edit_issue,Success,True
.test_1_selenium_edit_issue,Total:19 Passed:19 Failed:0
1627774013461,335,selenium_save_comment:open_comment_form,Success,True
1627774017095,3547,selenium_save_comment:submit_form,Success,True
1627774017095,3969,selenium_save_comment,Success,True
.test_1_selenium_save_comment,Total:20 Passed:20 Failed:0
1627774018398,1301,selenium_search_jql,Success,True
.test_1_selenium_search_jql,Total:21 Passed:21 Failed:0
1627774019241,842,selenium_view_scrum_board_backlog,Success,True
.test_1_selenium_view_backlog_for_scrum_board,Total:22 Passed:22 Failed:0
1627774020055,812,selenium_view_scrum_board,Success,True
.test_1_selenium_view_scrum_board,Total:23 Passed:23 Failed:0
1627774021076,1019,selenium_view_kanban_board,Success,True
.test_1_selenium_view_kanban_board,Total:24 Passed:24 Failed:0
1627774021571,492,selenium_view_dashboard,Success,True
.test_1_selenium_view_dashboard,Total:25 Passed:25 Failed:0
1627774022068,495,selenium_view_issue,Success,True
.test_1_selenium_view_issue,Total:26 Passed:26 Failed:0
1627774022420,350,selenium_project_summary,Success,True
.test_1_selenium_view_project_summary,Total:27 Passed:27 Failed:0
1627774022811,388,selenium_log_out,Success,True
.test_2_selenium_z_log_out,Total:28 Passed:28 Failed:0


=============================== warnings summary ===============================
../../usr/local/lib/python3.8/dist-packages/_pytest/config/__init__.py:1114
  /usr/local/lib/python3.8/dist-packages/_pytest/config/__init__.py:1114: PytestAssertRewriteWarning: Module already imported so cannot be rewritten: apiritif
    self._mark_plugins_for_rewrite(hook)

-- Docs: https://docs.pytest.org/en/stable/warnings.html
======================== 14 passed, 1 warning in 16.14s ========================
============================= test session starts ==============================
platform linux -- Python 3.8.5, pytest-6.2.3, py-1.10.0, pluggy-0.13.1
rootdir: /dc-app-performance-toolkit/app
plugins: apiritif-0.9.6
collected 14 items

selenium_ui/jira_ui.py get driver from global
clear browser cookies
node_id:i-0aee4779e9f1a9e7a
1627774023016,133,selenium_login:open_login_page,Success,True
1627774023510,493,selenium_login:login_and_view_dashboard,Success,True
1627774023510,626,selenium_login,Success,True
.test_0_selenium_a_login,Total:29 Passed:29 Failed:0
1627774023776,256,selenium_browse_projects_list,Success,True
.test_1_selenium_browse_projects_list,Total:30 Passed:30 Failed:0
1627774024575,797,selenium_browse_boards_list,Success,True
.test_1_selenium_browse_boards_list,Total:31 Passed:31 Failed:0
1627774025218,635,selenium_create_issue:open_quick_create,Success,True
1627774026319,595,selenium_create_issue:fill_and_submit_issue_form:submit_issue_form,Success,True
1627774026320,1101,selenium_create_issue:fill_and_submit_issue_form,Success,True
1627774026320,1736,selenium_create_issue,Success,True
.test_1_selenium_create_issue,Total:32 Passed:32 Failed:0
1627774026806,479,selenium_edit_issue:open_edit_issue_form,Success,True
1627774027793,615,selenium_edit_issue:save_edit_issue_form,Success,True
1627774027793,1466,selenium_edit_issue,Success,True
.test_1_selenium_edit_issue,Total:33 Passed:33 Failed:0
1627774028031,236,selenium_save_comment:open_comment_form,Success,True
1627774029502,866,selenium_save_comment:submit_form,Success,True
1627774029502,1708,selenium_save_comment,Success,True
.test_1_selenium_save_comment,Total:34 Passed:34 Failed:0
1627774031001,1497,selenium_search_jql,Success,True
.test_1_selenium_search_jql,Total:35 Passed:35 Failed:0
1627774031774,771,selenium_view_scrum_board_backlog,Success,True
.test_1_selenium_view_backlog_for_scrum_board,Total:36 Passed:36 Failed:0
1627774032532,756,selenium_view_scrum_board,Success,True
.test_1_selenium_view_scrum_board,Total:37 Passed:37 Failed:0
1627774033291,758,selenium_view_kanban_board,Success,True
.test_1_selenium_view_kanban_board,Total:38 Passed:38 Failed:0
1627774033655,362,selenium_view_dashboard,Success,True
.test_1_selenium_view_dashboard,Total:39 Passed:39 Failed:0
1627774034254,597,selenium_view_issue,Success,True
.test_1_selenium_view_issue,Total:40 Passed:40 Failed:0
1627774034574,317,selenium_project_summary,Success,True
.test_1_selenium_view_project_summary,Total:41 Passed:41 Failed:0
1627774034938,362,selenium_log_out,Success,True
.test_2_selenium_z_log_out,Total:42 Passed:42 Failed:0


=============================== warnings summary ===============================
../../usr/local/lib/python3.8/dist-packages/_pytest/config/__init__.py:1114
  /usr/local/lib/python3.8/dist-packages/_pytest/config/__init__.py:1114: PytestAssertRewriteWarning: Module already imported so cannot be rewritten: apiritif
    self._mark_plugins_for_rewrite(hook)

-- Docs: https://docs.pytest.org/en/stable/warnings.html
======================== 14 passed, 1 warning in 12.09s ========================
============================= test session starts ==============================
platform linux -- Python 3.8.5, pytest-6.2.3, py-1.10.0, pluggy-0.13.1
rootdir: /dc-app-performance-toolkit/app
plugins: apiritif-0.9.6
collected 14 items

selenium_ui/jira_ui.py get driver from global
clear browser cookies
node_id:i-0aee4779e9f1a9e7a
1627774035117,117,selenium_login:open_login_page,Success,True
1627774035617,499,selenium_login:login_and_view_dashboard,Success,True
1627774035617,617,selenium_login,Success,True
.test_0_selenium_a_login,Total:43 Passed:43 Failed:0
1627774035859,232,selenium_browse_projects_list,Success,True
.test_1_selenium_browse_projects_list,Total:44 Passed:44 Failed:0
1627774036600,739,selenium_browse_boards_list,Success,True
.test_1_selenium_browse_boards_list,Total:45 Passed:45 Failed:0
1627774037269,661,selenium_create_issue:open_quick_create,Success,True
1627774038349,595,selenium_create_issue:fill_and_submit_issue_form:submit_issue_form,Success,True
1627774038349,1079,selenium_create_issue:fill_and_submit_issue_form,Success,True
1627774038349,1741,selenium_create_issue,Success,True
.test_1_selenium_create_issue,Total:46 Passed:46 Failed:0
1627774038826,470,selenium_edit_issue:open_edit_issue_form,Success,True
1627774039690,488,selenium_edit_issue:save_edit_issue_form,Success,True
1627774039690,1333,selenium_edit_issue,Success,True
.test_1_selenium_edit_issue,Total:47 Passed:47 Failed:0
1627774040006,314,selenium_save_comment:open_comment_form,Success,True
1627774041129,979,selenium_save_comment:submit_form,Success,True
1627774041129,1437,selenium_save_comment,Success,True
.test_1_selenium_save_comment,Total:48 Passed:48 Failed:0
1627774042228,1098,selenium_search_jql,Success,True
.test_1_selenium_search_jql,Total:49 Passed:49 Failed:0
1627774043014,784,selenium_view_scrum_board_backlog,Success,True
.test_1_selenium_view_backlog_for_scrum_board,Total:50 Passed:50 Failed:0
1627774043783,767,selenium_view_scrum_board,Success,True
.test_1_selenium_view_scrum_board,Total:51 Passed:51 Failed:0
1627774044939,1155,selenium_view_kanban_board,Success,True
.test_1_selenium_view_kanban_board,Total:52 Passed:52 Failed:0
1627774045462,520,selenium_view_dashboard,Success,True
.test_1_selenium_view_dashboard,Total:53 Passed:53 Failed:0
1627774046049,586,selenium_view_issue,Success,True
.test_1_selenium_view_issue,Total:54 Passed:54 Failed:0
1627774046517,466,selenium_project_summary,Success,True
.test_1_selenium_view_project_summary,Total:55 Passed:55 Failed:0
1627774046948,429,selenium_log_out,Success,True
.test_2_selenium_z_log_out,Total:56 Passed:56 Failed:0


=============================== warnings summary ===============================
../../usr/local/lib/python3.8/dist-packages/_pytest/config/__init__.py:1114
  /usr/local/lib/python3.8/dist-packages/_pytest/config/__init__.py:1114: PytestAssertRewriteWarning: Module already imported so cannot be rewritten: apiritif
    self._mark_plugins_for_rewrite(hook)

-- Docs: https://docs.pytest.org/en/stable/warnings.html
======================== 14 passed, 1 warning in 11.98s ========================
============================= test session starts ==============================
platform linux -- Python 3.8.5, pytest-6.2.3, py-1.10.0, pluggy-0.13.1
rootdir: /dc-app-performance-toolkit/app
plugins: apiritif-0.9.6
collected 14 items

selenium_ui/jira_ui.py get driver from global
clear browser cookies
node_id:i-0c2b63eb0cc5c4dac
1627774047531,519,selenium_login:open_login_page,Success,True
1627774048011,479,selenium_login:login_and_view_dashboard,Success,True
1627774048011,999,selenium_login,Success,True
.test_0_selenium_a_login,Total:57 Passed:57 Failed:0
1627774048286,265,selenium_browse_projects_list,Success,True
.test_1_selenium_browse_projects_list,Total:58 Passed:58 Failed:0
1627774049023,736,selenium_browse_boards_list,Success,True
.test_1_selenium_browse_boards_list,Total:59 Passed:59 Failed:0
1627774049667,636,selenium_create_issue:open_quick_create,Success,True
1627774050751,594,selenium_create_issue:fill_and_submit_issue_form:submit_issue_form,Success,True
1627774050752,1084,selenium_create_issue:fill_and_submit_issue_form,Success,True
1627774050752,1720,selenium_create_issue,Success,True
.test_1_selenium_create_issue,Total:60 Passed:60 Failed:0
1627774051234,474,selenium_edit_issue:open_edit_issue_form,Success,True
1627774052180,570,selenium_edit_issue:save_edit_issue_form,Success,True
1627774052181,1421,selenium_edit_issue,Success,True
.test_1_selenium_edit_issue,Total:61 Passed:61 Failed:0
1627774052515,333,selenium_save_comment:open_comment_form,Success,True
1627774053278,619,selenium_save_comment:submit_form,Success,True
1627774053278,1096,selenium_save_comment,Success,True
.test_1_selenium_save_comment,Total:62 Passed:62 Failed:0
1627774054468,1188,selenium_search_jql,Success,True
.test_1_selenium_search_jql,Total:63 Passed:63 Failed:0
1627774055699,1229,selenium_view_scrum_board_backlog,Success,True
.test_1_selenium_view_backlog_for_scrum_board,Total:64 Passed:64 Failed:0
1627774056455,755,selenium_view_scrum_board,Success,True
.test_1_selenium_view_scrum_board,Total:65 Passed:65 Failed:0
1627774057173,716,selenium_view_kanban_board,Success,True
.test_1_selenium_view_kanban_board,Total:66 Passed:66 Failed:0
1627774057403,229,selenium_view_dashboard,Success,True
.test_1_selenium_view_dashboard,Total:67 Passed:67 Failed:0
1627774057918,512,selenium_view_issue,Success,True
.test_1_selenium_view_issue,Total:68 Passed:68 Failed:0
1627774058309,389,selenium_project_summary,Success,True
.test_1_selenium_view_project_summary,Total:69 Passed:69 Failed:0
1627774058680,370,selenium_log_out,Success,True
.test_2_selenium_z_log_out,Total:70 Passed:70 Failed:0


=============================== warnings summary ===============================
../../usr/local/lib/python3.8/dist-packages/_pytest/config/__init__.py:1114
  /usr/local/lib/python3.8/dist-packages/_pytest/config/__init__.py:1114: PytestAssertRewriteWarning: Module already imported so cannot be rewritten: apiritif
    self._mark_plugins_for_rewrite(hook)

-- Docs: https://docs.pytest.org/en/stable/warnings.html
======================== 14 passed, 1 warning in 11.70s ========================
============================= test session starts ==============================
platform linux -- Python 3.8.5, pytest-6.2.3, py-1.10.0, pluggy-0.13.1
rootdir: /dc-app-performance-toolkit/app
plugins: apiritif-0.9.6
collected 14 items

selenium_ui/jira_ui.py get driver from global
clear browser cookies
node_id:i-08e9188a074312bb2
1627774058860,114,selenium_login:open_login_page,Success,True
1627774059305,445,selenium_login:login_and_view_dashboard,Success,True
1627774059305,559,selenium_login,Success,True
.test_0_selenium_a_login,Total:71 Passed:71 Failed:0
1627774059558,242,selenium_browse_projects_list,Success,True
.test_1_selenium_browse_projects_list,Total:72 Passed:72 Failed:0
1627774060301,741,selenium_browse_boards_list,Success,True
.test_1_selenium_browse_boards_list,Total:73 Passed:73 Failed:0
1627774060979,670,selenium_create_issue:open_quick_create,Success,True
1627774062037,597,selenium_create_issue:fill_and_submit_issue_form:submit_issue_form,Success,True
1627774062037,1057,selenium_create_issue:fill_and_submit_issue_form,Success,True
1627774062037,1728,selenium_create_issue,Success,True
.test_1_selenium_create_issue,Total:74 Passed:74 Failed:0
1627774062556,511,selenium_edit_issue:open_edit_issue_form,Success,True
1627774063527,595,selenium_edit_issue:save_edit_issue_form,Success,True
1627774063527,1483,selenium_edit_issue,Success,True
.test_1_selenium_edit_issue,Total:75 Passed:75 Failed:0
1627774063821,293,selenium_save_comment:open_comment_form,Success,True
1627774064737,776,selenium_save_comment:submit_form,Success,True
1627774064738,1209,selenium_save_comment,Success,True
.test_1_selenium_save_comment,Total:76 Passed:76 Failed:0
1627774065876,1137,selenium_search_jql,Success,True
.test_1_selenium_search_jql,Total:77 Passed:77 Failed:0
1627774067114,1236,selenium_view_scrum_board_backlog,Success,True
.test_1_selenium_view_backlog_for_scrum_board,Total:78 Passed:78 Failed:0
1627774067876,760,selenium_view_scrum_board,Success,True
.test_1_selenium_view_scrum_board,Total:79 Passed:79 Failed:0
1627774068955,1077,selenium_view_kanban_board,Success,True
.test_1_selenium_view_kanban_board,Total:80 Passed:80 Failed:0
1627774069638,681,selenium_view_dashboard,Success,True
.test_1_selenium_view_dashboard,Total:81 Passed:81 Failed:0
1627774070156,516,selenium_view_issue,Success,True
.test_1_selenium_view_issue,Total:82 Passed:82 Failed:0
1627774070496,339,selenium_project_summary,Success,True
.test_1_selenium_view_project_summary,Total:83 Passed:83 Failed:0
1627774070809,311,selenium_log_out,Success,True
.test_2_selenium_z_log_out,Total:84 Passed:84 Failed:0


=============================== warnings summary ===============================
../../usr/local/lib/python3.8/dist-packages/_pytest/config/__init__.py:1114
  /usr/local/lib/python3.8/dist-packages/_pytest/config/__init__.py:1114: PytestAssertRewriteWarning: Module already imported so cannot be rewritten: apiritif
    self._mark_plugins_for_rewrite(hook)

-- Docs: https://docs.pytest.org/en/stable/warnings.html
======================== 14 passed, 1 warning in 12.09s ========================
============================= test session starts ==============================
platform linux -- Python 3.8.5, pytest-6.2.3, py-1.10.0, pluggy-0.13.1
rootdir: /dc-app-performance-toolkit/app
plugins: apiritif-0.9.6
collected 14 items

selenium_ui/jira_ui.py get driver from global
clear browser cookies
node_id:i-0aee4779e9f1a9e7a
1627774070986,113,selenium_login:open_login_page,Success,True
1627774071474,487,selenium_login:login_and_view_dashboard,Success,True
1627774071474,601,selenium_login,Success,True
.test_0_selenium_a_login,Total:85 Passed:85 Failed:0
1627774071715,232,selenium_browse_projects_list,Success,True
.test_1_selenium_browse_projects_list,Total:86 Passed:86 Failed:0
1627774072055,338,selenium_browse_boards_list,Success,True
.test_1_selenium_browse_boards_list,Total:87 Passed:87 Failed:0
1627774072726,663,selenium_create_issue:open_quick_create,Success,True
1627774073815,596,selenium_create_issue:fill_and_submit_issue_form:submit_issue_form,Success,True
1627774073815,1088,selenium_create_issue:fill_and_submit_issue_form,Success,True
1627774073815,1752,selenium_create_issue,Success,True
.test_1_selenium_create_issue,Total:88 Passed:88 Failed:0
1627774074280,457,selenium_edit_issue:open_edit_issue_form,Success,True
1627774075243,530,selenium_edit_issue:save_edit_issue_form,Success,True
1627774075243,1420,selenium_edit_issue,Success,True
.test_1_selenium_edit_issue,Total:89 Passed:89 Failed:0
1627774075558,313,selenium_save_comment:open_comment_form,Success,True
1627774076485,762,selenium_save_comment:submit_form,Success,True
1627774076486,1241,selenium_save_comment,Success,True
.test_1_selenium_save_comment,Total:90 Passed:90 Failed:0
1627774077598,1110,selenium_search_jql,Success,True
.test_1_selenium_search_jql,Total:91 Passed:91 Failed:0
1627774078804,1204,selenium_view_scrum_board_backlog,Success,True
.test_1_selenium_view_backlog_for_scrum_board,Total:92 Passed:92 Failed:0
1627774079571,766,selenium_view_scrum_board,Success,True
.test_1_selenium_view_scrum_board,Total:93 Passed:93 Failed:0
1627774080306,733,selenium_view_kanban_board,Success,True
.test_1_selenium_view_kanban_board,Total:94 Passed:94 Failed:0
1627774080778,469,selenium_view_dashboard,Success,True
.test_1_selenium_view_dashboard,Total:95 Passed:95 Failed:0
1627774081385,606,selenium_view_issue,Success,True
.test_1_selenium_view_issue,Total:96 Passed:96 Failed:0
1627774081692,305,selenium_project_summary,Success,True
.test_1_selenium_view_project_summary,Total:97 Passed:97 Failed:0
1627774081994,300,selenium_log_out,Success,True
.test_2_selenium_z_log_out,Total:98 Passed:98 Failed:0


=============================== warnings summary ===============================
../../usr/local/lib/python3.8/dist-packages/_pytest/config/__init__.py:1114
  /usr/local/lib/python3.8/dist-packages/_pytest/config/__init__.py:1114: PytestAssertRewriteWarning: Module already imported so cannot be rewritten: apiritif
    self._mark_plugins_for_rewrite(hook)

-- Docs: https://docs.pytest.org/en/stable/warnings.html
======================== 14 passed, 1 warning in 11.15s ========================
============================= test session starts ==============================
platform linux -- Python 3.8.5, pytest-6.2.3, py-1.10.0, pluggy-0.13.1
rootdir: /dc-app-performance-toolkit/app
plugins: apiritif-0.9.6
collected 14 items

selenium_ui/jira_ui.py get driver from global
clear browser cookies
node_id:i-0c2b63eb0cc5c4dac
1627774082169,112,selenium_login:open_login_page,Success,True
1627774082613,443,selenium_login:login_and_view_dashboard,Success,True
1627774082613,555,selenium_login,Success,True
.test_0_selenium_a_login,Total:99 Passed:99 Failed:0
1627774082861,239,selenium_browse_projects_list,Success,True
.test_1_selenium_browse_projects_list,Total:100 Passed:100 Failed:0
1627774083602,740,selenium_browse_boards_list,Success,True
.test_1_selenium_browse_boards_list,Total:101 Passed:101 Failed:0
1627774084253,643,selenium_create_issue:open_quick_create,Success,True
1627774085279,599,selenium_create_issue:fill_and_submit_issue_form:submit_issue_form,Success,True
1627774085279,1025,selenium_create_issue:fill_and_submit_issue_form,Success,True
1627774085279,1669,selenium_create_issue,Success,True
.test_1_selenium_create_issue,Total:102 Passed:102 Failed:0
1627774085794,503,selenium_edit_issue:open_edit_issue_form,Success,True
1627774086780,616,selenium_edit_issue:save_edit_issue_form,Success,True
1627774086780,1488,selenium_edit_issue,Success,True
.test_1_selenium_edit_issue,Total:103 Passed:103 Failed:0
1627774087109,327,selenium_save_comment:open_comment_form,Success,True
1627774087848,655,selenium_save_comment:submit_form,Success,True
1627774087848,1067,selenium_save_comment,Success,True
.test_1_selenium_save_comment,Total:104 Passed:104 Failed:0
1627774088974,1124,selenium_search_jql,Success,True
.test_1_selenium_search_jql,Total:105 Passed:105 Failed:0
1627774089730,755,selenium_view_scrum_board_backlog,Success,True
.test_1_selenium_view_backlog_for_scrum_board,Total:106 Passed:106 Failed:0
1627774090536,804,selenium_view_scrum_board,Success,True
.test_1_selenium_view_scrum_board,Total:107 Passed:107 Failed:0
1627774091092,554,selenium_view_kanban_board,Success,True
.test_1_selenium_view_kanban_board,Total:108 Passed:108 Failed:0
1627774091569,475,selenium_view_dashboard,Success,True
.test_1_selenium_view_dashboard,Total:109 Passed:109 Failed:0
1627774092071,500,selenium_view_issue,Success,True
.test_1_selenium_view_issue,Total:110 Passed:110 Failed:0
1627774092394,321,selenium_project_summary,Success,True
.test_1_selenium_view_project_summary,Total:111 Passed:111 Failed:0
1627774092740,345,selenium_log_out,Success,True
.test_2_selenium_z_log_out,Total:112 Passed:112 Failed:0


=============================== warnings summary ===============================
../../usr/local/lib/python3.8/dist-packages/_pytest/config/__init__.py:1114
  /usr/local/lib/python3.8/dist-packages/_pytest/config/__init__.py:1114: PytestAssertRewriteWarning: Module already imported so cannot be rewritten: apiritif
    self._mark_plugins_for_rewrite(hook)

-- Docs: https://docs.pytest.org/en/stable/warnings.html
======================== 14 passed, 1 warning in 10.71s ========================
============================= test session starts ==============================
platform linux -- Python 3.8.5, pytest-6.2.3, py-1.10.0, pluggy-0.13.1
rootdir: /dc-app-performance-toolkit/app
plugins: apiritif-0.9.6
collected 14 items

selenium_ui/jira_ui.py get driver from global
clear browser cookies
node_id:i-0386b665a0a8a3ff6
1627774092913,112,selenium_login:open_login_page,Success,True
1627774093337,423,selenium_login:login_and_view_dashboard,Success,True
1627774093337,536,selenium_login,Success,True
.test_0_selenium_a_login,Total:113 Passed:113 Failed:0
1627774093583,236,selenium_browse_projects_list,Success,True
.test_1_selenium_browse_projects_list,Total:114 Passed:114 Failed:0
1627774093852,267,selenium_browse_boards_list,Success,True
.test_1_selenium_browse_boards_list,Total:115 Passed:115 Failed:0
1627774094514,654,selenium_create_issue:open_quick_create,Success,True
1627774095653,595,selenium_create_issue:fill_and_submit_issue_form:submit_issue_form,Success,True
1627774095653,1139,selenium_create_issue:fill_and_submit_issue_form,Success,True
1627774095653,1793,selenium_create_issue,Success,True
.test_1_selenium_create_issue,Total:116 Passed:116 Failed:0
1627774096245,584,selenium_edit_issue:open_edit_issue_form,Success,True
1627774097020,524,selenium_edit_issue:save_edit_issue_form,Success,True
1627774097020,1358,selenium_edit_issue,Success,True
.test_1_selenium_edit_issue,Total:117 Passed:117 Failed:0
1627774097343,321,selenium_save_comment:open_comment_form,Success,True
1627774098202,695,selenium_save_comment:submit_form,Success,True
1627774098203,1181,selenium_save_comment,Success,True
.test_1_selenium_save_comment,Total:118 Passed:118 Failed:0
1627774099293,1089,selenium_search_jql,Success,True
.test_1_selenium_search_jql,Total:119 Passed:119 Failed:0
1627774100474,1179,selenium_view_scrum_board_backlog,Success,True
.test_1_selenium_view_backlog_for_scrum_board,Total:120 Passed:120 Failed:0
1627774101229,753,selenium_view_scrum_board,Success,True
.test_1_selenium_view_scrum_board,Total:121 Passed:121 Failed:0
1627774101559,329,selenium_view_kanban_board,Success,True
.test_1_selenium_view_kanban_board,Total:122 Passed:122 Failed:0
1627774101748,187,selenium_view_dashboard,Success,True
.test_1_selenium_view_dashboard,Total:123 Passed:123 Failed:0
1627774102311,561,selenium_view_issue,Success,True
.test_1_selenium_view_issue,Total:124 Passed:124 Failed:0
1627774102728,415,selenium_project_summary,Success,True
.test_1_selenium_view_project_summary,Total:125 Passed:125 Failed:0
1627774103058,329,selenium_log_out,Success,True
.test_2_selenium_z_log_out,Total:126 Passed:126 Failed:0


=============================== warnings summary ===============================
../../usr/local/lib/python3.8/dist-packages/_pytest/config/__init__.py:1114
  /usr/local/lib/python3.8/dist-packages/_pytest/config/__init__.py:1114: PytestAssertRewriteWarning: Module already imported so cannot be rewritten: apiritif
    self._mark_plugins_for_rewrite(hook)

-- Docs: https://docs.pytest.org/en/stable/warnings.html
======================== 14 passed, 1 warning in 10.28s ========================
============================= test session starts ==============================
platform linux -- Python 3.8.5, pytest-6.2.3, py-1.10.0, pluggy-0.13.1
rootdir: /dc-app-performance-toolkit/app
plugins: apiritif-0.9.6
collected 14 items

selenium_ui/jira_ui.py get driver from global
clear browser cookies
node_id:i-0386b665a0a8a3ff6
1627774103233,113,selenium_login:open_login_page,Success,True
1627774105002,1768,selenium_login:login_and_view_dashboard,Success,True
1627774105002,1881,selenium_login,Success,True
.test_0_selenium_a_login,Total:127 Passed:127 Failed:0
1627774105262,242,selenium_browse_projects_list,Success,True
.test_1_selenium_browse_projects_list,Total:128 Passed:128 Failed:0
1627774105585,321,selenium_browse_boards_list,Success,True
.test_1_selenium_browse_boards_list,Total:129 Passed:129 Failed:0
1627774106405,809,selenium_create_issue:open_quick_create,Success,True
1627774107500,598,selenium_create_issue:fill_and_submit_issue_form:submit_issue_form,Success,True
1627774107501,1095,selenium_create_issue:fill_and_submit_issue_form,Success,True
1627774107501,1905,selenium_create_issue,Success,True
.test_1_selenium_create_issue,Total:130 Passed:130 Failed:0
1627774107965,457,selenium_edit_issue:open_edit_issue_form,Success,True
1627774108933,592,selenium_edit_issue:save_edit_issue_form,Success,True
1627774108934,1425,selenium_edit_issue,Success,True
.test_1_selenium_edit_issue,Total:131 Passed:131 Failed:0
1627774109202,266,selenium_save_comment:open_comment_form,Success,True
1627774110038,699,selenium_save_comment:submit_form,Success,True
1627774110038,1103,selenium_save_comment,Success,True
.test_1_selenium_save_comment,Total:132 Passed:132 Failed:0
1627774111119,1079,selenium_search_jql,Success,True
.test_1_selenium_search_jql,Total:133 Passed:133 Failed:0
1627774112285,1164,selenium_view_scrum_board_backlog,Success,True
.test_1_selenium_view_backlog_for_scrum_board,Total:134 Passed:134 Failed:0
1627774113034,747,selenium_view_scrum_board,Success,True
.test_1_selenium_view_scrum_board,Total:135 Passed:135 Failed:0
1627774113548,512,selenium_view_kanban_board,Success,True
.test_1_selenium_view_kanban_board,Total:136 Passed:136 Failed:0
1627774113781,231,selenium_view_dashboard,Success,True
.test_1_selenium_view_dashboard,Total:137 Passed:137 Failed:0
1627774114366,583,selenium_view_issue,Success,True
.test_1_selenium_view_issue,Total:138 Passed:138 Failed:0
1627774114829,461,selenium_project_summary,Success,True
.test_1_selenium_view_project_summary,Total:139 Passed:139 Failed:0
1627774115155,324,selenium_log_out,Success,True
.test_2_selenium_z_log_out,Total:140 Passed:140 Failed:0


=============================== warnings summary ===============================
../../usr/local/lib/python3.8/dist-packages/_pytest/config/__init__.py:1114
  /usr/local/lib/python3.8/dist-packages/_pytest/config/__init__.py:1114: PytestAssertRewriteWarning: Module already imported so cannot be rewritten: apiritif
    self._mark_plugins_for_rewrite(hook)

-- Docs: https://docs.pytest.org/en/stable/warnings.html
======================== 14 passed, 1 warning in 12.06s ========================
============================= test session starts ==============================
platform linux -- Python 3.8.5, pytest-6.2.3, py-1.10.0, pluggy-0.13.1
rootdir: /dc-app-performance-toolkit/app
plugins: apiritif-0.9.6
collected 14 items

selenium_ui/jira_ui.py get driver from global
clear browser cookies
node_id:i-0aee4779e9f1a9e7a
1627774115337,114,selenium_login:open_login_page,Success,True
1627774115818,480,selenium_login:login_and_view_dashboard,Success,True
1627774115818,595,selenium_login,Success,True
.test_0_selenium_a_login,Total:141 Passed:141 Failed:0
1627774116069,240,selenium_browse_projects_list,Success,True
.test_1_selenium_browse_projects_list,Total:142 Passed:142 Failed:0
1627774116789,718,selenium_browse_boards_list,Success,True
.test_1_selenium_browse_boards_list,Total:143 Passed:143 Failed:0
1627774117437,640,selenium_create_issue:open_quick_create,Success,True
1627774118479,599,selenium_create_issue:fill_and_submit_issue_form:submit_issue_form,Success,True
1627774118479,1041,selenium_create_issue:fill_and_submit_issue_form,Success,True
1627774118479,1682,selenium_create_issue,Success,True
.test_1_selenium_create_issue,Total:144 Passed:144 Failed:0
1627774118964,478,selenium_edit_issue:open_edit_issue_form,Success,True
1627774119959,621,selenium_edit_issue:save_edit_issue_form,Success,True
1627774119959,1472,selenium_edit_issue,Success,True
.test_1_selenium_edit_issue,Total:145 Passed:145 Failed:0
1627774120301,340,selenium_save_comment:open_comment_form,Success,True
1627774121099,712,selenium_save_comment:submit_form,Success,True
1627774121099,1139,selenium_save_comment,Success,True
.test_1_selenium_save_comment,Total:146 Passed:146 Failed:0
1627774122190,1089,selenium_search_jql,Success,True
.test_1_selenium_search_jql,Total:147 Passed:147 Failed:0
1627774123386,1194,selenium_view_scrum_board_backlog,Success,True
.test_1_selenium_view_backlog_for_scrum_board,Total:148 Passed:148 Failed:0
1627774124146,758,selenium_view_scrum_board,Success,True
.test_1_selenium_view_scrum_board,Total:149 Passed:149 Failed:0
1627774124893,745,selenium_view_kanban_board,Success,True
.test_1_selenium_view_kanban_board,Total:150 Passed:150 Failed:0
1627774125244,349,selenium_view_dashboard,Success,True
.test_1_selenium_view_dashboard,Total:151 Passed:151 Failed:0
1627774125813,567,selenium_view_issue,Success,True
.test_1_selenium_view_issue,Total:152 Passed:152 Failed:0
1627774126119,304,selenium_project_summary,Success,True
.test_1_selenium_view_project_summary,Total:153 Passed:153 Failed:0
1627774126436,315,selenium_log_out,Success,True
.test_2_selenium_z_log_out,Total:154 Passed:154 Failed:0


=============================== warnings summary ===============================
../../usr/local/lib/python3.8/dist-packages/_pytest/config/__init__.py:1114
  /usr/local/lib/python3.8/dist-packages/_pytest/config/__init__.py:1114: PytestAssertRewriteWarning: Module already imported so cannot be rewritten: apiritif
    self._mark_plugins_for_rewrite(hook)

-- Docs: https://docs.pytest.org/en/stable/warnings.html
======================== 14 passed, 1 warning in 11.25s ========================
============================= test session starts ==============================
platform linux -- Python 3.8.5, pytest-6.2.3, py-1.10.0, pluggy-0.13.1
rootdir: /dc-app-performance-toolkit/app
plugins: apiritif-0.9.6
collected 14 items

selenium_ui/jira_ui.py get driver from global
clear browser cookies
node_id:i-08e9188a074312bb2
1627774126613,117,selenium_login:open_login_page,Success,True
1627774127050,436,selenium_login:login_and_view_dashboard,Success,True
1627774127050,554,selenium_login,Success,True
.test_0_selenium_a_login,Total:155 Passed:155 Failed:0
1627774127303,244,selenium_browse_projects_list,Success,True
.test_1_selenium_browse_projects_list,Total:156 Passed:156 Failed:0
1627774128090,785,selenium_browse_boards_list,Success,True
.test_1_selenium_browse_boards_list,Total:157 Passed:157 Failed:0
1627774128726,628,selenium_create_issue:open_quick_create,Success,True
1627774129773,600,selenium_create_issue:fill_and_submit_issue_form:submit_issue_form,Success,True
1627774129773,1046,selenium_create_issue:fill_and_submit_issue_form,Success,True
1627774129773,1675,selenium_create_issue,Success,True
.test_1_selenium_create_issue,Total:158 Passed:158 Failed:0
1627774130448,667,selenium_edit_issue:open_edit_issue_form,Success,True
1627774131262,552,selenium_edit_issue:save_edit_issue_form,Success,True
1627774131262,1481,selenium_edit_issue,Success,True
.test_1_selenium_edit_issue,Total:159 Passed:159 Failed:0
1627774131596,332,selenium_save_comment:open_comment_form,Success,True
1627774132526,786,selenium_save_comment:submit_form,Success,True
1627774132526,1262,selenium_save_comment,Success,True
.test_1_selenium_save_comment,Total:160 Passed:160 Failed:0
1627774133585,1057,selenium_search_jql,Success,True
.test_1_selenium_search_jql,Total:161 Passed:161 Failed:0
1627774134348,762,selenium_view_scrum_board_backlog,Success,True
.test_1_selenium_view_backlog_for_scrum_board,Total:162 Passed:162 Failed:0
1627774135115,765,selenium_view_scrum_board,Success,True
.test_1_selenium_view_scrum_board,Total:163 Passed:163 Failed:0
1627774135826,709,selenium_view_kanban_board,Success,True
.test_1_selenium_view_kanban_board,Total:164 Passed:164 Failed:0
1627774136031,203,selenium_view_dashboard,Success,True
.test_1_selenium_view_dashboard,Total:165 Passed:165 Failed:0
1627774136596,563,selenium_view_issue,Success,True
.test_1_selenium_view_issue,Total:166 Passed:166 Failed:0
1627774136994,397,selenium_project_summary,Success,True
.test_1_selenium_view_project_summary,Total:167 Passed:167 Failed:0
1627774137387,391,selenium_log_out,Success,True
.test_2_selenium_z_log_out,Total:168 Passed:168 Failed:0


=============================== warnings summary ===============================
../../usr/local/lib/python3.8/dist-packages/_pytest/config/__init__.py:1114
  /usr/local/lib/python3.8/dist-packages/_pytest/config/__init__.py:1114: PytestAssertRewriteWarning: Module already imported so cannot be rewritten: apiritif
    self._mark_plugins_for_rewrite(hook)

-- Docs: https://docs.pytest.org/en/stable/warnings.html
======================== 14 passed, 1 warning in 10.92s ========================
============================= test session starts ==============================
platform linux -- Python 3.8.5, pytest-6.2.3, py-1.10.0, pluggy-0.13.1
rootdir: /dc-app-performance-toolkit/app
plugins: apiritif-0.9.6
collected 14 items

selenium_ui/jira_ui.py get driver from global
clear browser cookies
node_id:i-0aee4779e9f1a9e7a
1627774137568,120,selenium_login:open_login_page,Success,True
1627774137987,418,selenium_login:login_and_view_dashboard,Success,True
1627774137987,539,selenium_login,Success,True
.test_0_selenium_a_login,Total:169 Passed:169 Failed:0
1627774138268,272,selenium_browse_projects_list,Success,True
.test_1_selenium_browse_projects_list,Total:170 Passed:170 Failed:0
1627774139011,741,selenium_browse_boards_list,Success,True
.test_1_selenium_browse_boards_list,Total:171 Passed:171 Failed:0
1627774139688,668,selenium_create_issue:open_quick_create,Success,True
1627774140716,601,selenium_create_issue:fill_and_submit_issue_form:submit_issue_form,Success,True
1627774140717,1028,selenium_create_issue:fill_and_submit_issue_form,Success,True
1627774140717,1697,selenium_create_issue,Success,True
.test_1_selenium_create_issue,Total:172 Passed:172 Failed:0
1627774141175,450,selenium_edit_issue:open_edit_issue_form,Success,True
1627774142092,532,selenium_edit_issue:save_edit_issue_form,Success,True
1627774142092,1368,selenium_edit_issue,Success,True
.test_1_selenium_edit_issue,Total:173 Passed:173 Failed:0
1627774142379,285,selenium_save_comment:open_comment_form,Success,True
1627774143246,695,selenium_save_comment:submit_form,Success,True
1627774143246,1152,selenium_save_comment,Success,True
.test_1_selenium_save_comment,Total:174 Passed:174 Failed:0
1627774144324,1076,selenium_search_jql,Success,True
.test_1_selenium_search_jql,Total:175 Passed:175 Failed:0
1627774145489,1163,selenium_view_scrum_board_backlog,Success,True
.test_1_selenium_view_backlog_for_scrum_board,Total:176 Passed:176 Failed:0
1627774146245,755,selenium_view_scrum_board,Success,True
.test_1_selenium_view_scrum_board,Total:177 Passed:177 Failed:0
1627774146966,720,selenium_view_kanban_board,Success,True
.test_1_selenium_view_kanban_board,Total:178 Passed:178 Failed:0
1627774147183,214,selenium_view_dashboard,Success,True
.test_1_selenium_view_dashboard,Total:179 Passed:179 Failed:0
1627774147701,516,selenium_view_issue,Success,True
.test_1_selenium_view_issue,Total:180 Passed:180 Failed:0
1627774148129,426,selenium_project_summary,Success,True
.test_1_selenium_view_project_summary,Total:181 Passed:181 Failed:0
1627774148405,274,selenium_log_out,Success,True
.test_2_selenium_z_log_out,Total:182 Passed:182 Failed:0


=============================== warnings summary ===============================
../../usr/local/lib/python3.8/dist-packages/_pytest/config/__init__.py:1114
  /usr/local/lib/python3.8/dist-packages/_pytest/config/__init__.py:1114: PytestAssertRewriteWarning: Module already imported so cannot be rewritten: apiritif
    self._mark_plugins_for_rewrite(hook)

-- Docs: https://docs.pytest.org/en/stable/warnings.html
======================== 14 passed, 1 warning in 10.98s ========================
============================= test session starts ==============================
platform linux -- Python 3.8.5, pytest-6.2.3, py-1.10.0, pluggy-0.13.1
rootdir: /dc-app-performance-toolkit/app
plugins: apiritif-0.9.6
collected 14 items

selenium_ui/jira_ui.py get driver from global
clear browser cookies
node_id:i-08e9188a074312bb2
1627774148575,107,selenium_login:open_login_page,Success,True
1627774149073,497,selenium_login:login_and_view_dashboard,Success,True
1627774149073,604,selenium_login,Success,True
.test_0_selenium_a_login,Total:183 Passed:183 Failed:0
1627774149313,230,selenium_browse_projects_list,Success,True
.test_1_selenium_browse_projects_list,Total:184 Passed:184 Failed:0
1627774150024,710,selenium_browse_boards_list,Success,True
.test_1_selenium_browse_boards_list,Total:185 Passed:185 Failed:0
1627774150729,696,selenium_create_issue:open_quick_create,Success,True
1627774151795,596,selenium_create_issue:fill_and_submit_issue_form:submit_issue_form,Success,True
1627774151795,1065,selenium_create_issue:fill_and_submit_issue_form,Success,True
1627774151795,1763,selenium_create_issue,Success,True
.test_1_selenium_create_issue,Total:186 Passed:186 Failed:0
1627774152457,654,selenium_edit_issue:open_edit_issue_form,Success,True
1627774153173,472,selenium_edit_issue:save_edit_issue_form,Success,True
1627774153173,1370,selenium_edit_issue,Success,True
.test_1_selenium_edit_issue,Total:187 Passed:187 Failed:0
1627774153496,321,selenium_save_comment:open_comment_form,Success,True
1627774154332,700,selenium_save_comment:submit_form,Success,True
1627774154332,1157,selenium_save_comment,Success,True
.test_1_selenium_save_comment,Total:188 Passed:188 Failed:0
1627774155424,1090,selenium_search_jql,Success,True
.test_1_selenium_search_jql,Total:189 Passed:189 Failed:0
1627774156187,761,selenium_view_scrum_board_backlog,Success,True
.test_1_selenium_view_backlog_for_scrum_board,Total:190 Passed:190 Failed:0
1627774156966,777,selenium_view_scrum_board,Success,True
.test_1_selenium_view_scrum_board,Total:191 Passed:191 Failed:0
1627774157874,906,selenium_view_kanban_board,Success,True
.test_1_selenium_view_kanban_board,Total:192 Passed:192 Failed:0
1627774158203,327,selenium_view_dashboard,Success,True
.test_1_selenium_view_dashboard,Total:193 Passed:193 Failed:0
1627774158764,559,selenium_view_issue,Success,True
.test_1_selenium_view_issue,Total:194 Passed:194 Failed:0
1627774159153,387,selenium_project_summary,Success,True
.test_1_selenium_view_project_summary,Total:195 Passed:195 Failed:0
1627774159479,324,selenium_log_out,Success,True
.test_2_selenium_z_log_out,Total:196 Passed:196 Failed:0


=============================== warnings summary ===============================
../../usr/local/lib/python3.8/dist-packages/_pytest/config/__init__.py:1114
  /usr/local/lib/python3.8/dist-packages/_pytest/config/__init__.py:1114: PytestAssertRewriteWarning: Module already imported so cannot be rewritten: apiritif
    self._mark_plugins_for_rewrite(hook)

-- Docs: https://docs.pytest.org/en/stable/warnings.html
======================== 14 passed, 1 warning in 11.04s ========================
============================= test session starts ==============================
platform linux -- Python 3.8.5, pytest-6.2.3, py-1.10.0, pluggy-0.13.1
rootdir: /dc-app-performance-toolkit/app
plugins: apiritif-0.9.6
collected 14 items

selenium_ui/jira_ui.py get driver from global
clear browser cookies
node_id:i-0386b665a0a8a3ff6
1627774159667,122,selenium_login:open_login_page,Success,True
1627774160743,1075,selenium_login:login_and_view_dashboard,Success,True
1627774160743,1198,selenium_login,Success,True
.test_0_selenium_a_login,Total:197 Passed:197 Failed:0
1627774160985,224,selenium_browse_projects_list,Success,True
.test_1_selenium_browse_projects_list,Total:198 Passed:198 Failed:0
1627774161219,232,selenium_browse_boards_list,Success,True
.test_1_selenium_browse_boards_list,Total:199 Passed:199 Failed:0
1627774161858,632,selenium_create_issue:open_quick_create,Success,True
1627774162924,601,selenium_create_issue:fill_and_submit_issue_form:submit_issue_form,Success,True
1627774162924,1065,selenium_create_issue:fill_and_submit_issue_form,Success,True
1627774162924,1698,selenium_create_issue,Success,True
.test_1_selenium_create_issue,Total:200 Passed:200 Failed:0
1627774163549,617,selenium_edit_issue:open_edit_issue_form,Success,True
1627774164366,564,selenium_edit_issue:save_edit_issue_form,Success,True
1627774164366,1434,selenium_edit_issue,Success,True
.test_1_selenium_edit_issue,Total:201 Passed:201 Failed:0
1627774164672,304,selenium_save_comment:open_comment_form,Success,True
1627774165490,661,selenium_save_comment:submit_form,Success,True
1627774165490,1121,selenium_save_comment,Success,True
.test_1_selenium_save_comment,Total:202 Passed:202 Failed:0
1627774166537,1046,selenium_search_jql,Success,True
.test_1_selenium_search_jql,Total:203 Passed:203 Failed:0
1627774167721,1182,selenium_view_scrum_board_backlog,Success,True
.test_1_selenium_view_backlog_for_scrum_board,Total:204 Passed:204 Failed:0
1627774168473,750,selenium_view_scrum_board,Success,True
.test_1_selenium_view_scrum_board,Total:205 Passed:205 Failed:0
1627774169053,578,selenium_view_kanban_board,Success,True
.test_1_selenium_view_kanban_board,Total:206 Passed:206 Failed:0
1627774169567,512,selenium_view_dashboard,Success,True
.test_1_selenium_view_dashboard,Total:207 Passed:207 Failed:0
1627774170118,550,selenium_view_issue,Success,True
.test_1_selenium_view_issue,Total:208 Passed:208 Failed:0
1627774170770,650,selenium_project_summary,Success,True
.test_1_selenium_view_project_summary,Total:209 Passed:209 Failed:0
1627774171092,320,selenium_log_out,Success,True
.test_2_selenium_z_log_out,Total:210 Passed:210 Failed:0


=============================== warnings summary ===============================
../../usr/local/lib/python3.8/dist-packages/_pytest/config/__init__.py:1114
  /usr/local/lib/python3.8/dist-packages/_pytest/config/__init__.py:1114: PytestAssertRewriteWarning: Module already imported so cannot be rewritten: apiritif
    self._mark_plugins_for_rewrite(hook)

-- Docs: https://docs.pytest.org/en/stable/warnings.html
======================== 14 passed, 1 warning in 11.58s ========================
============================= test session starts ==============================
platform linux -- Python 3.8.5, pytest-6.2.3, py-1.10.0, pluggy-0.13.1
rootdir: /dc-app-performance-toolkit/app
plugins: apiritif-0.9.6
collected 14 items

selenium_ui/jira_ui.py get driver from global
clear browser cookies
node_id:i-0aee4779e9f1a9e7a
1627774171264,111,selenium_login:open_login_page,Success,True
1627774171707,442,selenium_login:login_and_view_dashboard,Success,True
1627774171707,554,selenium_login,Success,True
.test_0_selenium_a_login,Total:211 Passed:211 Failed:0
1627774171945,228,selenium_browse_projects_list,Success,True
.test_1_selenium_browse_projects_list,Total:212 Passed:212 Failed:0
1627774172186,239,selenium_browse_boards_list,Success,True
.test_1_selenium_browse_boards_list,Total:213 Passed:213 Failed:0
1627774172859,664,selenium_create_issue:open_quick_create,Success,True
1627774173933,596,selenium_create_issue:fill_and_submit_issue_form:submit_issue_form,Success,True
1627774173933,1074,selenium_create_issue:fill_and_submit_issue_form,Success,True
1627774173934,1739,selenium_create_issue,Success,True
.test_1_selenium_create_issue,Total:214 Passed:214 Failed:0
1627774174408,467,selenium_edit_issue:open_edit_issue_form,Success,True
1627774175366,577,selenium_edit_issue:save_edit_issue_form,Success,True
1627774175366,1425,selenium_edit_issue,Success,True
.test_1_selenium_edit_issue,Total:215 Passed:215 Failed:0
1627774175627,260,selenium_save_comment:open_comment_form,Success,True
1627774176405,641,selenium_save_comment:submit_form,Success,True
1627774176405,1037,selenium_save_comment,Success,True
.test_1_selenium_save_comment,Total:216 Passed:216 Failed:0
1627774177499,1092,selenium_search_jql,Success,True
.test_1_selenium_search_jql,Total:217 Passed:217 Failed:0
1627774178687,1187,selenium_view_scrum_board_backlog,Success,True
.test_1_selenium_view_backlog_for_scrum_board,Total:218 Passed:218 Failed:0
1627774179442,753,selenium_view_scrum_board,Success,True
.test_1_selenium_view_scrum_board,Total:219 Passed:219 Failed:0
1627774180159,716,selenium_view_kanban_board,Success,True
.test_1_selenium_view_kanban_board,Total:220 Passed:220 Failed:0
1627774180352,191,selenium_view_dashboard,Success,True
.test_1_selenium_view_dashboard,Total:221 Passed:221 Failed:0
1627774180836,482,selenium_view_issue,Success,True
.test_1_selenium_view_issue,Total:222 Passed:222 Failed:0
1627774181211,374,selenium_project_summary,Success,True
.test_1_selenium_view_project_summary,Total:223 Passed:223 Failed:0
1627774181504,290,selenium_log_out,Success,True
.test_2_selenium_z_log_out,Total:224 Passed:224 Failed:0


=============================== warnings summary ===============================
../../usr/local/lib/python3.8/dist-packages/_pytest/config/__init__.py:1114
  /usr/local/lib/python3.8/dist-packages/_pytest/config/__init__.py:1114: PytestAssertRewriteWarning: Module already imported so cannot be rewritten: apiritif
    self._mark_plugins_for_rewrite(hook)

-- Docs: https://docs.pytest.org/en/stable/warnings.html
======================== 14 passed, 1 warning in 10.38s ========================
============================= test session starts ==============================
platform linux -- Python 3.8.5, pytest-6.2.3, py-1.10.0, pluggy-0.13.1
rootdir: /dc-app-performance-toolkit/app
plugins: apiritif-0.9.6
collected 14 items

selenium_ui/jira_ui.py get driver from global
clear browser cookies
node_id:i-0c2b63eb0cc5c4dac
1627774181671,113,selenium_login:open_login_page,Success,True
1627774182153,482,selenium_login:login_and_view_dashboard,Success,True
1627774182154,596,selenium_login,Success,True
.test_0_selenium_a_login,Total:225 Passed:225 Failed:0
1627774182403,239,selenium_browse_projects_list,Success,True
.test_1_selenium_browse_projects_list,Total:226 Passed:226 Failed:0
1627774182639,233,selenium_browse_boards_list,Success,True
.test_1_selenium_browse_boards_list,Total:227 Passed:227 Failed:0
1627774183284,638,selenium_create_issue:open_quick_create,Success,True
1627774184292,591,selenium_create_issue:fill_and_submit_issue_form:submit_issue_form,Success,True
1627774184293,1008,selenium_create_issue:fill_and_submit_issue_form,Success,True
1627774184293,1646,selenium_create_issue,Success,True
.test_1_selenium_create_issue,Total:228 Passed:228 Failed:0
1627774184763,462,selenium_edit_issue:open_edit_issue_form,Success,True
1627774185717,589,selenium_edit_issue:save_edit_issue_form,Success,True
1627774185717,1416,selenium_edit_issue,Success,True
.test_1_selenium_edit_issue,Total:229 Passed:229 Failed:0
1627774185978,260,selenium_save_comment:open_comment_form,Success,True
1627774186835,696,selenium_save_comment:submit_form,Success,True
1627774186835,1116,selenium_save_comment,Success,True
.test_1_selenium_save_comment,Total:230 Passed:230 Failed:0
1627774187963,1127,selenium_search_jql,Success,True
.test_1_selenium_search_jql,Total:231 Passed:231 Failed:0
1627774188727,763,selenium_view_scrum_board_backlog,Success,True
.test_1_selenium_view_backlog_for_scrum_board,Total:232 Passed:232 Failed:0
1627774189486,757,selenium_view_scrum_board,Success,True
.test_1_selenium_view_scrum_board,Total:233 Passed:233 Failed:0
1627774190190,702,selenium_view_kanban_board,Success,True
.test_1_selenium_view_kanban_board,Total:234 Passed:234 Failed:0
1627774190562,371,selenium_view_dashboard,Success,True
.test_1_selenium_view_dashboard,Total:235 Passed:235 Failed:0
1627774191188,624,selenium_view_issue,Success,True
.test_1_selenium_view_issue,Total:236 Passed:236 Failed:0
1627774191473,282,selenium_project_summary,Success,True
.test_1_selenium_view_project_summary,Total:237 Passed:237 Failed:0
1627774191807,333,selenium_log_out,Success,True
.test_2_selenium_z_log_out,Total:238 Passed:238 Failed:0


=============================== warnings summary ===============================
../../usr/local/lib/python3.8/dist-packages/_pytest/config/__init__.py:1114
  /usr/local/lib/python3.8/dist-packages/_pytest/config/__init__.py:1114: PytestAssertRewriteWarning: Module already imported so cannot be rewritten: apiritif
    self._mark_plugins_for_rewrite(hook)

-- Docs: https://docs.pytest.org/en/stable/warnings.html
======================== 14 passed, 1 warning in 10.27s ========================
============================= test session starts ==============================
platform linux -- Python 3.8.5, pytest-6.2.3, py-1.10.0, pluggy-0.13.1
rootdir: /dc-app-performance-toolkit/app
plugins: apiritif-0.9.6
collected 14 items

selenium_ui/jira_ui.py get driver from global
clear browser cookies
node_id:i-08e9188a074312bb2
1627774191979,111,selenium_login:open_login_page,Success,True
1627774192454,475,selenium_login:login_and_view_dashboard,Success,True
1627774192455,587,selenium_login,Success,True
.test_0_selenium_a_login,Total:239 Passed:239 Failed:0
1627774192709,244,selenium_browse_projects_list,Success,True
.test_1_selenium_browse_projects_list,Total:240 Passed:240 Failed:0
1627774192943,233,selenium_browse_boards_list,Success,True
.test_1_selenium_browse_boards_list,Total:241 Passed:241 Failed:0
1627774193618,667,selenium_create_issue:open_quick_create,Success,True
1627774194655,601,selenium_create_issue:fill_and_submit_issue_form:submit_issue_form,Success,True
1627774194655,1037,selenium_create_issue:fill_and_submit_issue_form,Success,True
1627774194655,1704,selenium_create_issue,Success,True
.test_1_selenium_create_issue,Total:242 Passed:242 Failed:0
1627774195267,603,selenium_edit_issue:open_edit_issue_form,Success,True
1627774196179,683,selenium_edit_issue:save_edit_issue_form,Success,True
1627774196179,1515,selenium_edit_issue,Success,True
.test_1_selenium_edit_issue,Total:243 Passed:243 Failed:0
1627774196402,221,selenium_save_comment:open_comment_form,Success,True
1627774197250,717,selenium_save_comment:submit_form,Success,True
1627774197250,1070,selenium_save_comment,Success,True
.test_1_selenium_save_comment,Total:244 Passed:244 Failed:0
1627774198362,1109,selenium_search_jql,Success,True
.test_1_selenium_search_jql,Total:245 Passed:245 Failed:0
1627774199523,1160,selenium_view_scrum_board_backlog,Success,True
.test_1_selenium_view_backlog_for_scrum_board,Total:246 Passed:246 Failed:0
1627774200277,752,selenium_view_scrum_board,Success,True
.test_1_selenium_view_scrum_board,Total:247 Passed:247 Failed:0
1627774200999,720,selenium_view_kanban_board,Success,True
.test_1_selenium_view_kanban_board,Total:248 Passed:248 Failed:0
1627774201365,364,selenium_view_dashboard,Success,True
.test_1_selenium_view_dashboard,Total:249 Passed:249 Failed:0
1627774201963,596,selenium_view_issue,Success,True
.test_1_selenium_view_issue,Total:250 Passed:250 Failed:0
1627774202301,336,selenium_project_summary,Success,True
.test_1_selenium_view_project_summary,Total:251 Passed:251 Failed:0
1627774202614,311,selenium_log_out,Success,True
.test_2_selenium_z_log_out,Total:252 Passed:252 Failed:0


=============================== warnings summary ===============================
../../usr/local/lib/python3.8/dist-packages/_pytest/config/__init__.py:1114
  /usr/local/lib/python3.8/dist-packages/_pytest/config/__init__.py:1114: PytestAssertRewriteWarning: Module already imported so cannot be rewritten: apiritif
    self._mark_plugins_for_rewrite(hook)

-- Docs: https://docs.pytest.org/en/stable/warnings.html
======================== 14 passed, 1 warning in 10.77s ========================
============================= test session starts ==============================
platform linux -- Python 3.8.5, pytest-6.2.3, py-1.10.0, pluggy-0.13.1
rootdir: /dc-app-performance-toolkit/app
plugins: apiritif-0.9.6
collected 14 items

selenium_ui/jira_ui.py get driver from global
clear browser cookies
node_id:i-0aee4779e9f1a9e7a
1627774202787,113,selenium_login:open_login_page,Success,True
1627774203235,447,selenium_login:login_and_view_dashboard,Success,True
1627774203235,561,selenium_login,Success,True
.test_0_selenium_a_login,Total:253 Passed:253 Failed:0
1627774203482,238,selenium_browse_projects_list,Success,True
.test_1_selenium_browse_projects_list,Total:254 Passed:254 Failed:0
1627774204221,736,selenium_browse_boards_list,Success,True
.test_1_selenium_browse_boards_list,Total:255 Passed:255 Failed:0
1627774204881,652,selenium_create_issue:open_quick_create,Success,True
1627774205941,597,selenium_create_issue:fill_and_submit_issue_form:submit_issue_form,Success,True
1627774205941,1059,selenium_create_issue:fill_and_submit_issue_form,Success,True
1627774205941,1712,selenium_create_issue,Success,True
.test_1_selenium_create_issue,Total:256 Passed:256 Failed:0
1627774206507,558,selenium_edit_issue:open_edit_issue_form,Success,True
1627774207389,589,selenium_edit_issue:save_edit_issue_form,Success,True
1627774207389,1441,selenium_edit_issue,Success,True
.test_1_selenium_edit_issue,Total:257 Passed:257 Failed:0
1627774207646,255,selenium_save_comment:open_comment_form,Success,True
1627774208484,706,selenium_save_comment:submit_form,Success,True
1627774208485,1093,selenium_save_comment,Success,True
.test_1_selenium_save_comment,Total:258 Passed:258 Failed:0
1627774209584,1097,selenium_search_jql,Success,True
.test_1_selenium_search_jql,Total:259 Passed:259 Failed:0
1627774210350,765,selenium_view_scrum_board_backlog,Success,True
.test_1_selenium_view_backlog_for_scrum_board,Total:260 Passed:260 Failed:0
1627774211183,832,selenium_view_scrum_board,Success,True
.test_1_selenium_view_scrum_board,Total:261 Passed:261 Failed:0
1627774211993,807,selenium_view_kanban_board,Success,True
.test_1_selenium_view_kanban_board,Total:262 Passed:262 Failed:0
1627774212388,393,selenium_view_dashboard,Success,True
.test_1_selenium_view_dashboard,Total:263 Passed:263 Failed:0
1627774212878,488,selenium_view_issue,Success,True
.test_1_selenium_view_issue,Total:264 Passed:264 Failed:0
1627774213235,356,selenium_project_summary,Success,True
.test_1_selenium_view_project_summary,Total:265 Passed:265 Failed:0
1627774213541,304,selenium_log_out,Success,True
.test_2_selenium_z_log_out,Total:266 Passed:266 Failed:0


=============================== warnings summary ===============================
../../usr/local/lib/python3.8/dist-packages/_pytest/config/__init__.py:1114
  /usr/local/lib/python3.8/dist-packages/_pytest/config/__init__.py:1114: PytestAssertRewriteWarning: Module already imported so cannot be rewritten: apiritif
    self._mark_plugins_for_rewrite(hook)

-- Docs: https://docs.pytest.org/en/stable/warnings.html
======================== 14 passed, 1 warning in 10.89s ========================
============================= test session starts ==============================
platform linux -- Python 3.8.5, pytest-6.2.3, py-1.10.0, pluggy-0.13.1
rootdir: /dc-app-performance-toolkit/app
plugins: apiritif-0.9.6
collected 14 items

selenium_ui/jira_ui.py get driver from global
clear browser cookies
node_id:i-0386b665a0a8a3ff6
1627774213717,112,selenium_login:open_login_page,Success,True
1627774214145,428,selenium_login:login_and_view_dashboard,Success,True
1627774214146,541,selenium_login,Success,True
.test_0_selenium_a_login,Total:267 Passed:267 Failed:0
1627774214408,253,selenium_browse_projects_list,Success,True
.test_1_selenium_browse_projects_list,Total:268 Passed:268 Failed:0
1627774214671,261,selenium_browse_boards_list,Success,True
.test_1_selenium_browse_boards_list,Total:269 Passed:269 Failed:0
1627774215321,641,selenium_create_issue:open_quick_create,Success,True
1627774216415,598,selenium_create_issue:fill_and_submit_issue_form:submit_issue_form,Success,True
1627774216415,1094,selenium_create_issue:fill_and_submit_issue_form,Success,True
1627774216415,1736,selenium_create_issue,Success,True
.test_1_selenium_create_issue,Total:270 Passed:270 Failed:0
1627774216876,451,selenium_edit_issue:open_edit_issue_form,Success,True
1627774217710,462,selenium_edit_issue:save_edit_issue_form,Success,True
1627774217710,1285,selenium_edit_issue,Success,True
.test_1_selenium_edit_issue,Total:271 Passed:271 Failed:0
1627774217988,276,selenium_save_comment:open_comment_form,Success,True
1627774218832,679,selenium_save_comment:submit_form,Success,True
1627774218832,1120,selenium_save_comment,Success,True
.test_1_selenium_save_comment,Total:272 Passed:272 Failed:0
1627774219872,1038,selenium_search_jql,Success,True
.test_1_selenium_search_jql,Total:273 Passed:273 Failed:0
1627774220629,755,selenium_view_scrum_board_backlog,Success,True
.test_1_selenium_view_backlog_for_scrum_board,Total:274 Passed:274 Failed:0
1627774221387,756,selenium_view_scrum_board,Success,True
.test_1_selenium_view_scrum_board,Total:275 Passed:275 Failed:0
1627774222096,707,selenium_view_kanban_board,Success,True
.test_1_selenium_view_kanban_board,Total:276 Passed:276 Failed:0
1627774222299,202,selenium_view_dashboard,Success,True
.test_1_selenium_view_dashboard,Total:277 Passed:277 Failed:0
1627774222987,686,selenium_view_issue,Success,True
.test_1_selenium_view_issue,Total:278 Passed:278 Failed:0
1627774223387,398,selenium_project_summary,Success,True
.test_1_selenium_view_project_summary,Total:279 Passed:279 Failed:0
1627774223741,352,selenium_log_out,Success,True
.test_2_selenium_z_log_out,Total:280 Passed:280 Failed:0


=============================== warnings summary ===============================
../../usr/local/lib/python3.8/dist-packages/_pytest/config/__init__.py:1114
  /usr/local/lib/python3.8/dist-packages/_pytest/config/__init__.py:1114: PytestAssertRewriteWarning: Module already imported so cannot be rewritten: apiritif
    self._mark_plugins_for_rewrite(hook)

-- Docs: https://docs.pytest.org/en/stable/warnings.html
======================== 14 passed, 1 warning in 10.17s ========================
============================= test session starts ==============================
platform linux -- Python 3.8.5, pytest-6.2.3, py-1.10.0, pluggy-0.13.1
rootdir: /dc-app-performance-toolkit/app
plugins: apiritif-0.9.6
collected 14 items

selenium_ui/jira_ui.py get driver from global
clear browser cookies
node_id:i-0aee4779e9f1a9e7a
1627774223918,114,selenium_login:open_login_page,Success,True
1627774224399,481,selenium_login:login_and_view_dashboard,Success,True
1627774224399,596,selenium_login,Success,True
.test_0_selenium_a_login,Total:281 Passed:281 Failed:0
1627774224637,228,selenium_browse_projects_list,Success,True
.test_1_selenium_browse_projects_list,Total:282 Passed:282 Failed:0
1627774224867,228,selenium_browse_boards_list,Success,True
.test_1_selenium_browse_boards_list,Total:283 Passed:283 Failed:0
1627774225550,675,selenium_create_issue:open_quick_create,Success,True
1627774226648,598,selenium_create_issue:fill_and_submit_issue_form:submit_issue_form,Success,True
1627774226648,1098,selenium_create_issue:fill_and_submit_issue_form,Success,True
1627774226649,1774,selenium_create_issue,Success,True
.test_1_selenium_create_issue,Total:284 Passed:284 Failed:0
1627774227268,610,selenium_edit_issue:open_edit_issue_form,Success,True
1627774228065,567,selenium_edit_issue:save_edit_issue_form,Success,True
1627774228065,1408,selenium_edit_issue,Success,True
.test_1_selenium_edit_issue,Total:285 Passed:285 Failed:0
1627774228331,264,selenium_save_comment:open_comment_form,Success,True
1627774229152,685,selenium_save_comment:submit_form,Success,True
1627774229152,1085,selenium_save_comment,Success,True
.test_1_selenium_save_comment,Total:286 Passed:286 Failed:0
1627774230249,1095,selenium_search_jql,Success,True
.test_1_selenium_search_jql,Total:287 Passed:287 Failed:0
1627774231502,1251,selenium_view_scrum_board_backlog,Success,True
.test_1_selenium_view_backlog_for_scrum_board,Total:288 Passed:288 Failed:0
1627774232257,753,selenium_view_scrum_board,Success,True
.test_1_selenium_view_scrum_board,Total:289 Passed:289 Failed:0
1627774233199,940,selenium_view_kanban_board,Success,True
.test_1_selenium_view_kanban_board,Total:290 Passed:290 Failed:0
1627774233755,554,selenium_view_dashboard,Success,True
.test_1_selenium_view_dashboard,Total:291 Passed:291 Failed:0
1627774234223,467,selenium_view_issue,Success,True
.test_1_selenium_view_issue,Total:292 Passed:292 Failed:0
1627774234629,404,selenium_project_summary,Success,True
.test_1_selenium_view_project_summary,Total:293 Passed:293 Failed:0
1627774234978,347,selenium_log_out,Success,True
.test_2_selenium_z_log_out,Total:294 Passed:294 Failed:0


=============================== warnings summary ===============================
../../usr/local/lib/python3.8/dist-packages/_pytest/config/__init__.py:1114
  /usr/local/lib/python3.8/dist-packages/_pytest/config/__init__.py:1114: PytestAssertRewriteWarning: Module already imported so cannot be rewritten: apiritif
    self._mark_plugins_for_rewrite(hook)

-- Docs: https://docs.pytest.org/en/stable/warnings.html
======================== 14 passed, 1 warning in 11.20s ========================
============================= test session starts ==============================
platform linux -- Python 3.8.5, pytest-6.2.3, py-1.10.0, pluggy-0.13.1
rootdir: /dc-app-performance-toolkit/app
plugins: apiritif-0.9.6
collected 14 items

selenium_ui/jira_ui.py get driver from global
clear browser cookies
node_id:i-0c2b63eb0cc5c4dac
1627774235156,113,selenium_login:open_login_page,Success,True
1627774235586,429,selenium_login:login_and_view_dashboard,Success,True
1627774235586,543,selenium_login,Success,True
.test_0_selenium_a_login,Total:295 Passed:295 Failed:0
1627774235834,238,selenium_browse_projects_list,Success,True
.test_1_selenium_browse_projects_list,Total:296 Passed:296 Failed:0
1627774236062,226,selenium_browse_boards_list,Success,True
.test_1_selenium_browse_boards_list,Total:297 Passed:297 Failed:0
1627774236711,641,selenium_create_issue:open_quick_create,Success,True
1627774237761,594,selenium_create_issue:fill_and_submit_issue_form:submit_issue_form,Success,True
1627774237761,1050,selenium_create_issue:fill_and_submit_issue_form,Success,True
1627774237761,1692,selenium_create_issue,Success,True
.test_1_selenium_create_issue,Total:298 Passed:298 Failed:0
1627774238261,492,selenium_edit_issue:open_edit_issue_form,Success,True
1627774239128,500,selenium_edit_issue:save_edit_issue_form,Success,True
1627774239128,1359,selenium_edit_issue,Success,True
.test_1_selenium_edit_issue,Total:299 Passed:299 Failed:0
1627774239490,360,selenium_save_comment:open_comment_form,Success,True
1627774240256,676,selenium_save_comment:submit_form,Success,True
1627774240256,1127,selenium_save_comment,Success,True
.test_1_selenium_save_comment,Total:300 Passed:300 Failed:0
1627774241324,1066,selenium_search_jql,Success,True
.test_1_selenium_search_jql,Total:301 Passed:301 Failed:0
1627774242081,754,selenium_view_scrum_board_backlog,Success,True
.test_1_selenium_view_backlog_for_scrum_board,Total:302 Passed:302 Failed:0
1627774242822,740,selenium_view_scrum_board,Success,True
.test_1_selenium_view_scrum_board,Total:303 Passed:303 Failed:0
1627774243660,835,selenium_view_kanban_board,Success,True
.test_1_selenium_view_kanban_board,Total:304 Passed:304 Failed:0
1627774244032,370,selenium_view_dashboard,Success,True
.test_1_selenium_view_dashboard,Total:305 Passed:305 Failed:0
1627774244512,478,selenium_view_issue,Success,True
.test_1_selenium_view_issue,Total:306 Passed:306 Failed:0
1627774244789,274,selenium_project_summary,Success,True
.test_1_selenium_view_project_summary,Total:307 Passed:307 Failed:0
1627774245125,334,selenium_log_out,Success,True
.test_2_selenium_z_log_out,Total:308 Passed:308 Failed:0


=============================== warnings summary ===============================
../../usr/local/lib/python3.8/dist-packages/_pytest/config/__init__.py:1114
  /usr/local/lib/python3.8/dist-packages/_pytest/config/__init__.py:1114: PytestAssertRewriteWarning: Module already imported so cannot be rewritten: apiritif
    self._mark_plugins_for_rewrite(hook)

-- Docs: https://docs.pytest.org/en/stable/warnings.html
======================== 14 passed, 1 warning in 10.11s ========================
============================= test session starts ==============================
platform linux -- Python 3.8.5, pytest-6.2.3, py-1.10.0, pluggy-0.13.1
rootdir: /dc-app-performance-toolkit/app
plugins: apiritif-0.9.6
collected 14 items

selenium_ui/jira_ui.py get driver from global
clear browser cookies
node_id:i-0aee4779e9f1a9e7a
1627774245304,114,selenium_login:open_login_page,Success,True
1627774245745,440,selenium_login:login_and_view_dashboard,Success,True
1627774245745,555,selenium_login,Success,True
.test_0_selenium_a_login,Total:309 Passed:309 Failed:0
1627774245997,242,selenium_browse_projects_list,Success,True
.test_1_selenium_browse_projects_list,Total:310 Passed:310 Failed:0
1627774246741,742,selenium_browse_boards_list,Success,True
.test_1_selenium_browse_boards_list,Total:311 Passed:311 Failed:0
1627774247386,636,selenium_create_issue:open_quick_create,Success,True
1627774248388,591,selenium_create_issue:fill_and_submit_issue_form:submit_issue_form,Success,True
1627774248388,1002,selenium_create_issue:fill_and_submit_issue_form,Success,True
1627774248389,1639,selenium_create_issue,Success,True
.test_1_selenium_create_issue,Total:312 Passed:312 Failed:0
1627774248851,454,selenium_edit_issue:open_edit_issue_form,Success,True
1627774249709,455,selenium_edit_issue:save_edit_issue_form,Success,True
1627774249709,1312,selenium_edit_issue,Success,True
.test_1_selenium_edit_issue,Total:313 Passed:313 Failed:0
1627774250006,295,selenium_save_comment:open_comment_form,Success,True
1627774250899,722,selenium_save_comment:submit_form,Success,True
1627774250899,1188,selenium_save_comment,Success,True
.test_1_selenium_save_comment,Total:314 Passed:314 Failed:0
1627774251951,1051,selenium_search_jql,Success,True
.test_1_selenium_search_jql,Total:315 Passed:315 Failed:0
1627774252720,767,selenium_view_scrum_board_backlog,Success,True
.test_1_selenium_view_backlog_for_scrum_board,Total:316 Passed:316 Failed:0
1627774253484,763,selenium_view_scrum_board,Success,True
.test_1_selenium_view_scrum_board,Total:317 Passed:317 Failed:0
1627774254391,905,selenium_view_kanban_board,Success,True
.test_1_selenium_view_kanban_board,Total:318 Passed:318 Failed:0
1627774254994,601,selenium_view_dashboard,Success,True
.test_1_selenium_view_dashboard,Total:319 Passed:319 Failed:0
1627774255509,513,selenium_view_issue,Success,True
.test_1_selenium_view_issue,Total:320 Passed:320 Failed:0
1627774255797,286,selenium_project_summary,Success,True
.test_1_selenium_view_project_summary,Total:321 Passed:321 Failed:0
1627774256090,291,selenium_log_out,Success,True
.test_2_selenium_z_log_out,Total:322 Passed:322 Failed:0


=============================== warnings summary ===============================
../../usr/local/lib/python3.8/dist-packages/_pytest/config/__init__.py:1114
  /usr/local/lib/python3.8/dist-packages/_pytest/config/__init__.py:1114: PytestAssertRewriteWarning: Module already imported so cannot be rewritten: apiritif
    self._mark_plugins_for_rewrite(hook)

-- Docs: https://docs.pytest.org/en/stable/warnings.html
======================== 14 passed, 1 warning in 10.93s ========================
============================= test session starts ==============================
platform linux -- Python 3.8.5, pytest-6.2.3, py-1.10.0, pluggy-0.13.1
rootdir: /dc-app-performance-toolkit/app
plugins: apiritif-0.9.6
collected 14 items

selenium_ui/jira_ui.py get driver from global
clear browser cookies
node_id:i-0386b665a0a8a3ff6
1627774256294,114,selenium_login:open_login_page,Success,True
1627774256702,407,selenium_login:login_and_view_dashboard,Success,True
1627774256702,522,selenium_login,Success,True
.test_0_selenium_a_login,Total:323 Passed:323 Failed:0
1627774256963,251,selenium_browse_projects_list,Success,True
.test_1_selenium_browse_projects_list,Total:324 Passed:324 Failed:0
1627774257217,252,selenium_browse_boards_list,Success,True
.test_1_selenium_browse_boards_list,Total:325 Passed:325 Failed:0
1627774257864,639,selenium_create_issue:open_quick_create,Success,True
1627774258887,589,selenium_create_issue:fill_and_submit_issue_form:submit_issue_form,Success,True
1627774258887,1023,selenium_create_issue:fill_and_submit_issue_form,Success,True
1627774258887,1662,selenium_create_issue,Success,True
.test_1_selenium_create_issue,Total:326 Passed:326 Failed:0
1627774259348,453,selenium_edit_issue:open_edit_issue_form,Success,True
1627774260326,593,selenium_edit_issue:save_edit_issue_form,Success,True
1627774260326,1430,selenium_edit_issue,Success,True
.test_1_selenium_edit_issue,Total:327 Passed:327 Failed:0
1627774260577,249,selenium_save_comment:open_comment_form,Success,True
1627774261354,627,selenium_save_comment:submit_form,Success,True
1627774261355,1027,selenium_save_comment,Success,True
.test_1_selenium_save_comment,Total:328 Passed:328 Failed:0
1627774262442,1085,selenium_search_jql,Success,True
.test_1_selenium_search_jql,Total:329 Passed:329 Failed:0
1627774263622,1178,selenium_view_scrum_board_backlog,Success,True
.test_1_selenium_view_backlog_for_scrum_board,Total:330 Passed:330 Failed:0
1627774264382,758,selenium_view_scrum_board,Success,True
.test_1_selenium_view_scrum_board,Total:331 Passed:331 Failed:0
1627774265043,660,selenium_view_kanban_board,Success,True
.test_1_selenium_view_kanban_board,Total:332 Passed:332 Failed:0
1627774265404,359,selenium_view_dashboard,Success,True
.test_1_selenium_view_dashboard,Total:333 Passed:333 Failed:0
1627774265856,450,selenium_view_issue,Success,True
.test_1_selenium_view_issue,Total:334 Passed:334 Failed:0
1627774266142,285,selenium_project_summary,Success,True
.test_1_selenium_view_project_summary,Total:335 Passed:335 Failed:0
1627774266527,382,selenium_log_out,Success,True
.test_2_selenium_z_log_out,Total:336 Passed:336 Failed:0


=============================== warnings summary ===============================
../../usr/local/lib/python3.8/dist-packages/_pytest/config/__init__.py:1114
  /usr/local/lib/python3.8/dist-packages/_pytest/config/__init__.py:1114: PytestAssertRewriteWarning: Module already imported so cannot be rewritten: apiritif
    self._mark_plugins_for_rewrite(hook)

-- Docs: https://docs.pytest.org/en/stable/warnings.html
======================== 14 passed, 1 warning in 10.38s ========================
============================= test session starts ==============================
platform linux -- Python 3.8.5, pytest-6.2.3, py-1.10.0, pluggy-0.13.1
rootdir: /dc-app-performance-toolkit/app
plugins: apiritif-0.9.6
collected 14 items

selenium_ui/jira_ui.py get driver from global
clear browser cookies
node_id:i-0aee4779e9f1a9e7a
1627774266699,110,selenium_login:open_login_page,Success,True
1627774267151,451,selenium_login:login_and_view_dashboard,Success,True
1627774267151,562,selenium_login,Success,True
.test_0_selenium_a_login,Total:337 Passed:337 Failed:0
1627774267403,243,selenium_browse_projects_list,Success,True
.test_1_selenium_browse_projects_list,Total:338 Passed:338 Failed:0
1627774267638,233,selenium_browse_boards_list,Success,True
.test_1_selenium_browse_boards_list,Total:339 Passed:339 Failed:0
1627774268300,655,selenium_create_issue:open_quick_create,Success,True
1627774269392,591,selenium_create_issue:fill_and_submit_issue_form:submit_issue_form,Success,True
1627774269392,1091,selenium_create_issue:fill_and_submit_issue_form,Success,True
1627774269392,1746,selenium_create_issue,Success,True
.test_1_selenium_create_issue,Total:340 Passed:340 Failed:0
1627774269853,453,selenium_edit_issue:open_edit_issue_form,Success,True
1627774270709,457,selenium_edit_issue:save_edit_issue_form,Success,True
1627774270709,1308,selenium_edit_issue,Success,True
.test_1_selenium_edit_issue,Total:341 Passed:341 Failed:0
1627774271000,289,selenium_save_comment:open_comment_form,Success,True
1627774271868,702,selenium_save_comment:submit_form,Success,True
1627774271868,1158,selenium_save_comment,Success,True
.test_1_selenium_save_comment,Total:342 Passed:342 Failed:0
1627774272979,1109,selenium_search_jql,Success,True
.test_1_selenium_search_jql,Total:343 Passed:343 Failed:0
1627774273747,767,selenium_view_scrum_board_backlog,Success,True
.test_1_selenium_view_backlog_for_scrum_board,Total:344 Passed:344 Failed:0
1627774274502,753,selenium_view_scrum_board,Success,True
.test_1_selenium_view_scrum_board,Total:345 Passed:345 Failed:0
1627774275689,1184,selenium_view_kanban_board,Success,True
.test_1_selenium_view_kanban_board,Total:346 Passed:346 Failed:0
1627774276341,651,selenium_view_dashboard,Success,True
.test_1_selenium_view_dashboard,Total:347 Passed:347 Failed:0
1627774276831,488,selenium_view_issue,Success,True
.test_1_selenium_view_issue,Total:348 Passed:348 Failed:0
1627774277188,355,selenium_project_summary,Success,True
.test_1_selenium_view_project_summary,Total:349 Passed:349 Failed:0
1627774277481,291,selenium_log_out,Success,True
.test_2_selenium_z_log_out,Total:350 Passed:350 Failed:0


=============================== warnings summary ===============================
../../usr/local/lib/python3.8/dist-packages/_pytest/config/__init__.py:1114
  /usr/local/lib/python3.8/dist-packages/_pytest/config/__init__.py:1114: PytestAssertRewriteWarning: Module already imported so cannot be rewritten: apiritif
    self._mark_plugins_for_rewrite(hook)

-- Docs: https://docs.pytest.org/en/stable/warnings.html
======================== 14 passed, 1 warning in 10.92s ========================
============================= test session starts ==============================
platform linux -- Python 3.8.5, pytest-6.2.3, py-1.10.0, pluggy-0.13.1
rootdir: /dc-app-performance-toolkit/app
plugins: apiritif-0.9.6
collected 14 items

selenium_ui/jira_ui.py get driver from global
clear browser cookies
node_id:i-0c2b63eb0cc5c4dac
1627774277652,111,selenium_login:open_login_page,Success,True
1627774278069,417,selenium_login:login_and_view_dashboard,Success,True
1627774278069,529,selenium_login,Success,True
.test_0_selenium_a_login,Total:351 Passed:351 Failed:0
1627774278316,237,selenium_browse_projects_list,Success,True
.test_1_selenium_browse_projects_list,Total:352 Passed:352 Failed:0
1627774278552,234,selenium_browse_boards_list,Success,True
.test_1_selenium_browse_boards_list,Total:353 Passed:353 Failed:0
1627774279228,668,selenium_create_issue:open_quick_create,Success,True
1627774280330,599,selenium_create_issue:fill_and_submit_issue_form:submit_issue_form,Success,True
1627774280330,1101,selenium_create_issue:fill_and_submit_issue_form,Success,True
1627774280330,1770,selenium_create_issue,Success,True
.test_1_selenium_create_issue,Total:354 Passed:354 Failed:0
1627774280784,446,selenium_edit_issue:open_edit_issue_form,Success,True
1627774281625,456,selenium_edit_issue:save_edit_issue_form,Success,True
1627774281626,1288,selenium_edit_issue,Success,True
.test_1_selenium_edit_issue,Total:355 Passed:355 Failed:0
1627774281940,313,selenium_save_comment:open_comment_form,Success,True
1627774282747,638,selenium_save_comment:submit_form,Success,True
1627774282747,1120,selenium_save_comment,Success,True
.test_1_selenium_save_comment,Total:356 Passed:356 Failed:0
1627774283805,1054,selenium_search_jql,Success,True
[...]
1627776604851,347,selenium_view_dashboard,Success,True
.test_1_selenium_view_dashboard,Total:3441 Passed:3441 Failed:0
1627776605404,551,selenium_view_issue,Success,True
.test_1_selenium_view_issue,Total:3442 Passed:3442 Failed:0
1627776605718,312,selenium_project_summary,Success,True
.test_1_selenium_view_project_summary,Total:3443 Passed:3443 Failed:0
1627776606016,295,selenium_log_out,Success,True
.test_2_selenium_z_log_out,Total:3444 Passed:3444 Failed:0


=============================== warnings summary ===============================
../../usr/local/lib/python3.8/dist-packages/_pytest/config/__init__.py:1114
  /usr/local/lib/python3.8/dist-packages/_pytest/config/__init__.py:1114: PytestAssertRewriteWarning: Module already imported so cannot be rewritten: apiritif
    self._mark_plugins_for_rewrite(hook)

-- Docs: https://docs.pytest.org/en/stable/warnings.html
======================== 14 passed, 1 warning in 10.10s ========================
============================= test session starts ==============================
platform linux -- Python 3.8.5, pytest-6.2.3, py-1.10.0, pluggy-0.13.1
rootdir: /dc-app-performance-toolkit/app
plugins: apiritif-0.9.6
collected 14 items

selenium_ui/jira_ui.py get driver from global
clear browser cookies
node_id:i-08e9188a074312bb2
1627776606192,114,selenium_login:open_login_page,Success,True
1627776606630,438,selenium_login:login_and_view_dashboard,Success,True
1627776606630,552,selenium_login,Success,True
.test_0_selenium_a_login,Total:3445 Passed:3445 Failed:0
1627776606885,245,selenium_browse_projects_list,Success,True
.test_1_selenium_browse_projects_list,Total:3446 Passed:3446 Failed:0
1627776607138,250,selenium_browse_boards_list,Success,True
.test_1_selenium_browse_boards_list,Total:3447 Passed:3447 Failed:0
1627776607775,629,selenium_create_issue:open_quick_create,Success,True
1627776608859,596,selenium_create_issue:fill_and_submit_issue_form:submit_issue_form,Success,True
1627776608859,1084,selenium_create_issue:fill_and_submit_issue_form,Success,True
1627776608860,1714,selenium_create_issue,Success,True
.test_1_selenium_create_issue,Total:3448 Passed:3448 Failed:0
1627776609349,481,selenium_edit_issue:open_edit_issue_form,Success,True
1627776610340,597,selenium_edit_issue:save_edit_issue_form,Success,True
1627776610340,1472,selenium_edit_issue,Success,True
.test_1_selenium_edit_issue,Total:3449 Passed:3449 Failed:0
1627776610597,255,selenium_save_comment:open_comment_form,Success,True
1627776611410,679,selenium_save_comment:submit_form,Success,True
1627776611410,1068,selenium_save_comment,Success,True
.test_1_selenium_save_comment,Total:3450 Passed:3450 Failed:0
1627776612492,1080,selenium_search_jql,Success,True
.test_1_selenium_search_jql,Total:3451 Passed:3451 Failed:0
1627776613272,778,selenium_view_scrum_board_backlog,Success,True
.test_1_selenium_view_backlog_for_scrum_board,Total:3452 Passed:3452 Failed:0
1627776614093,819,selenium_view_scrum_board,Success,True
.test_1_selenium_view_scrum_board,Total:3453 Passed:3453 Failed:0
1627776614810,715,selenium_view_kanban_board,Success,True
.test_1_selenium_view_kanban_board,Total:3454 Passed:3454 Failed:0
1627776615174,362,selenium_view_dashboard,Success,True
.test_1_selenium_view_dashboard,Total:3455 Passed:3455 Failed:0
1627776615654,479,selenium_view_issue,Success,True
.test_1_selenium_view_issue,Total:3456 Passed:3456 Failed:0
1627776615935,279,selenium_project_summary,Success,True
.test_1_selenium_view_project_summary,Total:3457 Passed:3457 Failed:0
1627776616235,298,selenium_log_out,Success,True
.test_2_selenium_z_log_out,Total:3458 Passed:3458 Failed:0


=============================== warnings summary ===============================
../../usr/local/lib/python3.8/dist-packages/_pytest/config/__init__.py:1114
  /usr/local/lib/python3.8/dist-packages/_pytest/config/__init__.py:1114: PytestAssertRewriteWarning: Module already imported so cannot be rewritten: apiritif
    self._mark_plugins_for_rewrite(hook)

-- Docs: https://docs.pytest.org/en/stable/warnings.html
======================== 14 passed, 1 warning in 10.19s ========================
============================= test session starts ==============================
platform linux -- Python 3.8.5, pytest-6.2.3, py-1.10.0, pluggy-0.13.1
rootdir: /dc-app-performance-toolkit/app
plugins: apiritif-0.9.6
collected 14 items

selenium_ui/jira_ui.py get driver from global
clear browser cookies
node_id:i-0c2b63eb0cc5c4dac
1627776616419,120,selenium_login:open_login_page,Success,True
1627776616848,428,selenium_login:login_and_view_dashboard,Success,True
1627776616848,549,selenium_login,Success,True
.test_0_selenium_a_login,Total:3459 Passed:3459 Failed:0
1627776617121,263,selenium_browse_projects_list,Success,True
.test_1_selenium_browse_projects_list,Total:3460 Passed:3460 Failed:0
1627776617357,234,selenium_browse_boards_list,Success,True
.test_1_selenium_browse_boards_list,Total:3461 Passed:3461 Failed:0
1627776618021,655,selenium_create_issue:open_quick_create,Success,True
1627776619088,594,selenium_create_issue:fill_and_submit_issue_form:submit_issue_form,Success,True
1627776619088,1066,selenium_create_issue:fill_and_submit_issue_form,Success,True
1627776619088,1722,selenium_create_issue,Success,True
.test_1_selenium_create_issue,Total:3462 Passed:3462 Failed:0
1627776619504,408,selenium_edit_issue:open_edit_issue_form,Success,True
1627776620409,530,selenium_edit_issue:save_edit_issue_form,Success,True
1627776620410,1314,selenium_edit_issue,Success,True
.test_1_selenium_edit_issue,Total:3463 Passed:3463 Failed:0
1627776620697,286,selenium_save_comment:open_comment_form,Success,True
1627776621503,670,selenium_save_comment:submit_form,Success,True
1627776621503,1092,selenium_save_comment,Success,True
.test_1_selenium_save_comment,Total:3464 Passed:3464 Failed:0
1627776622605,1100,selenium_search_jql,Success,True
.test_1_selenium_search_jql,Total:3465 Passed:3465 Failed:0
1627776623367,760,selenium_view_scrum_board_backlog,Success,True
.test_1_selenium_view_backlog_for_scrum_board,Total:3466 Passed:3466 Failed:0
1627776624120,751,selenium_view_scrum_board,Success,True
.test_1_selenium_view_scrum_board,Total:3467 Passed:3467 Failed:0
1627776624713,590,selenium_view_kanban_board,Success,True
.test_1_selenium_view_kanban_board,Total:3468 Passed:3468 Failed:0
1627776625101,386,selenium_view_dashboard,Success,True
.test_1_selenium_view_dashboard,Total:3469 Passed:3469 Failed:0
1627776625612,510,selenium_view_issue,Success,True
.test_1_selenium_view_issue,Total:3470 Passed:3470 Failed:0
1627776625925,311,selenium_project_summary,Success,True
.test_1_selenium_view_project_summary,Total:3471 Passed:3471 Failed:0
1627776626282,355,selenium_log_out,Success,True
.test_2_selenium_z_log_out,Total:3472 Passed:3472 Failed:0


=============================== warnings summary ===============================
../../usr/local/lib/python3.8/dist-packages/_pytest/config/__init__.py:1114
  /usr/local/lib/python3.8/dist-packages/_pytest/config/__init__.py:1114: PytestAssertRewriteWarning: Module already imported so cannot be rewritten: apiritif
    self._mark_plugins_for_rewrite(hook)

-- Docs: https://docs.pytest.org/en/stable/warnings.html
======================== 14 passed, 1 warning in 10.01s ========================
============================= test session starts ==============================
platform linux -- Python 3.8.5, pytest-6.2.3, py-1.10.0, pluggy-0.13.1
rootdir: /dc-app-performance-toolkit/app
plugins: apiritif-0.9.6
collected 14 items

selenium_ui/jira_ui.py get driver from global
clear browser cookies
node_id:i-0c2b63eb0cc5c4dac
1627776626446,111,selenium_login:open_login_page,Success,True
1627776626884,437,selenium_login:login_and_view_dashboard,Success,True
1627776626884,549,selenium_login,Success,True
.test_0_selenium_a_login,Total:3473 Passed:3473 Failed:0
1627776627136,242,selenium_browse_projects_list,Success,True
.test_1_selenium_browse_projects_list,Total:3474 Passed:3474 Failed:0
1627776627360,222,selenium_browse_boards_list,Success,True
.test_1_selenium_browse_boards_list,Total:3475 Passed:3475 Failed:0
1627776628029,662,selenium_create_issue:open_quick_create,Success,True
1627776629132,598,selenium_create_issue:fill_and_submit_issue_form:submit_issue_form,Success,True
1627776629132,1103,selenium_create_issue:fill_and_submit_issue_form,Success,True
1627776629132,1765,selenium_create_issue,Success,True
.test_1_selenium_create_issue,Total:3476 Passed:3476 Failed:0
1627776629581,441,selenium_edit_issue:open_edit_issue_form,Success,True
1627776630408,451,selenium_edit_issue:save_edit_issue_form,Success,True
1627776630409,1269,selenium_edit_issue,Success,True
.test_1_selenium_edit_issue,Total:3477 Passed:3477 Failed:0
1627776630729,319,selenium_save_comment:open_comment_form,Success,True
1627776631523,653,selenium_save_comment:submit_form,Success,True
1627776631523,1112,selenium_save_comment,Success,True
.test_1_selenium_save_comment,Total:3478 Passed:3478 Failed:0
1627776632570,1046,selenium_search_jql,Success,True
.test_1_selenium_search_jql,Total:3479 Passed:3479 Failed:0
1627776633327,755,selenium_view_scrum_board_backlog,Success,True
.test_1_selenium_view_backlog_for_scrum_board,Total:3480 Passed:3480 Failed:0
1627776634079,750,selenium_view_scrum_board,Success,True
.test_1_selenium_view_scrum_board,Total:3481 Passed:3481 Failed:0
1627776634500,419,selenium_view_kanban_board,Success,True
.test_1_selenium_view_kanban_board,Total:3482 Passed:3482 Failed:0
1627776634888,387,selenium_view_dashboard,Success,True
.test_1_selenium_view_dashboard,Total:3483 Passed:3483 Failed:0
1627776635465,576,selenium_view_issue,Success,True
.test_1_selenium_view_issue,Total:3484 Passed:3484 Failed:0
1627776635746,279,selenium_project_summary,Success,True
.test_1_selenium_view_project_summary,Total:3485 Passed:3485 Failed:0
1627776636084,337,selenium_log_out,Success,True
.test_2_selenium_z_log_out,Total:3486 Passed:3486 Failed:0


=============================== warnings summary ===============================
../../usr/local/lib/python3.8/dist-packages/_pytest/config/__init__.py:1114
  /usr/local/lib/python3.8/dist-packages/_pytest/config/__init__.py:1114: PytestAssertRewriteWarning: Module already imported so cannot be rewritten: apiritif
    self._mark_plugins_for_rewrite(hook)

-- Docs: https://docs.pytest.org/en/stable/warnings.html
======================== 14 passed, 1 warning in 9.77s =========================
============================= test session starts ==============================
platform linux -- Python 3.8.5, pytest-6.2.3, py-1.10.0, pluggy-0.13.1
rootdir: /dc-app-performance-toolkit/app
plugins: apiritif-0.9.6
collected 14 items

selenium_ui/jira_ui.py get driver from global
clear browser cookies
node_id:i-0aee4779e9f1a9e7a
1627776636254,111,selenium_login:open_login_page,Success,True
1627776636706,452,selenium_login:login_and_view_dashboard,Success,True
1627776636706,563,selenium_login,Success,True
.test_0_selenium_a_login,Total:3487 Passed:3487 Failed:0
1627776636963,247,selenium_browse_projects_list,Success,True
.test_1_selenium_browse_projects_list,Total:3488 Passed:3488 Failed:0
1627776637197,232,selenium_browse_boards_list,Success,True
.test_1_selenium_browse_boards_list,Total:3489 Passed:3489 Failed:0
1627776637838,633,selenium_create_issue:open_quick_create,Success,True
1627776638893,597,selenium_create_issue:fill_and_submit_issue_form:submit_issue_form,Success,True
1627776638893,1054,selenium_create_issue:fill_and_submit_issue_form,Success,True
1627776638893,1688,selenium_create_issue,Success,True
.test_1_selenium_create_issue,Total:3490 Passed:3490 Failed:0
1627776639341,440,selenium_edit_issue:open_edit_issue_form,Success,True
1627776640321,604,selenium_edit_issue:save_edit_issue_form,Success,True
1627776640321,1421,selenium_edit_issue,Success,True
.test_1_selenium_edit_issue,Total:3491 Passed:3491 Failed:0
1627776640651,327,selenium_save_comment:open_comment_form,Success,True
1627776641356,621,selenium_save_comment:submit_form,Success,True
1627776641356,1033,selenium_save_comment,Success,True
.test_1_selenium_save_comment,Total:3492 Passed:3492 Failed:0
1627776642476,1117,selenium_search_jql,Success,True
.test_1_selenium_search_jql,Total:3493 Passed:3493 Failed:0
1627776643660,1183,selenium_view_scrum_board_backlog,Success,True
.test_1_selenium_view_backlog_for_scrum_board,Total:3494 Passed:3494 Failed:0
1627776644436,774,selenium_view_scrum_board,Success,True
.test_1_selenium_view_scrum_board,Total:3495 Passed:3495 Failed:0
1627776645337,899,selenium_view_kanban_board,Success,True
.test_1_selenium_view_kanban_board,Total:3496 Passed:3496 Failed:0
1627776645996,657,selenium_view_dashboard,Success,True
.test_1_selenium_view_dashboard,Total:3497 Passed:3497 Failed:0
1627776646459,462,selenium_view_issue,Success,True
.test_1_selenium_view_issue,Total:3498 Passed:3498 Failed:0
1627776646809,348,selenium_project_summary,Success,True
.test_1_selenium_view_project_summary,Total:3499 Passed:3499 Failed:0
1627776647144,333,selenium_log_out,Success,True
.test_2_selenium_z_log_out,Total:3500 Passed:3500 Failed:0


=============================== warnings summary ===============================
../../usr/local/lib/python3.8/dist-packages/_pytest/config/__init__.py:1114
  /usr/local/lib/python3.8/dist-packages/_pytest/config/__init__.py:1114: PytestAssertRewriteWarning: Module already imported so cannot be rewritten: apiritif
    self._mark_plugins_for_rewrite(hook)

-- Docs: https://docs.pytest.org/en/stable/warnings.html
======================== 14 passed, 1 warning in 11.02s ========================
============================= test session starts ==============================
platform linux -- Python 3.8.5, pytest-6.2.3, py-1.10.0, pluggy-0.13.1
rootdir: /dc-app-performance-toolkit/app
plugins: apiritif-0.9.6
collected 14 items

selenium_ui/jira_ui.py get driver from global
clear browser cookies
node_id:i-0aee4779e9f1a9e7a
1627776647313,109,selenium_login:open_login_page,Success,True
1627776647736,421,selenium_login:login_and_view_dashboard,Success,True
1627776647736,532,selenium_login,Success,True
.test_0_selenium_a_login,Total:3501 Passed:3501 Failed:0
1627776647981,235,selenium_browse_projects_list,Success,True
.test_1_selenium_browse_projects_list,Total:3502 Passed:3502 Failed:0
1627776648214,232,selenium_browse_boards_list,Success,True
.test_1_selenium_browse_boards_list,Total:3503 Passed:3503 Failed:0
1627776648902,680,selenium_create_issue:open_quick_create,Success,True
1627776649970,596,selenium_create_issue:fill_and_submit_issue_form:submit_issue_form,Success,True
1627776649970,1067,selenium_create_issue:fill_and_submit_issue_form,Success,True
1627776649970,1748,selenium_create_issue,Success,True
.test_1_selenium_create_issue,Total:3504 Passed:3504 Failed:0
1627776650421,443,selenium_edit_issue:open_edit_issue_form,Success,True
1627776651349,539,selenium_edit_issue:save_edit_issue_form,Success,True
1627776651349,1371,selenium_edit_issue,Success,True
.test_1_selenium_edit_issue,Total:3505 Passed:3505 Failed:0
1627776651693,342,selenium_save_comment:open_comment_form,Success,True
1627776652482,693,selenium_save_comment:submit_form,Success,True
1627776652482,1132,selenium_save_comment,Success,True
.test_1_selenium_save_comment,Total:3506 Passed:3506 Failed:0
1627776653550,1066,selenium_search_jql,Success,True
.test_1_selenium_search_jql,Total:3507 Passed:3507 Failed:0
1627776654308,756,selenium_view_scrum_board_backlog,Success,True
.test_1_selenium_view_backlog_for_scrum_board,Total:3508 Passed:3508 Failed:0
1627776655070,760,selenium_view_scrum_board,Success,True
.test_1_selenium_view_scrum_board,Total:3509 Passed:3509 Failed:0
1627776655800,728,selenium_view_kanban_board,Success,True
.test_1_selenium_view_kanban_board,Total:3510 Passed:3510 Failed:0
1627776656017,215,selenium_view_dashboard,Success,True
.test_1_selenium_view_dashboard,Total:3511 Passed:3511 Failed:0
1627776656608,589,selenium_view_issue,Success,True
.test_1_selenium_view_issue,Total:3512 Passed:3512 Failed:0
1627776657000,390,selenium_project_summary,Success,True
.test_1_selenium_view_project_summary,Total:3513 Passed:3513 Failed:0
1627776657304,303,selenium_log_out,Success,True
.test_2_selenium_z_log_out,Total:3514 Passed:3514 Failed:0


=============================== warnings summary ===============================
../../usr/local/lib/python3.8/dist-packages/_pytest/config/__init__.py:1114
  /usr/local/lib/python3.8/dist-packages/_pytest/config/__init__.py:1114: PytestAssertRewriteWarning: Module already imported so cannot be rewritten: apiritif
    self._mark_plugins_for_rewrite(hook)

-- Docs: https://docs.pytest.org/en/stable/warnings.html
======================== 14 passed, 1 warning in 10.13s ========================
============================= test session starts ==============================
platform linux -- Python 3.8.5, pytest-6.2.3, py-1.10.0, pluggy-0.13.1
rootdir: /dc-app-performance-toolkit/app
plugins: apiritif-0.9.6
collected 14 items

selenium_ui/jira_ui.py get driver from global
clear browser cookies
node_id:i-0386b665a0a8a3ff6
1627776657478,112,selenium_login:open_login_page,Success,True
1627776657910,432,selenium_login:login_and_view_dashboard,Success,True
1627776657911,545,selenium_login,Success,True
.test_0_selenium_a_login,Total:3515 Passed:3515 Failed:0
1627776658154,233,selenium_browse_projects_list,Success,True
.test_1_selenium_browse_projects_list,Total:3516 Passed:3516 Failed:0
1627776658383,228,selenium_browse_boards_list,Success,True
.test_1_selenium_browse_boards_list,Total:3517 Passed:3517 Failed:0
1627776659040,649,selenium_create_issue:open_quick_create,Success,True
1627776660085,598,selenium_create_issue:fill_and_submit_issue_form:submit_issue_form,Success,True
1627776660085,1044,selenium_create_issue:fill_and_submit_issue_form,Success,True
1627776660085,1694,selenium_create_issue,Success,True
.test_1_selenium_create_issue,Total:3518 Passed:3518 Failed:0
1627776660522,428,selenium_edit_issue:open_edit_issue_form,Success,True
1627776661504,597,selenium_edit_issue:save_edit_issue_form,Success,True
1627776661505,1411,selenium_edit_issue,Success,True
.test_1_selenium_edit_issue,Total:3519 Passed:3519 Failed:0
1627776661840,333,selenium_save_comment:open_comment_form,Success,True
1627776662576,651,selenium_save_comment:submit_form,Success,True
1627776662576,1070,selenium_save_comment,Success,True
.test_1_selenium_save_comment,Total:3520 Passed:3520 Failed:0
1627776663657,1079,selenium_search_jql,Success,True
.test_1_selenium_search_jql,Total:3521 Passed:3521 Failed:0
1627776664826,1167,selenium_view_scrum_board_backlog,Success,True
.test_1_selenium_view_backlog_for_scrum_board,Total:3522 Passed:3522 Failed:0
1627776665574,746,selenium_view_scrum_board,Success,True
.test_1_selenium_view_scrum_board,Total:3523 Passed:3523 Failed:0
1627776666194,619,selenium_view_kanban_board,Success,True
.test_1_selenium_view_kanban_board,Total:3524 Passed:3524 Failed:0
1627776666613,417,selenium_view_dashboard,Success,True
.test_1_selenium_view_dashboard,Total:3525 Passed:3525 Failed:0
1627776667191,576,selenium_view_issue,Success,True
.test_1_selenium_view_issue,Total:3526 Passed:3526 Failed:0
1627776667480,288,selenium_project_summary,Success,True
.test_1_selenium_view_project_summary,Total:3527 Passed:3527 Failed:0
1627776667841,359,selenium_log_out,Success,True
.test_2_selenium_z_log_out,Total:3528 Passed:3528 Failed:0


=============================== warnings summary ===============================
../../usr/local/lib/python3.8/dist-packages/_pytest/config/__init__.py:1114
  /usr/local/lib/python3.8/dist-packages/_pytest/config/__init__.py:1114: PytestAssertRewriteWarning: Module already imported so cannot be rewritten: apiritif
    self._mark_plugins_for_rewrite(hook)

-- Docs: https://docs.pytest.org/en/stable/warnings.html
======================== 14 passed, 1 warning in 10.50s ========================
