============================= test session starts ==============================
platform linux -- Python 3.8.5, pytest-6.2.3, py-1.10.0, pluggy-0.13.1
rootdir: /dc-app-performance-toolkit/app
plugins: apiritif-0.9.6
collected 14 items

selenium_ui/jira_ui.py first driver inits
node_id:i-0aee4779e9f1a9e7a
1627733063111,471,selenium_login:open_login_page,Success,True
1627733065543,2432,selenium_login:login_and_view_dashboard,Success,True
1627733065543,2904,selenium_login,Success,True
.test_0_selenium_a_login,Total:1 Passed:1 Failed:0
1627733066097,543,selenium_browse_projects_list,Success,True
.test_1_selenium_browse_projects_list,Total:2 Passed:2 Failed:0
1627733068699,2601,selenium_browse_boards_list,Success,True
.test_1_selenium_browse_boards_list,Total:3 Passed:3 Failed:0
1627733069589,882,selenium_create_issue:open_quick_create,Success,True
1627733071276,1156,selenium_create_issue:fill_and_submit_issue_form:submit_issue_form,Success,True
1627733071276,1686,selenium_create_issue:fill_and_submit_issue_form,Success,True
1627733071276,2568,selenium_create_issue,Success,True
.test_1_selenium_create_issue,Total:4 Passed:4 Failed:0
1627733072250,965,selenium_edit_issue:open_edit_issue_form,Success,True
1627733073552,467,selenium_edit_issue:save_edit_issue_form,Success,True
1627733073552,2267,selenium_edit_issue,Success,True
.test_1_selenium_edit_issue,Total:5 Passed:5 Failed:0
1627733073830,275,selenium_save_comment:open_comment_form,Success,True
1627733076601,2129,selenium_save_comment:submit_form,Success,True
1627733076601,3047,selenium_save_comment,Success,True
.test_1_selenium_save_comment,Total:6 Passed:6 Failed:0
1627733079806,3202,selenium_search_jql,Success,True
.test_1_selenium_search_jql,Total:7 Passed:7 Failed:0
1627733082621,2813,selenium_view_scrum_board_backlog,Success,True
.test_1_selenium_view_backlog_for_scrum_board,Total:8 Passed:8 Failed:0
1627733085519,2896,selenium_view_scrum_board,Success,True
.test_1_selenium_view_scrum_board,Total:9 Passed:9 Failed:0
1627733086275,754,selenium_view_kanban_board,Success,True
.test_1_selenium_view_kanban_board,Total:10 Passed:10 Failed:0
1627733086688,412,selenium_view_dashboard,Success,True
.test_1_selenium_view_dashboard,Total:11 Passed:11 Failed:0
1627733087235,545,selenium_view_issue,Success,True
.test_1_selenium_view_issue,Total:12 Passed:12 Failed:0
1627733089288,2051,selenium_project_summary,Success,True
.test_1_selenium_view_project_summary,Total:13 Passed:13 Failed:0
1627733089598,307,selenium_log_out,Success,True
.test_2_selenium_z_log_out,Total:14 Passed:14 Failed:0


=============================== warnings summary ===============================
../../usr/local/lib/python3.8/dist-packages/_pytest/config/__init__.py:1114
  /usr/local/lib/python3.8/dist-packages/_pytest/config/__init__.py:1114: PytestAssertRewriteWarning: Module already imported so cannot be rewritten: apiritif
    self._mark_plugins_for_rewrite(hook)

-- Docs: https://docs.pytest.org/en/stable/warnings.html
======================== 14 passed, 1 warning in 28.21s ========================
============================= test session starts ==============================
platform linux -- Python 3.8.5, pytest-6.2.3, py-1.10.0, pluggy-0.13.1
rootdir: /dc-app-performance-toolkit/app
plugins: apiritif-0.9.6
collected 14 items

selenium_ui/jira_ui.py get driver from global
clear browser cookies
node_id:i-0aee4779e9f1a9e7a
1627733089776,109,selenium_login:open_login_page,Success,True
1627733090261,485,selenium_login:login_and_view_dashboard,Success,True
1627733090261,596,selenium_login,Success,True
.test_0_selenium_a_login,Total:15 Passed:15 Failed:0
1627733090517,246,selenium_browse_projects_list,Success,True
.test_1_selenium_browse_projects_list,Total:16 Passed:16 Failed:0
1627733091309,790,selenium_browse_boards_list,Success,True
.test_1_selenium_browse_boards_list,Total:17 Passed:17 Failed:0
1627733091950,633,selenium_create_issue:open_quick_create,Success,True
1627733092975,599,selenium_create_issue:fill_and_submit_issue_form:submit_issue_form,Success,True
1627733092975,1025,selenium_create_issue:fill_and_submit_issue_form,Success,True
1627733092975,1659,selenium_create_issue,Success,True
.test_1_selenium_create_issue,Total:18 Passed:18 Failed:0
1627733093468,484,selenium_edit_issue:open_edit_issue_form,Success,True
1627733094431,586,selenium_edit_issue:save_edit_issue_form,Success,True
1627733094432,1448,selenium_edit_issue,Success,True
.test_1_selenium_edit_issue,Total:19 Passed:19 Failed:0
1627733094663,229,selenium_save_comment:open_comment_form,Success,True
1627733095640,821,selenium_save_comment:submit_form,Success,True
1627733095640,1207,selenium_save_comment,Success,True
.test_1_selenium_save_comment,Total:20 Passed:20 Failed:0
1627733096835,1193,selenium_search_jql,Success,True
.test_1_selenium_search_jql,Total:21 Passed:21 Failed:0
1627733098071,1235,selenium_view_scrum_board_backlog,Success,True
.test_1_selenium_view_backlog_for_scrum_board,Total:22 Passed:22 Failed:0
1627733098833,759,selenium_view_scrum_board,Success,True
.test_1_selenium_view_scrum_board,Total:23 Passed:23 Failed:0
1627733099554,719,selenium_view_kanban_board,Success,True
.test_1_selenium_view_kanban_board,Total:24 Passed:24 Failed:0
1627733099877,322,selenium_view_dashboard,Success,True
.test_1_selenium_view_dashboard,Total:25 Passed:25 Failed:0
1627733100317,438,selenium_view_issue,Success,True
.test_1_selenium_view_issue,Total:26 Passed:26 Failed:0
1627733100675,356,selenium_project_summary,Success,True
.test_1_selenium_view_project_summary,Total:27 Passed:27 Failed:0
1627733100950,273,selenium_log_out,Success,True
.test_2_selenium_z_log_out,Total:28 Passed:28 Failed:0


=============================== warnings summary ===============================
../../usr/local/lib/python3.8/dist-packages/_pytest/config/__init__.py:1114
  /usr/local/lib/python3.8/dist-packages/_pytest/config/__init__.py:1114: PytestAssertRewriteWarning: Module already imported so cannot be rewritten: apiritif
    self._mark_plugins_for_rewrite(hook)

-- Docs: https://docs.pytest.org/en/stable/warnings.html
======================== 14 passed, 1 warning in 11.32s ========================
============================= test session starts ==============================
platform linux -- Python 3.8.5, pytest-6.2.3, py-1.10.0, pluggy-0.13.1
rootdir: /dc-app-performance-toolkit/app
plugins: apiritif-0.9.6
collected 14 items

selenium_ui/jira_ui.py get driver from global
clear browser cookies
node_id:i-0aee4779e9f1a9e7a
1627733101140,129,selenium_login:open_login_page,Success,True
1627733101591,450,selenium_login:login_and_view_dashboard,Success,True
1627733101591,579,selenium_login,Success,True
.test_0_selenium_a_login,Total:29 Passed:29 Failed:0
1627733101839,238,selenium_browse_projects_list,Success,True
.test_1_selenium_browse_projects_list,Total:30 Passed:30 Failed:0
1627733102575,734,selenium_browse_boards_list,Success,True
.test_1_selenium_browse_boards_list,Total:31 Passed:31 Failed:0
1627733103236,654,selenium_create_issue:open_quick_create,Success,True
1627733104333,594,selenium_create_issue:fill_and_submit_issue_form:submit_issue_form,Success,True
1627733104333,1096,selenium_create_issue:fill_and_submit_issue_form,Success,True
1627733104333,1751,selenium_create_issue,Success,True
.test_1_selenium_create_issue,Total:32 Passed:32 Failed:0
1627733104751,409,selenium_edit_issue:open_edit_issue_form,Success,True
1627733105634,467,selenium_edit_issue:save_edit_issue_form,Success,True
1627733105635,1293,selenium_edit_issue,Success,True
.test_1_selenium_edit_issue,Total:33 Passed:33 Failed:0
1627733105847,210,selenium_save_comment:open_comment_form,Success,True
1627733107219,777,selenium_save_comment:submit_form,Success,True
1627733107219,1583,selenium_save_comment,Success,True
.test_1_selenium_save_comment,Total:34 Passed:34 Failed:0
1627733108462,1241,selenium_search_jql,Success,True
.test_1_selenium_search_jql,Total:35 Passed:35 Failed:0
1627733109632,1168,selenium_view_scrum_board_backlog,Success,True
.test_1_selenium_view_backlog_for_scrum_board,Total:36 Passed:36 Failed:0
1627733110383,749,selenium_view_scrum_board,Success,True
.test_1_selenium_view_scrum_board,Total:37 Passed:37 Failed:0
1627733110911,526,selenium_view_kanban_board,Success,True
.test_1_selenium_view_kanban_board,Total:38 Passed:38 Failed:0
1627733111486,573,selenium_view_dashboard,Success,True
.test_1_selenium_view_dashboard,Total:39 Passed:39 Failed:0
1627733112044,556,selenium_view_issue,Success,True
.test_1_selenium_view_issue,Total:40 Passed:40 Failed:0
1627733112389,343,selenium_project_summary,Success,True
.test_1_selenium_view_project_summary,Total:41 Passed:41 Failed:0
1627733112710,319,selenium_log_out,Success,True
.test_2_selenium_z_log_out,Total:42 Passed:42 Failed:0


=============================== warnings summary ===============================
../../usr/local/lib/python3.8/dist-packages/_pytest/config/__init__.py:1114
  /usr/local/lib/python3.8/dist-packages/_pytest/config/__init__.py:1114: PytestAssertRewriteWarning: Module already imported so cannot be rewritten: apiritif
    self._mark_plugins_for_rewrite(hook)

-- Docs: https://docs.pytest.org/en/stable/warnings.html
======================== 14 passed, 1 warning in 11.73s ========================
============================= test session starts ==============================
platform linux -- Python 3.8.5, pytest-6.2.3, py-1.10.0, pluggy-0.13.1
rootdir: /dc-app-performance-toolkit/app
plugins: apiritif-0.9.6
collected 14 items

selenium_ui/jira_ui.py get driver from global
clear browser cookies
node_id:i-0aee4779e9f1a9e7a
1627733112883,110,selenium_login:open_login_page,Success,True
1627733113360,476,selenium_login:login_and_view_dashboard,Success,True
1627733113360,587,selenium_login,Success,True
.test_0_selenium_a_login,Total:43 Passed:43 Failed:0
1627733113616,246,selenium_browse_projects_list,Success,True
.test_1_selenium_browse_projects_list,Total:44 Passed:44 Failed:0
1627733113857,239,selenium_browse_boards_list,Success,True
.test_1_selenium_browse_boards_list,Total:45 Passed:45 Failed:0
1627733114511,645,selenium_create_issue:open_quick_create,Success,True
1627733115553,593,selenium_create_issue:fill_and_submit_issue_form:submit_issue_form,Success,True
1627733115553,1042,selenium_create_issue:fill_and_submit_issue_form,Success,True
1627733115553,1687,selenium_create_issue,Success,True
.test_1_selenium_create_issue,Total:46 Passed:46 Failed:0
1627733116019,458,selenium_edit_issue:open_edit_issue_form,Success,True
1627733116993,581,selenium_edit_issue:save_edit_issue_form,Success,True
1627733116993,1432,selenium_edit_issue,Success,True
.test_1_selenium_edit_issue,Total:47 Passed:47 Failed:0
1627733117250,256,selenium_save_comment:open_comment_form,Success,True
1627733118159,775,selenium_save_comment:submit_form,Success,True
1627733118159,1164,selenium_save_comment,Success,True
.test_1_selenium_save_comment,Total:48 Passed:48 Failed:0
1627733119374,1214,selenium_search_jql,Success,True
.test_1_selenium_search_jql,Total:49 Passed:49 Failed:0
1627733120141,765,selenium_view_scrum_board_backlog,Success,True
.test_1_selenium_view_backlog_for_scrum_board,Total:50 Passed:50 Failed:0
1627733120903,761,selenium_view_scrum_board,Success,True
.test_1_selenium_view_scrum_board,Total:51 Passed:51 Failed:0
1627733121619,714,selenium_view_kanban_board,Success,True
.test_1_selenium_view_kanban_board,Total:52 Passed:52 Failed:0
1627733121965,344,selenium_view_dashboard,Success,True
.test_1_selenium_view_dashboard,Total:53 Passed:53 Failed:0
1627733122561,594,selenium_view_issue,Success,True
.test_1_selenium_view_issue,Total:54 Passed:54 Failed:0
1627733122862,299,selenium_project_summary,Success,True
.test_1_selenium_view_project_summary,Total:55 Passed:55 Failed:0
1627733123135,271,selenium_log_out,Success,True
.test_2_selenium_z_log_out,Total:56 Passed:56 Failed:0


=============================== warnings summary ===============================
../../usr/local/lib/python3.8/dist-packages/_pytest/config/__init__.py:1114
  /usr/local/lib/python3.8/dist-packages/_pytest/config/__init__.py:1114: PytestAssertRewriteWarning: Module already imported so cannot be rewritten: apiritif
    self._mark_plugins_for_rewrite(hook)

-- Docs: https://docs.pytest.org/en/stable/warnings.html
======================== 14 passed, 1 warning in 10.39s ========================
============================= test session starts ==============================
platform linux -- Python 3.8.5, pytest-6.2.3, py-1.10.0, pluggy-0.13.1
rootdir: /dc-app-performance-toolkit/app
plugins: apiritif-0.9.6
collected 14 items

selenium_ui/jira_ui.py get driver from global
clear browser cookies
node_id:i-0aee4779e9f1a9e7a
1627733123319,119,selenium_login:open_login_page,Success,True
1627733123755,436,selenium_login:login_and_view_dashboard,Success,True
1627733123755,556,selenium_login,Success,True
.test_0_selenium_a_login,Total:57 Passed:57 Failed:0
1627733124012,247,selenium_browse_projects_list,Success,True
.test_1_selenium_browse_projects_list,Total:58 Passed:58 Failed:0
1627733124261,247,selenium_browse_boards_list,Success,True
.test_1_selenium_browse_boards_list,Total:59 Passed:59 Failed:0
1627733124948,678,selenium_create_issue:open_quick_create,Success,True
1627733126071,598,selenium_create_issue:fill_and_submit_issue_form:submit_issue_form,Success,True
1627733126071,1123,selenium_create_issue:fill_and_submit_issue_form,Success,True
1627733126071,1802,selenium_create_issue,Success,True
.test_1_selenium_create_issue,Total:60 Passed:60 Failed:0
1627733126556,477,selenium_edit_issue:open_edit_issue_form,Success,True
1627733127508,553,selenium_edit_issue:save_edit_issue_form,Success,True
1627733127508,1428,selenium_edit_issue,Success,True
.test_1_selenium_edit_issue,Total:61 Passed:61 Failed:0
1627733127848,338,selenium_save_comment:open_comment_form,Success,True
1627733128712,728,selenium_save_comment:submit_form,Success,True
1627733128713,1203,selenium_save_comment,Success,True
.test_1_selenium_save_comment,Total:62 Passed:62 Failed:0
1627733129991,1277,selenium_search_jql,Success,True
.test_1_selenium_search_jql,Total:63 Passed:63 Failed:0
1627733130765,772,selenium_view_scrum_board_backlog,Success,True
.test_1_selenium_view_backlog_for_scrum_board,Total:64 Passed:64 Failed:0
1627733131584,817,selenium_view_scrum_board,Success,True
.test_1_selenium_view_scrum_board,Total:65 Passed:65 Failed:0
1627733132344,758,selenium_view_kanban_board,Success,True
.test_1_selenium_view_kanban_board,Total:66 Passed:66 Failed:0
1627733132739,393,selenium_view_dashboard,Success,True
.test_1_selenium_view_dashboard,Total:67 Passed:67 Failed:0
1627733133334,592,selenium_view_issue,Success,True
.test_1_selenium_view_issue,Total:68 Passed:68 Failed:0
1627733133762,426,selenium_project_summary,Success,True
.test_1_selenium_view_project_summary,Total:69 Passed:69 Failed:0
1627733134057,293,selenium_log_out,Success,True
.test_2_selenium_z_log_out,Total:70 Passed:70 Failed:0


=============================== warnings summary ===============================
../../usr/local/lib/python3.8/dist-packages/_pytest/config/__init__.py:1114
  /usr/local/lib/python3.8/dist-packages/_pytest/config/__init__.py:1114: PytestAssertRewriteWarning: Module already imported so cannot be rewritten: apiritif
    self._mark_plugins_for_rewrite(hook)

-- Docs: https://docs.pytest.org/en/stable/warnings.html
======================== 14 passed, 1 warning in 10.88s ========================
============================= test session starts ==============================
platform linux -- Python 3.8.5, pytest-6.2.3, py-1.10.0, pluggy-0.13.1
rootdir: /dc-app-performance-toolkit/app
plugins: apiritif-0.9.6
collected 14 items

selenium_ui/jira_ui.py get driver from global
clear browser cookies
node_id:i-0aee4779e9f1a9e7a
1627733134240,119,selenium_login:open_login_page,Success,True
1627733134712,472,selenium_login:login_and_view_dashboard,Success,True
1627733134713,592,selenium_login,Success,True
.test_0_selenium_a_login,Total:71 Passed:71 Failed:0
1627733134961,238,selenium_browse_projects_list,Success,True
.test_1_selenium_browse_projects_list,Total:72 Passed:72 Failed:0
1627733135201,238,selenium_browse_boards_list,Success,True
.test_1_selenium_browse_boards_list,Total:73 Passed:73 Failed:0
1627733135914,705,selenium_create_issue:open_quick_create,Success,True
1627733137015,607,selenium_create_issue:fill_and_submit_issue_form:submit_issue_form,Success,True
1627733137015,1100,selenium_create_issue:fill_and_submit_issue_form,Success,True
1627733137015,1806,selenium_create_issue,Success,True
.test_1_selenium_create_issue,Total:74 Passed:74 Failed:0
1627733137574,551,selenium_edit_issue:open_edit_issue_form,Success,True
1627733138397,482,selenium_edit_issue:save_edit_issue_form,Success,True
1627733138397,1374,selenium_edit_issue,Success,True
.test_1_selenium_edit_issue,Total:75 Passed:75 Failed:0
1627733138701,302,selenium_save_comment:open_comment_form,Success,True
1627733139697,827,selenium_save_comment:submit_form,Success,True
1627733139697,1298,selenium_save_comment,Success,True
.test_1_selenium_save_comment,Total:76 Passed:76 Failed:0
1627733140863,1164,selenium_search_jql,Success,True
.test_1_selenium_search_jql,Total:77 Passed:77 Failed:0
1627733142027,1163,selenium_view_scrum_board_backlog,Success,True
.test_1_selenium_view_backlog_for_scrum_board,Total:78 Passed:78 Failed:0
1627733142803,773,selenium_view_scrum_board,Success,True
.test_1_selenium_view_scrum_board,Total:79 Passed:79 Failed:0
1627733143660,855,selenium_view_kanban_board,Success,True
.test_1_selenium_view_kanban_board,Total:80 Passed:80 Failed:0
1627733144152,491,selenium_view_dashboard,Success,True
.test_1_selenium_view_dashboard,Total:81 Passed:81 Failed:0
1627733144801,646,selenium_view_issue,Success,True
.test_1_selenium_view_issue,Total:82 Passed:82 Failed:0
1627733145092,289,selenium_project_summary,Success,True
.test_1_selenium_view_project_summary,Total:83 Passed:83 Failed:0
1627733145397,304,selenium_log_out,Success,True
.test_2_selenium_z_log_out,Total:84 Passed:84 Failed:0


=============================== warnings summary ===============================
../../usr/local/lib/python3.8/dist-packages/_pytest/config/__init__.py:1114
  /usr/local/lib/python3.8/dist-packages/_pytest/config/__init__.py:1114: PytestAssertRewriteWarning: Module already imported so cannot be rewritten: apiritif
    self._mark_plugins_for_rewrite(hook)

-- Docs: https://docs.pytest.org/en/stable/warnings.html
======================== 14 passed, 1 warning in 11.31s ========================
============================= test session starts ==============================
platform linux -- Python 3.8.5, pytest-6.2.3, py-1.10.0, pluggy-0.13.1
rootdir: /dc-app-performance-toolkit/app
plugins: apiritif-0.9.6
collected 14 items

selenium_ui/jira_ui.py get driver from global
clear browser cookies
node_id:i-0aee4779e9f1a9e7a
1627733145582,120,selenium_login:open_login_page,Success,True
1627733146085,502,selenium_login:login_and_view_dashboard,Success,True
1627733146085,623,selenium_login,Success,True
.test_0_selenium_a_login,Total:85 Passed:85 Failed:0
1627733146340,245,selenium_browse_projects_list,Success,True
.test_1_selenium_browse_projects_list,Total:86 Passed:86 Failed:0
1627733146578,236,selenium_browse_boards_list,Success,True
.test_1_selenium_browse_boards_list,Total:87 Passed:87 Failed:0
1627733147249,663,selenium_create_issue:open_quick_create,Success,True
1627733148354,599,selenium_create_issue:fill_and_submit_issue_form:submit_issue_form,Success,True
1627733148354,1104,selenium_create_issue:fill_and_submit_issue_form,Success,True
1627733148354,1768,selenium_create_issue,Success,True
.test_1_selenium_create_issue,Total:88 Passed:88 Failed:0
1627733148987,624,selenium_edit_issue:open_edit_issue_form,Success,True
1627733149719,487,selenium_edit_issue:save_edit_issue_form,Success,True
1627733149719,1357,selenium_edit_issue,Success,True
.test_1_selenium_edit_issue,Total:89 Passed:89 Failed:0
1627733150020,299,selenium_save_comment:open_comment_form,Success,True
1627733150973,789,selenium_save_comment:submit_form,Success,True
1627733150974,1252,selenium_save_comment,Success,True
.test_1_selenium_save_comment,Total:90 Passed:90 Failed:0
1627733152130,1155,selenium_search_jql,Success,True
.test_1_selenium_search_jql,Total:91 Passed:91 Failed:0
1627733152892,760,selenium_view_scrum_board_backlog,Success,True
.test_1_selenium_view_backlog_for_scrum_board,Total:92 Passed:92 Failed:0
1627733153648,755,selenium_view_scrum_board,Success,True
.test_1_selenium_view_scrum_board,Total:93 Passed:93 Failed:0
1627733154100,450,selenium_view_kanban_board,Success,True
.test_1_selenium_view_kanban_board,Total:94 Passed:94 Failed:0
1627733154562,460,selenium_view_dashboard,Success,True
.test_1_selenium_view_dashboard,Total:95 Passed:95 Failed:0
1627733156192,1628,selenium_view_issue,Success,True
.test_1_selenium_view_issue,Total:96 Passed:96 Failed:0
1627733156503,309,selenium_project_summary,Success,True
.test_1_selenium_view_project_summary,Total:97 Passed:97 Failed:0
1627733156798,294,selenium_log_out,Success,True
.test_2_selenium_z_log_out,Total:98 Passed:98 Failed:0


=============================== warnings summary ===============================
../../usr/local/lib/python3.8/dist-packages/_pytest/config/__init__.py:1114
  /usr/local/lib/python3.8/dist-packages/_pytest/config/__init__.py:1114: PytestAssertRewriteWarning: Module already imported so cannot be rewritten: apiritif
    self._mark_plugins_for_rewrite(hook)

-- Docs: https://docs.pytest.org/en/stable/warnings.html
======================== 14 passed, 1 warning in 11.37s ========================
============================= test session starts ==============================
platform linux -- Python 3.8.5, pytest-6.2.3, py-1.10.0, pluggy-0.13.1
rootdir: /dc-app-performance-toolkit/app
plugins: apiritif-0.9.6
collected 14 items

selenium_ui/jira_ui.py get driver from global
clear browser cookies
node_id:i-0aee4779e9f1a9e7a
1627733156987,123,selenium_login:open_login_page,Success,True
1627733157421,434,selenium_login:login_and_view_dashboard,Success,True
1627733157421,558,selenium_login,Success,True
.test_0_selenium_a_login,Total:99 Passed:99 Failed:0
1627733157665,234,selenium_browse_projects_list,Success,True
.test_1_selenium_browse_projects_list,Total:100 Passed:100 Failed:0
1627733157904,237,selenium_browse_boards_list,Success,True
.test_1_selenium_browse_boards_list,Total:101 Passed:101 Failed:0
1627733158580,668,selenium_create_issue:open_quick_create,Success,True
1627733159732,596,selenium_create_issue:fill_and_submit_issue_form:submit_issue_form,Success,True
1627733159732,1152,selenium_create_issue:fill_and_submit_issue_form,Success,True
1627733159732,1821,selenium_create_issue,Success,True
.test_1_selenium_create_issue,Total:102 Passed:102 Failed:0
1627733160207,467,selenium_edit_issue:open_edit_issue_form,Success,True
1627733161137,526,selenium_edit_issue:save_edit_issue_form,Success,True
1627733161137,1397,selenium_edit_issue,Success,True
.test_1_selenium_edit_issue,Total:103 Passed:103 Failed:0
1627733161442,303,selenium_save_comment:open_comment_form,Success,True
1627733162289,683,selenium_save_comment:submit_form,Success,True
1627733162289,1150,selenium_save_comment,Success,True
.test_1_selenium_save_comment,Total:104 Passed:104 Failed:0
1627733163500,1208,selenium_search_jql,Success,True
.test_1_selenium_search_jql,Total:105 Passed:105 Failed:0
1627733164654,1152,selenium_view_scrum_board_backlog,Success,True
.test_1_selenium_view_backlog_for_scrum_board,Total:106 Passed:106 Failed:0
1627733165410,755,selenium_view_scrum_board,Success,True
.test_1_selenium_view_scrum_board,Total:107 Passed:107 Failed:0
1627733166186,773,selenium_view_kanban_board,Success,True
.test_1_selenium_view_kanban_board,Total:108 Passed:108 Failed:0
1627733166723,535,selenium_view_dashboard,Success,True
.test_1_selenium_view_dashboard,Total:109 Passed:109 Failed:0
1627733167343,618,selenium_view_issue,Success,True
.test_1_selenium_view_issue,Total:110 Passed:110 Failed:0
1627733167659,314,selenium_project_summary,Success,True
.test_1_selenium_view_project_summary,Total:111 Passed:111 Failed:0
1627733167940,280,selenium_log_out,Success,True
.test_2_selenium_z_log_out,Total:112 Passed:112 Failed:0


=============================== warnings summary ===============================
../../usr/local/lib/python3.8/dist-packages/_pytest/config/__init__.py:1114
  /usr/local/lib/python3.8/dist-packages/_pytest/config/__init__.py:1114: PytestAssertRewriteWarning: Module already imported so cannot be rewritten: apiritif
    self._mark_plugins_for_rewrite(hook)

-- Docs: https://docs.pytest.org/en/stable/warnings.html
======================== 14 passed, 1 warning in 11.11s ========================
============================= test session starts ==============================
platform linux -- Python 3.8.5, pytest-6.2.3, py-1.10.0, pluggy-0.13.1
rootdir: /dc-app-performance-toolkit/app
plugins: apiritif-0.9.6
collected 14 items

selenium_ui/jira_ui.py get driver from global
clear browser cookies
node_id:i-0aee4779e9f1a9e7a
1627733168122,118,selenium_login:open_login_page,Success,True
1627733168561,438,selenium_login:login_and_view_dashboard,Success,True
1627733168561,557,selenium_login,Success,True
.test_0_selenium_a_login,Total:113 Passed:113 Failed:0
1627733168809,238,selenium_browse_projects_list,Success,True
.test_1_selenium_browse_projects_list,Total:114 Passed:114 Failed:0
1627733169106,295,selenium_browse_boards_list,Success,True
.test_1_selenium_browse_boards_list,Total:115 Passed:115 Failed:0
1627733169794,678,selenium_create_issue:open_quick_create,Success,True
1627733170842,598,selenium_create_issue:fill_and_submit_issue_form:submit_issue_form,Success,True
1627733170842,1048,selenium_create_issue:fill_and_submit_issue_form,Success,True
1627733170842,1726,selenium_create_issue,Success,True
.test_1_selenium_create_issue,Total:116 Passed:116 Failed:0
1627733171305,455,selenium_edit_issue:open_edit_issue_form,Success,True
1627733172280,568,selenium_edit_issue:save_edit_issue_form,Success,True
1627733172280,1430,selenium_edit_issue,Success,True
.test_1_selenium_edit_issue,Total:117 Passed:117 Failed:0
1627733172621,339,selenium_save_comment:open_comment_form,Success,True
1627733173525,764,selenium_save_comment:submit_form,Success,True
1627733173525,1243,selenium_save_comment,Success,True
.test_1_selenium_save_comment,Total:118 Passed:118 Failed:0
1627733174729,1203,selenium_search_jql,Success,True
.test_1_selenium_search_jql,Total:119 Passed:119 Failed:0
1627733175514,783,selenium_view_scrum_board_backlog,Success,True
.test_1_selenium_view_backlog_for_scrum_board,Total:120 Passed:120 Failed:0
1627733176347,831,selenium_view_scrum_board,Success,True
.test_1_selenium_view_scrum_board,Total:121 Passed:121 Failed:0
1627733177367,1019,selenium_view_kanban_board,Success,True
.test_1_selenium_view_kanban_board,Total:122 Passed:122 Failed:0
1627733177711,342,selenium_view_dashboard,Success,True
.test_1_selenium_view_dashboard,Total:123 Passed:123 Failed:0
1627733178219,506,selenium_view_issue,Success,True
.test_1_selenium_view_issue,Total:124 Passed:124 Failed:0
1627733178646,426,selenium_project_summary,Success,True
.test_1_selenium_view_project_summary,Total:125 Passed:125 Failed:0
1627733178933,285,selenium_log_out,Success,True
.test_2_selenium_z_log_out,Total:126 Passed:126 Failed:0


=============================== warnings summary ===============================
../../usr/local/lib/python3.8/dist-packages/_pytest/config/__init__.py:1114
  /usr/local/lib/python3.8/dist-packages/_pytest/config/__init__.py:1114: PytestAssertRewriteWarning: Module already imported so cannot be rewritten: apiritif
    self._mark_plugins_for_rewrite(hook)

-- Docs: https://docs.pytest.org/en/stable/warnings.html
======================== 14 passed, 1 warning in 10.96s ========================
============================= test session starts ==============================
platform linux -- Python 3.8.5, pytest-6.2.3, py-1.10.0, pluggy-0.13.1
rootdir: /dc-app-performance-toolkit/app
plugins: apiritif-0.9.6
collected 14 items

selenium_ui/jira_ui.py get driver from global
clear browser cookies
node_id:i-0aee4779e9f1a9e7a
1627733179116,116,selenium_login:open_login_page,Success,True
1627733179600,483,selenium_login:login_and_view_dashboard,Success,True
1627733179600,601,selenium_login,Success,True
.test_0_selenium_a_login,Total:127 Passed:127 Failed:0
1627733179860,250,selenium_browse_projects_list,Success,True
.test_1_selenium_browse_projects_list,Total:128 Passed:128 Failed:0
1627733180091,230,selenium_browse_boards_list,Success,True
.test_1_selenium_browse_boards_list,Total:129 Passed:129 Failed:0
1627733180824,725,selenium_create_issue:open_quick_create,Success,True
1627733181963,599,selenium_create_issue:fill_and_submit_issue_form:submit_issue_form,Success,True
1627733181963,1138,selenium_create_issue:fill_and_submit_issue_form,Success,True
1627733181963,1864,selenium_create_issue,Success,True
.test_1_selenium_create_issue,Total:130 Passed:130 Failed:0
1627733182428,456,selenium_edit_issue:open_edit_issue_form,Success,True
1627733183389,579,selenium_edit_issue:save_edit_issue_form,Success,True
1627733183389,1417,selenium_edit_issue,Success,True
.test_1_selenium_edit_issue,Total:131 Passed:131 Failed:0
1627733183713,322,selenium_save_comment:open_comment_form,Success,True
1627733184595,748,selenium_save_comment:submit_form,Success,True
1627733184595,1205,selenium_save_comment,Success,True
.test_1_selenium_save_comment,Total:132 Passed:132 Failed:0
1627733185813,1216,selenium_search_jql,Success,True
.test_1_selenium_search_jql,Total:133 Passed:133 Failed:0
1627733186967,1152,selenium_view_scrum_board_backlog,Success,True
.test_1_selenium_view_backlog_for_scrum_board,Total:134 Passed:134 Failed:0
1627733187729,761,selenium_view_scrum_board,Success,True
.test_1_selenium_view_scrum_board,Total:135 Passed:135 Failed:0
1627733188525,794,selenium_view_kanban_board,Success,True
.test_1_selenium_view_kanban_board,Total:136 Passed:136 Failed:0
1627733189262,735,selenium_view_dashboard,Success,True
.test_1_selenium_view_dashboard,Total:137 Passed:137 Failed:0
1627733189779,515,selenium_view_issue,Success,True
.test_1_selenium_view_issue,Total:138 Passed:138 Failed:0
1627733190110,329,selenium_project_summary,Success,True
.test_1_selenium_view_project_summary,Total:139 Passed:139 Failed:0
1627733190398,287,selenium_log_out,Success,True
.test_2_selenium_z_log_out,Total:140 Passed:140 Failed:0


=============================== warnings summary ===============================
../../usr/local/lib/python3.8/dist-packages/_pytest/config/__init__.py:1114
  /usr/local/lib/python3.8/dist-packages/_pytest/config/__init__.py:1114: PytestAssertRewriteWarning: Module already imported so cannot be rewritten: apiritif
    self._mark_plugins_for_rewrite(hook)

-- Docs: https://docs.pytest.org/en/stable/warnings.html
======================== 14 passed, 1 warning in 11.43s ========================
============================= test session starts ==============================
platform linux -- Python 3.8.5, pytest-6.2.3, py-1.10.0, pluggy-0.13.1
rootdir: /dc-app-performance-toolkit/app
plugins: apiritif-0.9.6
collected 14 items

selenium_ui/jira_ui.py get driver from global
clear browser cookies
node_id:i-0aee4779e9f1a9e7a
1627733190583,118,selenium_login:open_login_page,Success,True
1627733191128,544,selenium_login:login_and_view_dashboard,Success,True
1627733191128,663,selenium_login,Success,True
.test_0_selenium_a_login,Total:141 Passed:141 Failed:0
1627733191391,252,selenium_browse_projects_list,Success,True
.test_1_selenium_browse_projects_list,Total:142 Passed:142 Failed:0
1627733191627,234,selenium_browse_boards_list,Success,True
.test_1_selenium_browse_boards_list,Total:143 Passed:143 Failed:0
1627733192335,700,selenium_create_issue:open_quick_create,Success,True
1627733193420,602,selenium_create_issue:fill_and_submit_issue_form:submit_issue_form,Success,True
1627733193420,1085,selenium_create_issue:fill_and_submit_issue_form,Success,True
1627733193420,1785,selenium_create_issue,Success,True
.test_1_selenium_create_issue,Total:144 Passed:144 Failed:0
1627733193882,454,selenium_edit_issue:open_edit_issue_form,Success,True
1627733194854,529,selenium_edit_issue:save_edit_issue_form,Success,True
1627733194854,1426,selenium_edit_issue,Success,True
.test_1_selenium_edit_issue,Total:145 Passed:145 Failed:0
1627733195191,335,selenium_save_comment:open_comment_form,Success,True
1627733196139,814,selenium_save_comment:submit_form,Success,True
1627733196140,1284,selenium_save_comment,Success,True
.test_1_selenium_save_comment,Total:146 Passed:146 Failed:0
1627733197367,1225,selenium_search_jql,Success,True
.test_1_selenium_search_jql,Total:147 Passed:147 Failed:0
1627733198532,1164,selenium_view_scrum_board_backlog,Success,True
.test_1_selenium_view_backlog_for_scrum_board,Total:148 Passed:148 Failed:0
1627733199299,764,selenium_view_scrum_board,Success,True
.test_1_selenium_view_scrum_board,Total:149 Passed:149 Failed:0
1627733200036,735,selenium_view_kanban_board,Success,True
.test_1_selenium_view_kanban_board,Total:150 Passed:150 Failed:0
1627733200397,359,selenium_view_dashboard,Success,True
.test_1_selenium_view_dashboard,Total:151 Passed:151 Failed:0
1627733201031,632,selenium_view_issue,Success,True
.test_1_selenium_view_issue,Total:152 Passed:152 Failed:0
1627733201412,380,selenium_project_summary,Success,True
.test_1_selenium_view_project_summary,Total:153 Passed:153 Failed:0
1627733201713,299,selenium_log_out,Success,True
.test_2_selenium_z_log_out,Total:154 Passed:154 Failed:0


=============================== warnings summary ===============================
../../usr/local/lib/python3.8/dist-packages/_pytest/config/__init__.py:1114
  /usr/local/lib/python3.8/dist-packages/_pytest/config/__init__.py:1114: PytestAssertRewriteWarning: Module already imported so cannot be rewritten: apiritif
    self._mark_plugins_for_rewrite(hook)

-- Docs: https://docs.pytest.org/en/stable/warnings.html
======================== 14 passed, 1 warning in 11.28s ========================
============================= test session starts ==============================
platform linux -- Python 3.8.5, pytest-6.2.3, py-1.10.0, pluggy-0.13.1
rootdir: /dc-app-performance-toolkit/app
plugins: apiritif-0.9.6
collected 14 items

selenium_ui/jira_ui.py get driver from global
clear browser cookies
node_id:i-0aee4779e9f1a9e7a
1627733201895,118,selenium_login:open_login_page,Success,True
1627733202384,489,selenium_login:login_and_view_dashboard,Success,True
1627733202384,607,selenium_login,Success,True
.test_0_selenium_a_login,Total:155 Passed:155 Failed:0
1627733202635,240,selenium_browse_projects_list,Success,True
.test_1_selenium_browse_projects_list,Total:156 Passed:156 Failed:0
1627733202868,231,selenium_browse_boards_list,Success,True
.test_1_selenium_browse_boards_list,Total:157 Passed:157 Failed:0
1627733203522,646,selenium_create_issue:open_quick_create,Success,True
1627733204566,597,selenium_create_issue:fill_and_submit_issue_form:submit_issue_form,Success,True
1627733204566,1043,selenium_create_issue:fill_and_submit_issue_form,Success,True
1627733204566,1690,selenium_create_issue,Success,True
.test_1_selenium_create_issue,Total:158 Passed:158 Failed:0
1627733205052,478,selenium_edit_issue:open_edit_issue_form,Success,True
1627733205997,544,selenium_edit_issue:save_edit_issue_form,Success,True
1627733205998,1424,selenium_edit_issue,Success,True
.test_1_selenium_edit_issue,Total:159 Passed:159 Failed:0
1627733206272,272,selenium_save_comment:open_comment_form,Success,True
1627733207171,726,selenium_save_comment:submit_form,Success,True
1627733207171,1172,selenium_save_comment,Success,True
.test_1_selenium_save_comment,Total:160 Passed:160 Failed:0
1627733208406,1233,selenium_search_jql,Success,True
.test_1_selenium_search_jql,Total:161 Passed:161 Failed:0
1627733209178,771,selenium_view_scrum_board_backlog,Success,True
.test_1_selenium_view_backlog_for_scrum_board,Total:162 Passed:162 Failed:0
1627733209952,772,selenium_view_scrum_board,Success,True
.test_1_selenium_view_scrum_board,Total:163 Passed:163 Failed:0
1627733210574,620,selenium_view_kanban_board,Success,True
.test_1_selenium_view_kanban_board,Total:164 Passed:164 Failed:0
1627733211067,492,selenium_view_dashboard,Success,True
.test_1_selenium_view_dashboard,Total:165 Passed:165 Failed:0
1627733211589,520,selenium_view_issue,Success,True
.test_1_selenium_view_issue,Total:166 Passed:166 Failed:0
1627733211920,329,selenium_project_summary,Success,True
.test_1_selenium_view_project_summary,Total:167 Passed:167 Failed:0
1627733212232,311,selenium_log_out,Success,True
.test_2_selenium_z_log_out,Total:168 Passed:168 Failed:0


=============================== warnings summary ===============================
../../usr/local/lib/python3.8/dist-packages/_pytest/config/__init__.py:1114
  /usr/local/lib/python3.8/dist-packages/_pytest/config/__init__.py:1114: PytestAssertRewriteWarning: Module already imported so cannot be rewritten: apiritif
    self._mark_plugins_for_rewrite(hook)

-- Docs: https://docs.pytest.org/en/stable/warnings.html
======================== 14 passed, 1 warning in 10.48s ========================
============================= test session starts ==============================
platform linux -- Python 3.8.5, pytest-6.2.3, py-1.10.0, pluggy-0.13.1
rootdir: /dc-app-performance-toolkit/app
plugins: apiritif-0.9.6
collected 14 items

selenium_ui/jira_ui.py get driver from global
clear browser cookies
node_id:i-0aee4779e9f1a9e7a
1627733212510,215,selenium_login:open_login_page,Success,True
1627733212946,435,selenium_login:login_and_view_dashboard,Success,True
1627733212946,651,selenium_login,Success,True
.test_0_selenium_a_login,Total:169 Passed:169 Failed:0
1627733213208,252,selenium_browse_projects_list,Success,True
.test_1_selenium_browse_projects_list,Total:170 Passed:170 Failed:0
1627733213453,243,selenium_browse_boards_list,Success,True
.test_1_selenium_browse_boards_list,Total:171 Passed:171 Failed:0
1627733214120,659,selenium_create_issue:open_quick_create,Success,True
1627733215214,599,selenium_create_issue:fill_and_submit_issue_form:submit_issue_form,Success,True
1627733215214,1093,selenium_create_issue:fill_and_submit_issue_form,Success,True
1627733215214,1753,selenium_create_issue,Success,True
.test_1_selenium_create_issue,Total:172 Passed:172 Failed:0
1627733215690,468,selenium_edit_issue:open_edit_issue_form,Success,True
1627733216587,511,selenium_edit_issue:save_edit_issue_form,Success,True
1627733216587,1365,selenium_edit_issue,Success,True
.test_1_selenium_edit_issue,Total:173 Passed:173 Failed:0
1627733216860,271,selenium_save_comment:open_comment_form,Success,True
1627733217723,695,selenium_save_comment:submit_form,Success,True
1627733217723,1134,selenium_save_comment,Success,True
.test_1_selenium_save_comment,Total:174 Passed:174 Failed:0
1627733218955,1230,selenium_search_jql,Success,True
.test_1_selenium_search_jql,Total:175 Passed:175 Failed:0
1627733220154,1197,selenium_view_scrum_board_backlog,Success,True
.test_1_selenium_view_backlog_for_scrum_board,Total:176 Passed:176 Failed:0
1627733220918,762,selenium_view_scrum_board,Success,True
.test_1_selenium_view_scrum_board,Total:177 Passed:177 Failed:0
1627733221531,611,selenium_view_kanban_board,Success,True
.test_1_selenium_view_kanban_board,Total:178 Passed:178 Failed:0
1627733222101,569,selenium_view_dashboard,Success,True
.test_1_selenium_view_dashboard,Total:179 Passed:179 Failed:0
1627733222688,585,selenium_view_issue,Success,True
.test_1_selenium_view_issue,Total:180 Passed:180 Failed:0
1627733222991,301,selenium_project_summary,Success,True
.test_1_selenium_view_project_summary,Total:181 Passed:181 Failed:0
1627733223276,283,selenium_log_out,Success,True
.test_2_selenium_z_log_out,Total:182 Passed:182 Failed:0


=============================== warnings summary ===============================
../../usr/local/lib/python3.8/dist-packages/_pytest/config/__init__.py:1114
  /usr/local/lib/python3.8/dist-packages/_pytest/config/__init__.py:1114: PytestAssertRewriteWarning: Module already imported so cannot be rewritten: apiritif
    self._mark_plugins_for_rewrite(hook)

-- Docs: https://docs.pytest.org/en/stable/warnings.html
======================== 14 passed, 1 warning in 11.01s ========================
============================= test session starts ==============================
platform linux -- Python 3.8.5, pytest-6.2.3, py-1.10.0, pluggy-0.13.1
rootdir: /dc-app-performance-toolkit/app
plugins: apiritif-0.9.6
collected 14 items

selenium_ui/jira_ui.py get driver from global
clear browser cookies
node_id:i-0aee4779e9f1a9e7a
1627733223456,119,selenium_login:open_login_page,Success,True
1627733223892,435,selenium_login:login_and_view_dashboard,Success,True
1627733223892,554,selenium_login,Success,True
.test_0_selenium_a_login,Total:183 Passed:183 Failed:0
1627733224133,232,selenium_browse_projects_list,Success,True
.test_1_selenium_browse_projects_list,Total:184 Passed:184 Failed:0
1627733224374,238,selenium_browse_boards_list,Success,True
.test_1_selenium_browse_boards_list,Total:185 Passed:185 Failed:0
1627733225323,942,selenium_create_issue:open_quick_create,Success,True
1627733227036,1112,selenium_create_issue:fill_and_submit_issue_form:submit_issue_form,Success,True
1627733227036,1712,selenium_create_issue:fill_and_submit_issue_form,Success,True
1627733227036,2655,selenium_create_issue,Success,True
.test_1_selenium_create_issue,Total:186 Passed:186 Failed:0
1627733227497,452,selenium_edit_issue:open_edit_issue_form,Success,True
1627733228499,615,selenium_edit_issue:save_edit_issue_form,Success,True
1627733228499,1454,selenium_edit_issue,Success,True
.test_1_selenium_edit_issue,Total:187 Passed:187 Failed:0
1627733228757,256,selenium_save_comment:open_comment_form,Success,True
1627733229575,681,selenium_save_comment:submit_form,Success,True
1627733229575,1074,selenium_save_comment,Success,True
.test_1_selenium_save_comment,Total:188 Passed:188 Failed:0
1627733230773,1197,selenium_search_jql,Success,True
.test_1_selenium_search_jql,Total:189 Passed:189 Failed:0
1627733231531,756,selenium_view_scrum_board_backlog,Success,True
.test_1_selenium_view_backlog_for_scrum_board,Total:190 Passed:190 Failed:0
1627733232360,827,selenium_view_scrum_board,Success,True
.test_1_selenium_view_scrum_board,Total:191 Passed:191 Failed:0
1627733233194,832,selenium_view_kanban_board,Success,True
.test_1_selenium_view_kanban_board,Total:192 Passed:192 Failed:0
1627733233763,567,selenium_view_dashboard,Success,True
.test_1_selenium_view_dashboard,Total:193 Passed:193 Failed:0
1627733234330,565,selenium_view_issue,Success,True
.test_1_selenium_view_issue,Total:194 Passed:194 Failed:0
1627733234684,351,selenium_project_summary,Success,True
.test_1_selenium_view_project_summary,Total:195 Passed:195 Failed:0
1627733234967,281,selenium_log_out,Success,True
.test_2_selenium_z_log_out,Total:196 Passed:196 Failed:0


=============================== warnings summary ===============================
../../usr/local/lib/python3.8/dist-packages/_pytest/config/__init__.py:1114
  /usr/local/lib/python3.8/dist-packages/_pytest/config/__init__.py:1114: PytestAssertRewriteWarning: Module already imported so cannot be rewritten: apiritif
    self._mark_plugins_for_rewrite(hook)

-- Docs: https://docs.pytest.org/en/stable/warnings.html
======================== 14 passed, 1 warning in 11.66s ========================
============================= test session starts ==============================
platform linux -- Python 3.8.5, pytest-6.2.3, py-1.10.0, pluggy-0.13.1
rootdir: /dc-app-performance-toolkit/app
plugins: apiritif-0.9.6
collected 14 items

selenium_ui/jira_ui.py get driver from global
clear browser cookies
node_id:i-0aee4779e9f1a9e7a
1627733235150,118,selenium_login:open_login_page,Success,True
1627733236332,1181,selenium_login:login_and_view_dashboard,Success,True
1627733236332,1300,selenium_login,Success,True
.test_0_selenium_a_login,Total:197 Passed:197 Failed:0
1627733236667,214,selenium_browse_projects_list,Success,True
.test_1_selenium_browse_projects_list,Total:198 Passed:198 Failed:0
1627733236909,239,selenium_browse_boards_list,Success,True
.test_1_selenium_browse_boards_list,Total:199 Passed:199 Failed:0
1627733237577,659,selenium_create_issue:open_quick_create,Success,True
1627733238624,600,selenium_create_issue:fill_and_submit_issue_form:submit_issue_form,Success,True
1627733238624,1047,selenium_create_issue:fill_and_submit_issue_form,Success,True
1627733238624,1707,selenium_create_issue,Success,True
.test_1_selenium_create_issue,Total:200 Passed:200 Failed:0
1627733239045,412,selenium_edit_issue:open_edit_issue_form,Success,True
1627733240039,544,selenium_edit_issue:save_edit_issue_form,Success,True
1627733240039,1406,selenium_edit_issue,Success,True
.test_1_selenium_edit_issue,Total:201 Passed:201 Failed:0
1627733240378,337,selenium_save_comment:open_comment_form,Success,True
1627733241276,759,selenium_save_comment:submit_form,Success,True
1627733241276,1235,selenium_save_comment,Success,True
.test_1_selenium_save_comment,Total:202 Passed:202 Failed:0
1627733242521,1244,selenium_search_jql,Success,True
.test_1_selenium_search_jql,Total:203 Passed:203 Failed:0
1627733243725,1202,selenium_view_scrum_board_backlog,Success,True
.test_1_selenium_view_backlog_for_scrum_board,Total:204 Passed:204 Failed:0
1627733244481,754,selenium_view_scrum_board,Success,True
.test_1_selenium_view_scrum_board,Total:205 Passed:205 Failed:0
1627733245060,577,selenium_view_kanban_board,Success,True
.test_1_selenium_view_kanban_board,Total:206 Passed:206 Failed:0
1627733245412,349,selenium_view_dashboard,Success,True
.test_1_selenium_view_dashboard,Total:207 Passed:207 Failed:0
1627733246021,608,selenium_view_issue,Success,True
.test_1_selenium_view_issue,Total:208 Passed:208 Failed:0
1627733246391,368,selenium_project_summary,Success,True
.test_1_selenium_view_project_summary,Total:209 Passed:209 Failed:0
1627733246744,351,selenium_log_out,Success,True
.test_2_selenium_z_log_out,Total:210 Passed:210 Failed:0


=============================== warnings summary ===============================
../../usr/local/lib/python3.8/dist-packages/_pytest/config/__init__.py:1114
  /usr/local/lib/python3.8/dist-packages/_pytest/config/__init__.py:1114: PytestAssertRewriteWarning: Module already imported so cannot be rewritten: apiritif
    self._mark_plugins_for_rewrite(hook)

-- Docs: https://docs.pytest.org/en/stable/warnings.html
======================== 14 passed, 1 warning in 11.74s ========================
============================= test session starts ==============================
platform linux -- Python 3.8.5, pytest-6.2.3, py-1.10.0, pluggy-0.13.1
rootdir: /dc-app-performance-toolkit/app
plugins: apiritif-0.9.6
collected 14 items

selenium_ui/jira_ui.py get driver from global
clear browser cookies
node_id:i-0aee4779e9f1a9e7a
1627733246924,117,selenium_login:open_login_page,Success,True
1627733248038,1113,selenium_login:login_and_view_dashboard,Success,True
1627733248038,1231,selenium_login,Success,True
.test_0_selenium_a_login,Total:211 Passed:211 Failed:0
1627733248281,225,selenium_browse_projects_list,Success,True
.test_1_selenium_browse_projects_list,Total:212 Passed:212 Failed:0
1627733249032,750,selenium_browse_boards_list,Success,True
.test_1_selenium_browse_boards_list,Total:213 Passed:213 Failed:0
1627733249695,654,selenium_create_issue:open_quick_create,Success,True
1627733250713,596,selenium_create_issue:fill_and_submit_issue_form:submit_issue_form,Success,True
1627733250713,1017,selenium_create_issue:fill_and_submit_issue_form,Success,True
1627733250713,1672,selenium_create_issue,Success,True
.test_1_selenium_create_issue,Total:214 Passed:214 Failed:0
1627733251203,483,selenium_edit_issue:open_edit_issue_form,Success,True
1627733252094,462,selenium_edit_issue:save_edit_issue_form,Success,True
1627733252094,1374,selenium_edit_issue,Success,True
.test_1_selenium_edit_issue,Total:215 Passed:215 Failed:0
1627733252450,354,selenium_save_comment:open_comment_form,Success,True
1627733253332,736,selenium_save_comment:submit_form,Success,True
1627733253333,1237,selenium_save_comment,Success,True
.test_1_selenium_save_comment,Total:216 Passed:216 Failed:0
1627733254614,1279,selenium_search_jql,Success,True
.test_1_selenium_search_jql,Total:217 Passed:217 Failed:0
1627733255382,767,selenium_view_scrum_board_backlog,Success,True
.test_1_selenium_view_backlog_for_scrum_board,Total:218 Passed:218 Failed:0
1627733256146,762,selenium_view_scrum_board,Success,True
.test_1_selenium_view_scrum_board,Total:219 Passed:219 Failed:0
1627733257234,1086,selenium_view_kanban_board,Success,True
.test_1_selenium_view_kanban_board,Total:220 Passed:220 Failed:0
1627733257586,350,selenium_view_dashboard,Success,True
.test_1_selenium_view_dashboard,Total:221 Passed:221 Failed:0
1627733258129,541,selenium_view_issue,Success,True
.test_1_selenium_view_issue,Total:222 Passed:222 Failed:0
1627733258419,288,selenium_project_summary,Success,True
.test_1_selenium_view_project_summary,Total:223 Passed:223 Failed:0
1627733258714,294,selenium_log_out,Success,True
.test_2_selenium_z_log_out,Total:224 Passed:224 Failed:0


=============================== warnings summary ===============================
../../usr/local/lib/python3.8/dist-packages/_pytest/config/__init__.py:1114
  /usr/local/lib/python3.8/dist-packages/_pytest/config/__init__.py:1114: PytestAssertRewriteWarning: Module already imported so cannot be rewritten: apiritif
    self._mark_plugins_for_rewrite(hook)

-- Docs: https://docs.pytest.org/en/stable/warnings.html
======================== 14 passed, 1 warning in 11.94s ========================
============================= test session starts ==============================
platform linux -- Python 3.8.5, pytest-6.2.3, py-1.10.0, pluggy-0.13.1
rootdir: /dc-app-performance-toolkit/app
plugins: apiritif-0.9.6
collected 14 items

selenium_ui/jira_ui.py get driver from global
clear browser cookies
node_id:i-0aee4779e9f1a9e7a
1627733258925,131,selenium_login:open_login_page,Success,True
1627733259363,437,selenium_login:login_and_view_dashboard,Success,True
1627733259364,569,selenium_login,Success,True
.test_0_selenium_a_login,Total:225 Passed:225 Failed:0
1627733259622,248,selenium_browse_projects_list,Success,True
.test_1_selenium_browse_projects_list,Total:226 Passed:226 Failed:0
1627733259867,244,selenium_browse_boards_list,Success,True
.test_1_selenium_browse_boards_list,Total:227 Passed:227 Failed:0
1627733260533,658,selenium_create_issue:open_quick_create,Success,True
1627733261617,651,selenium_create_issue:fill_and_submit_issue_form:submit_issue_form,Success,True
1627733261617,1084,selenium_create_issue:fill_and_submit_issue_form,Success,True
1627733261617,1742,selenium_create_issue,Success,True
.test_1_selenium_create_issue,Total:228 Passed:228 Failed:0
1627733262116,491,selenium_edit_issue:open_edit_issue_form,Success,True
1627733263122,627,selenium_edit_issue:save_edit_issue_form,Success,True
1627733263122,1497,selenium_edit_issue,Success,True
.test_1_selenium_edit_issue,Total:229 Passed:229 Failed:0
1627733263338,214,selenium_save_comment:open_comment_form,Success,True
1627733264313,797,selenium_save_comment:submit_form,Success,True
1627733264313,1189,selenium_save_comment,Success,True
.test_1_selenium_save_comment,Total:230 Passed:230 Failed:0
1627733265528,1213,selenium_search_jql,Success,True
.test_1_selenium_search_jql,Total:231 Passed:231 Failed:0
1627733266743,1213,selenium_view_scrum_board_backlog,Success,True
.test_1_selenium_view_backlog_for_scrum_board,Total:232 Passed:232 Failed:0
1627733267513,769,selenium_view_scrum_board,Success,True
.test_1_selenium_view_scrum_board,Total:233 Passed:233 Failed:0
1627733268176,661,selenium_view_kanban_board,Success,True
.test_1_selenium_view_kanban_board,Total:234 Passed:234 Failed:0
1627733268672,494,selenium_view_dashboard,Success,True
.test_1_selenium_view_dashboard,Total:235 Passed:235 Failed:0
1627733269251,577,selenium_view_issue,Success,True
.test_1_selenium_view_issue,Total:236 Passed:236 Failed:0
1627733269546,293,selenium_project_summary,Success,True
.test_1_selenium_view_project_summary,Total:237 Passed:237 Failed:0
1627733269839,291,selenium_log_out,Success,True
.test_2_selenium_z_log_out,Total:238 Passed:238 Failed:0


=============================== warnings summary ===============================
../../usr/local/lib/python3.8/dist-packages/_pytest/config/__init__.py:1114
  /usr/local/lib/python3.8/dist-packages/_pytest/config/__init__.py:1114: PytestAssertRewriteWarning: Module already imported so cannot be rewritten: apiritif
    self._mark_plugins_for_rewrite(hook)

-- Docs: https://docs.pytest.org/en/stable/warnings.html
======================== 14 passed, 1 warning in 11.07s ========================
============================= test session starts ==============================
platform linux -- Python 3.8.5, pytest-6.2.3, py-1.10.0, pluggy-0.13.1
rootdir: /dc-app-performance-toolkit/app
plugins: apiritif-0.9.6
collected 14 items

selenium_ui/jira_ui.py get driver from global
clear browser cookies
node_id:i-0aee4779e9f1a9e7a
1627733270011,112,selenium_login:open_login_page,Success,True
1627733270443,431,selenium_login:login_and_view_dashboard,Success,True
1627733270443,544,selenium_login,Success,True
.test_0_selenium_a_login,Total:239 Passed:239 Failed:0
1627733270697,244,selenium_browse_projects_list,Success,True
.test_1_selenium_browse_projects_list,Total:240 Passed:240 Failed:0
1627733271445,746,selenium_browse_boards_list,Success,True
.test_1_selenium_browse_boards_list,Total:241 Passed:241 Failed:0
1627733272100,646,selenium_create_issue:open_quick_create,Success,True
1627733273172,597,selenium_create_issue:fill_and_submit_issue_form:submit_issue_form,Success,True
1627733273172,1072,selenium_create_issue:fill_and_submit_issue_form,Success,True
1627733273172,1719,selenium_create_issue,Success,True
.test_1_selenium_create_issue,Total:242 Passed:242 Failed:0
1627733273627,446,selenium_edit_issue:open_edit_issue_form,Success,True
1627733274613,607,selenium_edit_issue:save_edit_issue_form,Success,True
1627733274613,1433,selenium_edit_issue,Success,True
.test_1_selenium_edit_issue,Total:243 Passed:243 Failed:0
1627733274955,340,selenium_save_comment:open_comment_form,Success,True
1627733275660,617,selenium_save_comment:submit_form,Success,True
1627733275660,1045,selenium_save_comment,Success,True
.test_1_selenium_save_comment,Total:244 Passed:244 Failed:0
1627733276940,1278,selenium_search_jql,Success,True
.test_1_selenium_search_jql,Total:245 Passed:245 Failed:0
1627733277716,774,selenium_view_scrum_board_backlog,Success,True
.test_1_selenium_view_backlog_for_scrum_board,Total:246 Passed:246 Failed:0
1627733278566,849,selenium_view_scrum_board,Success,True
.test_1_selenium_view_scrum_board,Total:247 Passed:247 Failed:0
1627733279559,991,selenium_view_kanban_board,Success,True
.test_1_selenium_view_kanban_board,Total:248 Passed:248 Failed:0
1627733280008,447,selenium_view_dashboard,Success,True
.test_1_selenium_view_dashboard,Total:249 Passed:249 Failed:0
1627733280476,466,selenium_view_issue,Success,True
.test_1_selenium_view_issue,Total:250 Passed:250 Failed:0
1627733280873,395,selenium_project_summary,Success,True
.test_1_selenium_view_project_summary,Total:251 Passed:251 Failed:0
1627733281161,287,selenium_log_out,Success,True
.test_2_selenium_z_log_out,Total:252 Passed:252 Failed:0


=============================== warnings summary ===============================
../../usr/local/lib/python3.8/dist-packages/_pytest/config/__init__.py:1114
  /usr/local/lib/python3.8/dist-packages/_pytest/config/__init__.py:1114: PytestAssertRewriteWarning: Module already imported so cannot be rewritten: apiritif
    self._mark_plugins_for_rewrite(hook)

-- Docs: https://docs.pytest.org/en/stable/warnings.html
======================== 14 passed, 1 warning in 11.29s ========================
============================= test session starts ==============================
platform linux -- Python 3.8.5, pytest-6.2.3, py-1.10.0, pluggy-0.13.1
rootdir: /dc-app-performance-toolkit/app
plugins: apiritif-0.9.6
collected 14 items

selenium_ui/jira_ui.py get driver from global
clear browser cookies
node_id:i-0aee4779e9f1a9e7a
1627733281334,117,selenium_login:open_login_page,Success,True
1627733282536,1202,selenium_login:login_and_view_dashboard,Success,True
1627733282536,1319,selenium_login,Success,True
.test_0_selenium_a_login,Total:253 Passed:253 Failed:0
1627733282764,206,selenium_browse_projects_list,Success,True
.test_1_selenium_browse_projects_list,Total:254 Passed:254 Failed:0
1627733283000,233,selenium_browse_boards_list,Success,True
.test_1_selenium_browse_boards_list,Total:255 Passed:255 Failed:0
1627733283658,651,selenium_create_issue:open_quick_create,Success,True
1627733284722,595,selenium_create_issue:fill_and_submit_issue_form:submit_issue_form,Success,True
1627733284722,1063,selenium_create_issue:fill_and_submit_issue_form,Success,True
1627733284722,1714,selenium_create_issue,Success,True
.test_1_selenium_create_issue,Total:256 Passed:256 Failed:0
1627733285172,443,selenium_edit_issue:open_edit_issue_form,Success,True
1627733286145,609,selenium_edit_issue:save_edit_issue_form,Success,True
1627733286145,1415,selenium_edit_issue,Success,True
.test_1_selenium_edit_issue,Total:257 Passed:257 Failed:0
1627733286474,328,selenium_save_comment:open_comment_form,Success,True
1627733287275,714,selenium_save_comment:submit_form,Success,True
1627733287275,1129,selenium_save_comment,Success,True
.test_1_selenium_save_comment,Total:258 Passed:258 Failed:0
1627733288506,1229,selenium_search_jql,Success,True
.test_1_selenium_search_jql,Total:259 Passed:259 Failed:0
1627733289687,1178,selenium_view_scrum_board_backlog,Success,True
.test_1_selenium_view_backlog_for_scrum_board,Total:260 Passed:260 Failed:0
1627733290444,756,selenium_view_scrum_board,Success,True
.test_1_selenium_view_scrum_board,Total:261 Passed:261 Failed:0
1627733291179,733,selenium_view_kanban_board,Success,True
.test_1_selenium_view_kanban_board,Total:262 Passed:262 Failed:0
1627733291543,362,selenium_view_dashboard,Success,True
.test_1_selenium_view_dashboard,Total:263 Passed:263 Failed:0
1627733292170,625,selenium_view_issue,Success,True
.test_1_selenium_view_issue,Total:264 Passed:264 Failed:0
1627733292516,344,selenium_project_summary,Success,True
.test_1_selenium_view_project_summary,Total:265 Passed:265 Failed:0
1627733292807,290,selenium_log_out,Success,True
.test_2_selenium_z_log_out,Total:266 Passed:266 Failed:0


=============================== warnings summary ===============================
../../usr/local/lib/python3.8/dist-packages/_pytest/config/__init__.py:1114
  /usr/local/lib/python3.8/dist-packages/_pytest/config/__init__.py:1114: PytestAssertRewriteWarning: Module already imported so cannot be rewritten: apiritif
    self._mark_plugins_for_rewrite(hook)

-- Docs: https://docs.pytest.org/en/stable/warnings.html
======================== 14 passed, 1 warning in 11.61s ========================
============================= test session starts ==============================
platform linux -- Python 3.8.5, pytest-6.2.3, py-1.10.0, pluggy-0.13.1
rootdir: /dc-app-performance-toolkit/app
plugins: apiritif-0.9.6
collected 14 items

selenium_ui/jira_ui.py get driver from global
clear browser cookies
node_id:i-0aee4779e9f1a9e7a
1627733292977,110,selenium_login:open_login_page,Success,True
1627733293445,467,selenium_login:login_and_view_dashboard,Success,True
1627733293445,578,selenium_login,Success,True
.test_0_selenium_a_login,Total:267 Passed:267 Failed:0
1627733293697,242,selenium_browse_projects_list,Success,True
.test_1_selenium_browse_projects_list,Total:268 Passed:268 Failed:0
1627733294439,740,selenium_browse_boards_list,Success,True
.test_1_selenium_browse_boards_list,Total:269 Passed:269 Failed:0
1627733295087,640,selenium_create_issue:open_quick_create,Success,True
1627733296174,599,selenium_create_issue:fill_and_submit_issue_form:submit_issue_form,Success,True
1627733296174,1087,selenium_create_issue:fill_and_submit_issue_form,Success,True
1627733296174,1727,selenium_create_issue,Success,True
.test_1_selenium_create_issue,Total:270 Passed:270 Failed:0
1627733296648,466,selenium_edit_issue:open_edit_issue_form,Success,True
1627733297615,588,selenium_edit_issue:save_edit_issue_form,Success,True
1627733297615,1432,selenium_edit_issue,Success,True
.test_1_selenium_edit_issue,Total:271 Passed:271 Failed:0
1627733297871,254,selenium_save_comment:open_comment_form,Success,True
1627733298796,792,selenium_save_comment:submit_form,Success,True
1627733298796,1180,selenium_save_comment,Success,True
.test_1_selenium_save_comment,Total:272 Passed:272 Failed:0
1627733299975,1176,selenium_search_jql,Success,True
.test_1_selenium_search_jql,Total:273 Passed:273 Failed:0
1627733301170,1194,selenium_view_scrum_board_backlog,Success,True
.test_1_selenium_view_backlog_for_scrum_board,Total:274 Passed:274 Failed:0
1627733301946,774,selenium_view_scrum_board,Success,True
.test_1_selenium_view_scrum_board,Total:275 Passed:275 Failed:0
1627733302512,565,selenium_view_kanban_board,Success,True
.test_1_selenium_view_kanban_board,Total:276 Passed:276 Failed:0
1627733303011,497,selenium_view_dashboard,Success,True
.test_1_selenium_view_dashboard,Total:277 Passed:277 Failed:0
1627733303486,473,selenium_view_issue,Success,True
.test_1_selenium_view_issue,Total:278 Passed:278 Failed:0
1627733303765,277,selenium_project_summary,Success,True
.test_1_selenium_view_project_summary,Total:279 Passed:279 Failed:0
1627733304136,369,selenium_log_out,Success,True
.test_2_selenium_z_log_out,Total:280 Passed:280 Failed:0


=============================== warnings summary ===============================
../../usr/local/lib/python3.8/dist-packages/_pytest/config/__init__.py:1114
  /usr/local/lib/python3.8/dist-packages/_pytest/config/__init__.py:1114: PytestAssertRewriteWarning: Module already imported so cannot be rewritten: apiritif
    self._mark_plugins_for_rewrite(hook)

-- Docs: https://docs.pytest.org/en/stable/warnings.html
======================== 14 passed, 1 warning in 11.29s ========================
============================= test session starts ==============================
platform linux -- Python 3.8.5, pytest-6.2.3, py-1.10.0, pluggy-0.13.1
rootdir: /dc-app-performance-toolkit/app
plugins: apiritif-0.9.6
collected 14 items

selenium_ui/jira_ui.py get driver from global
clear browser cookies
node_id:i-0aee4779e9f1a9e7a
1627733304309,113,selenium_login:open_login_page,Success,True
1627733305502,1193,selenium_login:login_and_view_dashboard,Success,True
1627733305502,1307,selenium_login,Success,True
.test_0_selenium_a_login,Total:281 Passed:281 Failed:0
1627733305759,235,selenium_browse_projects_list,Success,True
.test_1_selenium_browse_projects_list,Total:282 Passed:282 Failed:0
1627733306004,243,selenium_browse_boards_list,Success,True
.test_1_selenium_browse_boards_list,Total:283 Passed:283 Failed:0
1627733306645,632,selenium_create_issue:open_quick_create,Success,True
1627733307722,597,selenium_create_issue:fill_and_submit_issue_form:submit_issue_form,Success,True
1627733307722,1076,selenium_create_issue:fill_and_submit_issue_form,Success,True
1627733307722,1709,selenium_create_issue,Success,True
.test_1_selenium_create_issue,Total:284 Passed:284 Failed:0
1627733308170,440,selenium_edit_issue:open_edit_issue_form,Success,True
1627733309022,458,selenium_edit_issue:save_edit_issue_form,Success,True
1627733309022,1292,selenium_edit_issue,Success,True
.test_1_selenium_edit_issue,Total:285 Passed:285 Failed:0
1627733309247,223,selenium_save_comment:open_comment_form,Success,True
1627733310219,793,selenium_save_comment:submit_form,Success,True
1627733310219,1195,selenium_save_comment,Success,True
.test_1_selenium_save_comment,Total:286 Passed:286 Failed:0
1627733311430,1209,selenium_search_jql,Success,True
.test_1_selenium_search_jql,Total:287 Passed:287 Failed:0
1627733312207,775,selenium_view_scrum_board_backlog,Success,True
.test_1_selenium_view_backlog_for_scrum_board,Total:288 Passed:288 Failed:0
1627733313021,812,selenium_view_scrum_board,Success,True
.test_1_selenium_view_scrum_board,Total:289 Passed:289 Failed:0
1627733313920,898,selenium_view_kanban_board,Success,True
.test_1_selenium_view_kanban_board,Total:290 Passed:290 Failed:0
1627733314468,546,selenium_view_dashboard,Success,True
.test_1_selenium_view_dashboard,Total:291 Passed:291 Failed:0
1627733315292,822,selenium_view_issue,Success,True
.test_1_selenium_view_issue,Total:292 Passed:292 Failed:0
1627733315786,492,selenium_project_summary,Success,True
.test_1_selenium_view_project_summary,Total:293 Passed:293 Failed:0
1627733316142,354,selenium_log_out,Success,True
.test_2_selenium_z_log_out,Total:294 Passed:294 Failed:0


=============================== warnings summary ===============================
../../usr/local/lib/python3.8/dist-packages/_pytest/config/__init__.py:1114
  /usr/local/lib/python3.8/dist-packages/_pytest/config/__init__.py:1114: PytestAssertRewriteWarning: Module already imported so cannot be rewritten: apiritif
    self._mark_plugins_for_rewrite(hook)

-- Docs: https://docs.pytest.org/en/stable/warnings.html
======================== 14 passed, 1 warning in 11.97s ========================
============================= test session starts ==============================
platform linux -- Python 3.8.5, pytest-6.2.3, py-1.10.0, pluggy-0.13.1
rootdir: /dc-app-performance-toolkit/app
plugins: apiritif-0.9.6
collected 14 items

selenium_ui/jira_ui.py get driver from global
clear browser cookies
node_id:i-0aee4779e9f1a9e7a
1627733316367,152,selenium_login:open_login_page,Success,True
1627733317585,1218,selenium_login:login_and_view_dashboard,Success,True
1627733317585,1371,selenium_login,Success,True
.test_0_selenium_a_login,Total:295 Passed:295 Failed:0
1627733317811,207,selenium_browse_projects_list,Success,True
.test_1_selenium_browse_projects_list,Total:296 Passed:296 Failed:0
1627733318050,237,selenium_browse_boards_list,Success,True
.test_1_selenium_browse_boards_list,Total:297 Passed:297 Failed:0
1627733318691,632,selenium_create_issue:open_quick_create,Success,True
1627733319716,589,selenium_create_issue:fill_and_submit_issue_form:submit_issue_form,Success,True
1627733319717,1025,selenium_create_issue:fill_and_submit_issue_form,Success,True
1627733319717,1658,selenium_create_issue,Success,True
.test_1_selenium_create_issue,Total:298 Passed:298 Failed:0
1627733320154,430,selenium_edit_issue:open_edit_issue_form,Success,True
1627733321131,584,selenium_edit_issue:save_edit_issue_form,Success,True
1627733321131,1407,selenium_edit_issue,Success,True
.test_1_selenium_edit_issue,Total:299 Passed:299 Failed:0
1627733321363,230,selenium_save_comment:open_comment_form,Success,True
1627733322284,715,selenium_save_comment:submit_form,Success,True
1627733322284,1151,selenium_save_comment,Success,True
.test_1_selenium_save_comment,Total:300 Passed:300 Failed:0
1627733323505,1219,selenium_search_jql,Success,True
.test_1_selenium_search_jql,Total:301 Passed:301 Failed:0
1627733324274,767,selenium_view_scrum_board_backlog,Success,True
.test_1_selenium_view_backlog_for_scrum_board,Total:302 Passed:302 Failed:0
1627733325073,798,selenium_view_scrum_board,Success,True
.test_1_selenium_view_scrum_board,Total:303 Passed:303 Failed:0
1627733326101,1027,selenium_view_kanban_board,Success,True
.test_1_selenium_view_kanban_board,Total:304 Passed:304 Failed:0
1627733326315,211,selenium_view_dashboard,Success,True
.test_1_selenium_view_dashboard,Total:305 Passed:305 Failed:0
1627733326755,438,selenium_view_issue,Success,True
.test_1_selenium_view_issue,Total:306 Passed:306 Failed:0
1627733327197,441,selenium_project_summary,Success,True
.test_1_selenium_view_project_summary,Total:307 Passed:307 Failed:0
1627733327471,271,selenium_log_out,Success,True
.test_2_selenium_z_log_out,Total:308 Passed:308 Failed:0


=============================== warnings summary ===============================
../../usr/local/lib/python3.8/dist-packages/_pytest/config/__init__.py:1114
  /usr/local/lib/python3.8/dist-packages/_pytest/config/__init__.py:1114: PytestAssertRewriteWarning: Module already imported so cannot be rewritten: apiritif
    self._mark_plugins_for_rewrite(hook)

-- Docs: https://docs.pytest.org/en/stable/warnings.html
======================== 14 passed, 1 warning in 11.28s ========================
============================= test session starts ==============================
platform linux -- Python 3.8.5, pytest-6.2.3, py-1.10.0, pluggy-0.13.1
rootdir: /dc-app-performance-toolkit/app
plugins: apiritif-0.9.6
collected 14 items

selenium_ui/jira_ui.py get driver from global
clear browser cookies
node_id:i-0aee4779e9f1a9e7a
1627733327648,116,selenium_login:open_login_page,Success,True
1627733328716,1067,selenium_login:login_and_view_dashboard,Success,True
1627733328717,1184,selenium_login,Success,True
.test_0_selenium_a_login,Total:309 Passed:309 Failed:0
1627733328969,235,selenium_browse_projects_list,Success,True
.test_1_selenium_browse_projects_list,Total:310 Passed:310 Failed:0
1627733329762,791,selenium_browse_boards_list,Success,True
.test_1_selenium_browse_boards_list,Total:311 Passed:311 Failed:0
1627733330434,662,selenium_create_issue:open_quick_create,Success,True
1627733331530,594,selenium_create_issue:fill_and_submit_issue_form:submit_issue_form,Success,True
1627733331530,1095,selenium_create_issue:fill_and_submit_issue_form,Success,True
1627733331530,1758,selenium_create_issue,Success,True
.test_1_selenium_create_issue,Total:312 Passed:312 Failed:0
1627733332002,465,selenium_edit_issue:open_edit_issue_form,Success,True
1627733332884,501,selenium_edit_issue:save_edit_issue_form,Success,True
1627733332884,1346,selenium_edit_issue,Success,True
.test_1_selenium_edit_issue,Total:313 Passed:313 Failed:0
1627733333151,265,selenium_save_comment:open_comment_form,Success,True
1627733333979,658,selenium_save_comment:submit_form,Success,True
1627733333979,1093,selenium_save_comment,Success,True
.test_1_selenium_save_comment,Total:314 Passed:314 Failed:0
1627733335185,1204,selenium_search_jql,Success,True
.test_1_selenium_search_jql,Total:315 Passed:315 Failed:0
1627733335953,766,selenium_view_scrum_board_backlog,Success,True
.test_1_selenium_view_backlog_for_scrum_board,Total:316 Passed:316 Failed:0
1627733336715,761,selenium_view_scrum_board,Success,True
.test_1_selenium_view_scrum_board,Total:317 Passed:317 Failed:0
1627733337106,389,selenium_view_kanban_board,Success,True
.test_1_selenium_view_kanban_board,Total:318 Passed:318 Failed:0
1627733337382,275,selenium_view_dashboard,Success,True
.test_1_selenium_view_dashboard,Total:319 Passed:319 Failed:0
1627733337873,488,selenium_view_issue,Success,True
.test_1_selenium_view_issue,Total:320 Passed:320 Failed:0
1627733338273,398,selenium_project_summary,Success,True
.test_1_selenium_view_project_summary,Total:321 Passed:321 Failed:0
1627733338580,305,selenium_log_out,Success,True
.test_2_selenium_z_log_out,Total:322 Passed:322 Failed:0


=============================== warnings summary ===============================
../../usr/local/lib/python3.8/dist-packages/_pytest/config/__init__.py:1114
  /usr/local/lib/python3.8/dist-packages/_pytest/config/__init__.py:1114: PytestAssertRewriteWarning: Module already imported so cannot be rewritten: apiritif
    self._mark_plugins_for_rewrite(hook)

-- Docs: https://docs.pytest.org/en/stable/warnings.html
======================== 14 passed, 1 warning in 11.07s ========================
============================= test session starts ==============================
platform linux -- Python 3.8.5, pytest-6.2.3, py-1.10.0, pluggy-0.13.1
rootdir: /dc-app-performance-toolkit/app
plugins: apiritif-0.9.6
collected 14 items

selenium_ui/jira_ui.py get driver from global
clear browser cookies
node_id:i-0aee4779e9f1a9e7a
1627733338786,119,selenium_login:open_login_page,Success,True
1627733339288,501,selenium_login:login_and_view_dashboard,Success,True
1627733339288,621,selenium_login,Success,True
.test_0_selenium_a_login,Total:323 Passed:323 Failed:0
1627733339542,244,selenium_browse_projects_list,Success,True
.test_1_selenium_browse_projects_list,Total:324 Passed:324 Failed:0
1627733339782,239,selenium_browse_boards_list,Success,True
.test_1_selenium_browse_boards_list,Total:325 Passed:325 Failed:0
1627733340456,666,selenium_create_issue:open_quick_create,Success,True
1627733341497,594,selenium_create_issue:fill_and_submit_issue_form:submit_issue_form,Success,True
1627733341497,1040,selenium_create_issue:fill_and_submit_issue_form,Success,True
1627733341497,1707,selenium_create_issue,Success,True
.test_1_selenium_create_issue,Total:326 Passed:326 Failed:0
1627733341977,472,selenium_edit_issue:open_edit_issue_form,Success,True
1627733342916,543,selenium_edit_issue:save_edit_issue_form,Success,True
1627733342916,1411,selenium_edit_issue,Success,True
.test_1_selenium_edit_issue,Total:327 Passed:327 Failed:0
1627733343246,329,selenium_save_comment:open_comment_form,Success,True
1627733344178,799,selenium_save_comment:submit_form,Success,True
1627733344178,1260,selenium_save_comment,Success,True
.test_1_selenium_save_comment,Total:328 Passed:328 Failed:0
1627733345264,1084,selenium_search_jql,Success,True
.test_1_selenium_search_jql,Total:329 Passed:329 Failed:0
1627733346033,767,selenium_view_scrum_board_backlog,Success,True
.test_1_selenium_view_backlog_for_scrum_board,Total:330 Passed:330 Failed:0
1627733346813,779,selenium_view_scrum_board,Success,True
.test_1_selenium_view_scrum_board,Total:331 Passed:331 Failed:0
1627733347598,783,selenium_view_kanban_board,Success,True
.test_1_selenium_view_kanban_board,Total:332 Passed:332 Failed:0
1627733348209,609,selenium_view_dashboard,Success,True
.test_1_selenium_view_dashboard,Total:333 Passed:333 Failed:0
1627733348750,539,selenium_view_issue,Success,True
.test_1_selenium_view_issue,Total:334 Passed:334 Failed:0
1627733349023,272,selenium_project_summary,Success,True
.test_1_selenium_view_project_summary,Total:335 Passed:335 Failed:0
1627733349307,282,selenium_log_out,Success,True
.test_2_selenium_z_log_out,Total:336 Passed:336 Failed:0


=============================== warnings summary ===============================
../../usr/local/lib/python3.8/dist-packages/_pytest/config/__init__.py:1114
  /usr/local/lib/python3.8/dist-packages/_pytest/config/__init__.py:1114: PytestAssertRewriteWarning: Module already imported so cannot be rewritten: apiritif
    self._mark_plugins_for_rewrite(hook)

-- Docs: https://docs.pytest.org/en/stable/warnings.html
======================== 14 passed, 1 warning in 10.67s ========================
============================= test session starts ==============================
platform linux -- Python 3.8.5, pytest-6.2.3, py-1.10.0, pluggy-0.13.1
rootdir: /dc-app-performance-toolkit/app
plugins: apiritif-0.9.6
collected 14 items

selenium_ui/jira_ui.py get driver from global
clear browser cookies
node_id:i-0aee4779e9f1a9e7a
1627733349491,118,selenium_login:open_login_page,Success,True
1627733349904,413,selenium_login:login_and_view_dashboard,Success,True
1627733349905,532,selenium_login,Success,True
.test_0_selenium_a_login,Total:337 Passed:337 Failed:0
1627733350162,248,selenium_browse_projects_list,Success,True
.test_1_selenium_browse_projects_list,Total:338 Passed:338 Failed:0
1627733350401,237,selenium_browse_boards_list,Success,True
.test_1_selenium_browse_boards_list,Total:339 Passed:339 Failed:0
1627733351046,637,selenium_create_issue:open_quick_create,Success,True
1627733352139,592,selenium_create_issue:fill_and_submit_issue_form:submit_issue_form,Success,True
1627733352139,1092,selenium_create_issue:fill_and_submit_issue_form,Success,True
1627733352139,1729,selenium_create_issue,Success,True
.test_1_selenium_create_issue,Total:340 Passed:340 Failed:0
1627733352727,581,selenium_edit_issue:open_edit_issue_form,Success,True
1627733353617,601,selenium_edit_issue:save_edit_issue_form,Success,True
1627733353617,1471,selenium_edit_issue,Success,True
.test_1_selenium_edit_issue,Total:341 Passed:341 Failed:0
1627733353873,254,selenium_save_comment:open_comment_form,Success,True
1627733354774,765,selenium_save_comment:submit_form,Success,True
1627733354774,1155,selenium_save_comment,Success,True
.test_1_selenium_save_comment,Total:342 Passed:342 Failed:0
1627733355931,1156,selenium_search_jql,Success,True
.test_1_selenium_search_jql,Total:343 Passed:343 Failed:0
1627733356697,764,selenium_view_scrum_board_backlog,Success,True
.test_1_selenium_view_backlog_for_scrum_board,Total:344 Passed:344 Failed:0
1627733357480,781,selenium_view_scrum_board,Success,True
.test_1_selenium_view_scrum_board,Total:345 Passed:345 Failed:0
1627733358183,701,selenium_view_kanban_board,Success,True
.test_1_selenium_view_kanban_board,Total:346 Passed:346 Failed:0
1627733358538,354,selenium_view_dashboard,Success,True
.test_1_selenium_view_dashboard,Total:347 Passed:347 Failed:0
1627733359197,657,selenium_view_issue,Success,True
.test_1_selenium_view_issue,Total:348 Passed:348 Failed:0
1627733359489,290,selenium_project_summary,Success,True
.test_1_selenium_view_project_summary,Total:349 Passed:349 Failed:0
1627733359761,271,selenium_log_out,Success,True
.test_2_selenium_z_log_out,Total:350 Passed:350 Failed:0


=============================== warnings summary ===============================
../../usr/local/lib/python3.8/dist-packages/_pytest/config/__init__.py:1114
  /usr/local/lib/python3.8/dist-packages/_pytest/config/__init__.py:1114: PytestAssertRewriteWarning: Module already imported so cannot be rewritten: apiritif
    self._mark_plugins_for_rewrite(hook)

-- Docs: https://docs.pytest.org/en/stable/warnings.html
======================== 14 passed, 1 warning in 10.42s ========================
============================= test session starts ==============================
platform linux -- Python 3.8.5, pytest-6.2.3, py-1.10.0, pluggy-0.13.1
rootdir: /dc-app-performance-toolkit/app
plugins: apiritif-0.9.6
collected 14 items

selenium_ui/jira_ui.py get driver from global
clear browser cookies
node_id:i-0aee4779e9f1a9e7a
1627733359932,112,selenium_login:open_login_page,Success,True
1627733360384,451,selenium_login:login_and_view_dashboard,Success,True
1627733360384,564,selenium_login,Success,True
.test_0_selenium_a_login,Total:351 Passed:351 Failed:0
1627733360668,243,selenium_browse_projects_list,Success,True
.test_1_selenium_browse_projects_list,Total:352 Passed:352 Failed:0
1627733360901,232,selenium_browse_boards_list,Success,True
.test_1_selenium_browse_boards_list,Total:353 Passed:353 Failed:0
1627733361561,653,selenium_create_issue:open_quick_create,Success,True
1627733362671,599,selenium_create_issue:fill_and_submit_issue_form:submit_issue_form,Success,True
1627733362671,1109,selenium_create_issue:fill_and_submit_issue_form,Success,True
1627733362671,1762,selenium_create_issue,Success,True
.test_1_selenium_create_issue,Total:354 Passed:354 Failed:0
1627733363111,430,selenium_edit_issue:open_edit_issue_form,Success,True
1627733364074,580,selenium_edit_issue:save_edit_issue_form,Success,True
1627733364074,1393,selenium_edit_issue,Success,True
.test_1_selenium_edit_issue,Total:355 Passed:355 Failed:0
1627733364336,260,selenium_save_comment:open_comment_form,Success,True
1627733365142,668,selenium_save_comment:submit_form,Success,True
1627733365142,1066,selenium_save_comment,Success,True
.test_1_selenium_save_comment,Total:356 Passed:356 Failed:0
1627733366426,1282,selenium_search_jql,Success,True
[...]
1627735700199,475,selenium_view_dashboard,Success,True
.test_1_selenium_view_dashboard,Total:3273 Passed:3273 Failed:0
1627735700792,591,selenium_view_issue,Success,True
.test_1_selenium_view_issue,Total:3274 Passed:3274 Failed:0
1627735701085,292,selenium_project_summary,Success,True
.test_1_selenium_view_project_summary,Total:3275 Passed:3275 Failed:0
1627735701357,269,selenium_log_out,Success,True
.test_2_selenium_z_log_out,Total:3276 Passed:3276 Failed:0


=============================== warnings summary ===============================
../../usr/local/lib/python3.8/dist-packages/_pytest/config/__init__.py:1114
  /usr/local/lib/python3.8/dist-packages/_pytest/config/__init__.py:1114: PytestAssertRewriteWarning: Module already imported so cannot be rewritten: apiritif
    self._mark_plugins_for_rewrite(hook)

-- Docs: https://docs.pytest.org/en/stable/warnings.html
======================== 14 passed, 1 warning in 10.38s ========================
============================= test session starts ==============================
platform linux -- Python 3.8.5, pytest-6.2.3, py-1.10.0, pluggy-0.13.1
rootdir: /dc-app-performance-toolkit/app
plugins: apiritif-0.9.6
collected 14 items

selenium_ui/jira_ui.py get driver from global
clear browser cookies
node_id:i-0aee4779e9f1a9e7a
1627735701533,115,selenium_login:open_login_page,Success,True
1627735701965,431,selenium_login:login_and_view_dashboard,Success,True
1627735701965,547,selenium_login,Success,True
.test_0_selenium_a_login,Total:3277 Passed:3277 Failed:0
1627735702218,243,selenium_browse_projects_list,Success,True
.test_1_selenium_browse_projects_list,Total:3278 Passed:3278 Failed:0
1627735702456,236,selenium_browse_boards_list,Success,True
.test_1_selenium_browse_boards_list,Total:3279 Passed:3279 Failed:0
1627735703105,641,selenium_create_issue:open_quick_create,Success,True
1627735704143,646,selenium_create_issue:fill_and_submit_issue_form:submit_issue_form,Success,True
1627735704143,1038,selenium_create_issue:fill_and_submit_issue_form,Success,True
1627735704143,1679,selenium_create_issue,Success,True
.test_1_selenium_create_issue,Total:3280 Passed:3280 Failed:0
1627735704632,480,selenium_edit_issue:open_edit_issue_form,Success,True
1627735705617,593,selenium_edit_issue:save_edit_issue_form,Success,True
1627735705617,1466,selenium_edit_issue,Success,True
.test_1_selenium_edit_issue,Total:3281 Passed:3281 Failed:0
1627735705875,255,selenium_save_comment:open_comment_form,Success,True
1627735706668,661,selenium_save_comment:submit_form,Success,True
1627735706668,1049,selenium_save_comment,Success,True
.test_1_selenium_save_comment,Total:3282 Passed:3282 Failed:0
1627735707936,1266,selenium_search_jql,Success,True
.test_1_selenium_search_jql,Total:3283 Passed:3283 Failed:0
1627735709099,1161,selenium_view_scrum_board_backlog,Success,True
.test_1_selenium_view_backlog_for_scrum_board,Total:3284 Passed:3284 Failed:0
1627735709850,749,selenium_view_scrum_board,Success,True
.test_1_selenium_view_scrum_board,Total:3285 Passed:3285 Failed:0
1627735710504,652,selenium_view_kanban_board,Success,True
.test_1_selenium_view_kanban_board,Total:3286 Passed:3286 Failed:0
1627735711093,586,selenium_view_dashboard,Success,True
.test_1_selenium_view_dashboard,Total:3287 Passed:3287 Failed:0
1627735711630,535,selenium_view_issue,Success,True
.test_1_selenium_view_issue,Total:3288 Passed:3288 Failed:0
1627735711928,297,selenium_project_summary,Success,True
.test_1_selenium_view_project_summary,Total:3289 Passed:3289 Failed:0
1627735712276,346,selenium_log_out,Success,True
.test_2_selenium_z_log_out,Total:3290 Passed:3290 Failed:0


=============================== warnings summary ===============================
../../usr/local/lib/python3.8/dist-packages/_pytest/config/__init__.py:1114
  /usr/local/lib/python3.8/dist-packages/_pytest/config/__init__.py:1114: PytestAssertRewriteWarning: Module already imported so cannot be rewritten: apiritif
    self._mark_plugins_for_rewrite(hook)

-- Docs: https://docs.pytest.org/en/stable/warnings.html
======================== 14 passed, 1 warning in 10.88s ========================
============================= test session starts ==============================
platform linux -- Python 3.8.5, pytest-6.2.3, py-1.10.0, pluggy-0.13.1
rootdir: /dc-app-performance-toolkit/app
plugins: apiritif-0.9.6
collected 14 items

selenium_ui/jira_ui.py get driver from global
clear browser cookies
node_id:i-0aee4779e9f1a9e7a
1627735712470,115,selenium_login:open_login_page,Success,True
1627735712939,468,selenium_login:login_and_view_dashboard,Success,True
1627735712939,584,selenium_login,Success,True
.test_0_selenium_a_login,Total:3291 Passed:3291 Failed:0
1627735713218,268,selenium_browse_projects_list,Success,True
.test_1_selenium_browse_projects_list,Total:3292 Passed:3292 Failed:0
1627735713458,238,selenium_browse_boards_list,Success,True
.test_1_selenium_browse_boards_list,Total:3293 Passed:3293 Failed:0
1627735714138,672,selenium_create_issue:open_quick_create,Success,True
1627735715183,595,selenium_create_issue:fill_and_submit_issue_form:submit_issue_form,Success,True
1627735715184,1045,selenium_create_issue:fill_and_submit_issue_form,Success,True
1627735715184,1718,selenium_create_issue,Success,True
.test_1_selenium_create_issue,Total:3294 Passed:3294 Failed:0
1627735715627,435,selenium_edit_issue:open_edit_issue_form,Success,True
1627735716602,597,selenium_edit_issue:save_edit_issue_form,Success,True
1627735716602,1410,selenium_edit_issue,Success,True
.test_1_selenium_edit_issue,Total:3295 Passed:3295 Failed:0
1627735717017,413,selenium_save_comment:open_comment_form,Success,True
1627735718001,895,selenium_save_comment:submit_form,Success,True
1627735718001,1397,selenium_save_comment,Success,True
.test_1_selenium_save_comment,Total:3296 Passed:3296 Failed:0
1627735719186,1184,selenium_search_jql,Success,True
.test_1_selenium_search_jql,Total:3297 Passed:3297 Failed:0
1627735720356,1168,selenium_view_scrum_board_backlog,Success,True
.test_1_selenium_view_backlog_for_scrum_board,Total:3298 Passed:3298 Failed:0
1627735721111,753,selenium_view_scrum_board,Success,True
.test_1_selenium_view_scrum_board,Total:3299 Passed:3299 Failed:0
1627735721821,709,selenium_view_kanban_board,Success,True
.test_1_selenium_view_kanban_board,Total:3300 Passed:3300 Failed:0
1627735722421,598,selenium_view_dashboard,Success,True
.test_1_selenium_view_dashboard,Total:3301 Passed:3301 Failed:0
1627735722922,498,selenium_view_issue,Success,True
.test_1_selenium_view_issue,Total:3302 Passed:3302 Failed:0
1627735723204,280,selenium_project_summary,Success,True
.test_1_selenium_view_project_summary,Total:3303 Passed:3303 Failed:0
1627735723482,277,selenium_log_out,Success,True
.test_2_selenium_z_log_out,Total:3304 Passed:3304 Failed:0


=============================== warnings summary ===============================
../../usr/local/lib/python3.8/dist-packages/_pytest/config/__init__.py:1114
  /usr/local/lib/python3.8/dist-packages/_pytest/config/__init__.py:1114: PytestAssertRewriteWarning: Module already imported so cannot be rewritten: apiritif
    self._mark_plugins_for_rewrite(hook)

-- Docs: https://docs.pytest.org/en/stable/warnings.html
======================== 14 passed, 1 warning in 11.17s ========================
============================= test session starts ==============================
platform linux -- Python 3.8.5, pytest-6.2.3, py-1.10.0, pluggy-0.13.1
rootdir: /dc-app-performance-toolkit/app
plugins: apiritif-0.9.6
collected 14 items

selenium_ui/jira_ui.py get driver from global
clear browser cookies
node_id:i-0aee4779e9f1a9e7a
1627735723656,114,selenium_login:open_login_page,Success,True
1627735724094,437,selenium_login:login_and_view_dashboard,Success,True
1627735724094,552,selenium_login,Success,True
.test_0_selenium_a_login,Total:3305 Passed:3305 Failed:0
1627735724340,235,selenium_browse_projects_list,Success,True
.test_1_selenium_browse_projects_list,Total:3306 Passed:3306 Failed:0
1627735724570,228,selenium_browse_boards_list,Success,True
.test_1_selenium_browse_boards_list,Total:3307 Passed:3307 Failed:0
1627735725220,642,selenium_create_issue:open_quick_create,Success,True
1627735726277,616,selenium_create_issue:fill_and_submit_issue_form:submit_issue_form,Success,True
1627735726277,1057,selenium_create_issue:fill_and_submit_issue_form,Success,True
1627735726277,1700,selenium_create_issue,Success,True
.test_1_selenium_create_issue,Total:3308 Passed:3308 Failed:0
1627735726708,422,selenium_edit_issue:open_edit_issue_form,Success,True
1627735727599,488,selenium_edit_issue:save_edit_issue_form,Success,True
1627735727599,1314,selenium_edit_issue,Success,True
.test_1_selenium_edit_issue,Total:3309 Passed:3309 Failed:0
1627735727904,303,selenium_save_comment:open_comment_form,Success,True
1627735728717,651,selenium_save_comment:submit_form,Success,True
1627735728717,1116,selenium_save_comment,Success,True
.test_1_selenium_save_comment,Total:3310 Passed:3310 Failed:0
1627735729879,1160,selenium_search_jql,Success,True
.test_1_selenium_search_jql,Total:3311 Passed:3311 Failed:0
1627735731260,1379,selenium_view_scrum_board_backlog,Success,True
.test_1_selenium_view_backlog_for_scrum_board,Total:3312 Passed:3312 Failed:0
1627735732016,754,selenium_view_scrum_board,Success,True
.test_1_selenium_view_scrum_board,Total:3313 Passed:3313 Failed:0
1627735732652,634,selenium_view_kanban_board,Success,True
.test_1_selenium_view_kanban_board,Total:3314 Passed:3314 Failed:0
1627735733188,535,selenium_view_dashboard,Success,True
.test_1_selenium_view_dashboard,Total:3315 Passed:3315 Failed:0
1627735733787,597,selenium_view_issue,Success,True
.test_1_selenium_view_issue,Total:3316 Passed:3316 Failed:0
1627735734078,290,selenium_project_summary,Success,True
.test_1_selenium_view_project_summary,Total:3317 Passed:3317 Failed:0
1627735734361,281,selenium_log_out,Success,True
.test_2_selenium_z_log_out,Total:3318 Passed:3318 Failed:0


=============================== warnings summary ===============================
../../usr/local/lib/python3.8/dist-packages/_pytest/config/__init__.py:1114
  /usr/local/lib/python3.8/dist-packages/_pytest/config/__init__.py:1114: PytestAssertRewriteWarning: Module already imported so cannot be rewritten: apiritif
    self._mark_plugins_for_rewrite(hook)

-- Docs: https://docs.pytest.org/en/stable/warnings.html
======================== 14 passed, 1 warning in 10.84s ========================
============================= test session starts ==============================
platform linux -- Python 3.8.5, pytest-6.2.3, py-1.10.0, pluggy-0.13.1
rootdir: /dc-app-performance-toolkit/app
plugins: apiritif-0.9.6
collected 14 items

selenium_ui/jira_ui.py get driver from global
clear browser cookies
node_id:i-0aee4779e9f1a9e7a
1627735734533,112,selenium_login:open_login_page,Success,True
1627735734965,431,selenium_login:login_and_view_dashboard,Success,True
1627735734965,544,selenium_login,Success,True
.test_0_selenium_a_login,Total:3319 Passed:3319 Failed:0
1627735735241,266,selenium_browse_projects_list,Success,True
.test_1_selenium_browse_projects_list,Total:3320 Passed:3320 Failed:0
1627735735487,244,selenium_browse_boards_list,Success,True
.test_1_selenium_browse_boards_list,Total:3321 Passed:3321 Failed:0
1627735736134,640,selenium_create_issue:open_quick_create,Success,True
1627735737167,600,selenium_create_issue:fill_and_submit_issue_form:submit_issue_form,Success,True
1627735737167,1032,selenium_create_issue:fill_and_submit_issue_form,Success,True
1627735737167,1673,selenium_create_issue,Success,True
.test_1_selenium_create_issue,Total:3322 Passed:3322 Failed:0
1627735737750,574,selenium_edit_issue:open_edit_issue_form,Success,True
1627735738472,480,selenium_edit_issue:save_edit_issue_form,Success,True
1627735738472,1296,selenium_edit_issue,Success,True
.test_1_selenium_edit_issue,Total:3323 Passed:3323 Failed:0
1627735738780,306,selenium_save_comment:open_comment_form,Success,True
1627735739543,626,selenium_save_comment:submit_form,Success,True
1627735739543,1070,selenium_save_comment,Success,True
.test_1_selenium_save_comment,Total:3324 Passed:3324 Failed:0
1627735740685,1140,selenium_search_jql,Success,True
.test_1_selenium_search_jql,Total:3325 Passed:3325 Failed:0
1627735741449,762,selenium_view_scrum_board_backlog,Success,True
.test_1_selenium_view_backlog_for_scrum_board,Total:3326 Passed:3326 Failed:0
1627735742214,763,selenium_view_scrum_board,Success,True
.test_1_selenium_view_scrum_board,Total:3327 Passed:3327 Failed:0
1627735742662,446,selenium_view_kanban_board,Success,True
.test_1_selenium_view_kanban_board,Total:3328 Passed:3328 Failed:0
1627735742951,288,selenium_view_dashboard,Success,True
.test_1_selenium_view_dashboard,Total:3329 Passed:3329 Failed:0
1627735743628,675,selenium_view_issue,Success,True
.test_1_selenium_view_issue,Total:3330 Passed:3330 Failed:0
1627735744035,405,selenium_project_summary,Success,True
.test_1_selenium_view_project_summary,Total:3331 Passed:3331 Failed:0
1627735744324,288,selenium_log_out,Success,True
.test_2_selenium_z_log_out,Total:3332 Passed:3332 Failed:0


=============================== warnings summary ===============================
../../usr/local/lib/python3.8/dist-packages/_pytest/config/__init__.py:1114
  /usr/local/lib/python3.8/dist-packages/_pytest/config/__init__.py:1114: PytestAssertRewriteWarning: Module already imported so cannot be rewritten: apiritif
    self._mark_plugins_for_rewrite(hook)

-- Docs: https://docs.pytest.org/en/stable/warnings.html
======================== 14 passed, 1 warning in 9.93s =========================
============================= test session starts ==============================
platform linux -- Python 3.8.5, pytest-6.2.3, py-1.10.0, pluggy-0.13.1
rootdir: /dc-app-performance-toolkit/app
plugins: apiritif-0.9.6
collected 14 items

selenium_ui/jira_ui.py get driver from global
clear browser cookies
node_id:i-0aee4779e9f1a9e7a
1627735744500,113,selenium_login:open_login_page,Success,True
1627735744933,432,selenium_login:login_and_view_dashboard,Success,True
1627735744933,546,selenium_login,Success,True
.test_0_selenium_a_login,Total:3333 Passed:3333 Failed:0
1627735745183,241,selenium_browse_projects_list,Success,True
.test_1_selenium_browse_projects_list,Total:3334 Passed:3334 Failed:0
1627735745420,235,selenium_browse_boards_list,Success,True
.test_1_selenium_browse_boards_list,Total:3335 Passed:3335 Failed:0
1627735746069,641,selenium_create_issue:open_quick_create,Success,True
1627735747152,597,selenium_create_issue:fill_and_submit_issue_form:submit_issue_form,Success,True
1627735747152,1083,selenium_create_issue:fill_and_submit_issue_form,Success,True
1627735747152,1724,selenium_create_issue,Success,True
.test_1_selenium_create_issue,Total:3336 Passed:3336 Failed:0
1627735747705,544,selenium_edit_issue:open_edit_issue_form,Success,True
1627735748515,520,selenium_edit_issue:save_edit_issue_form,Success,True
1627735748515,1355,selenium_edit_issue,Success,True
.test_1_selenium_edit_issue,Total:3337 Passed:3337 Failed:0
1627735748847,330,selenium_save_comment:open_comment_form,Success,True
1627735749720,737,selenium_save_comment:submit_form,Success,True
1627735749720,1203,selenium_save_comment,Success,True
.test_1_selenium_save_comment,Total:3338 Passed:3338 Failed:0
1627735750877,1156,selenium_search_jql,Success,True
.test_1_selenium_search_jql,Total:3339 Passed:3339 Failed:0
1627735752056,1177,selenium_view_scrum_board_backlog,Success,True
.test_1_selenium_view_backlog_for_scrum_board,Total:3340 Passed:3340 Failed:0
1627735752818,759,selenium_view_scrum_board,Success,True
.test_1_selenium_view_scrum_board,Total:3341 Passed:3341 Failed:0
1627735753290,470,selenium_view_kanban_board,Success,True
.test_1_selenium_view_kanban_board,Total:3342 Passed:3342 Failed:0
1627735753706,414,selenium_view_dashboard,Success,True
.test_1_selenium_view_dashboard,Total:3343 Passed:3343 Failed:0
1627735754275,566,selenium_view_issue,Success,True
.test_1_selenium_view_issue,Total:3344 Passed:3344 Failed:0
1627735754566,289,selenium_project_summary,Success,True
.test_1_selenium_view_project_summary,Total:3345 Passed:3345 Failed:0
1627735754842,274,selenium_log_out,Success,True
.test_2_selenium_z_log_out,Total:3346 Passed:3346 Failed:0


=============================== warnings summary ===============================
../../usr/local/lib/python3.8/dist-packages/_pytest/config/__init__.py:1114
  /usr/local/lib/python3.8/dist-packages/_pytest/config/__init__.py:1114: PytestAssertRewriteWarning: Module already imported so cannot be rewritten: apiritif
    self._mark_plugins_for_rewrite(hook)

-- Docs: https://docs.pytest.org/en/stable/warnings.html
======================== 14 passed, 1 warning in 10.48s ========================
============================= test session starts ==============================
platform linux -- Python 3.8.5, pytest-6.2.3, py-1.10.0, pluggy-0.13.1
rootdir: /dc-app-performance-toolkit/app
plugins: apiritif-0.9.6
collected 14 items

selenium_ui/jira_ui.py get driver from global
clear browser cookies
node_id:i-0aee4779e9f1a9e7a
1627735755016,111,selenium_login:open_login_page,Success,True
1627735755445,428,selenium_login:login_and_view_dashboard,Success,True
1627735755445,540,selenium_login,Success,True
.test_0_selenium_a_login,Total:3347 Passed:3347 Failed:0
1627735755692,237,selenium_browse_projects_list,Success,True
.test_1_selenium_browse_projects_list,Total:3348 Passed:3348 Failed:0
1627735756408,715,selenium_browse_boards_list,Success,True
.test_1_selenium_browse_boards_list,Total:3349 Passed:3349 Failed:0
1627735757250,833,selenium_create_issue:open_quick_create,Success,True
1627735758331,597,selenium_create_issue:fill_and_submit_issue_form:submit_issue_form,Success,True
1627735758331,1081,selenium_create_issue:fill_and_submit_issue_form,Success,True
1627735758331,1915,selenium_create_issue,Success,True
.test_1_selenium_create_issue,Total:3350 Passed:3350 Failed:0
1627735758894,554,selenium_edit_issue:open_edit_issue_form,Success,True
1627735759777,591,selenium_edit_issue:save_edit_issue_form,Success,True
1627735759777,1438,selenium_edit_issue,Success,True
.test_1_selenium_edit_issue,Total:3351 Passed:3351 Failed:0
1627735759997,218,selenium_save_comment:open_comment_form,Success,True
1627735761335,704,selenium_save_comment:submit_form,Success,True
1627735761335,1556,selenium_save_comment,Success,True
.test_1_selenium_save_comment,Total:3352 Passed:3352 Failed:0
1627735762610,1273,selenium_search_jql,Success,True
.test_1_selenium_search_jql,Total:3353 Passed:3353 Failed:0
1627735763849,1238,selenium_view_scrum_board_backlog,Success,True
.test_1_selenium_view_backlog_for_scrum_board,Total:3354 Passed:3354 Failed:0
1627735764607,756,selenium_view_scrum_board,Success,True
.test_1_selenium_view_scrum_board,Total:3355 Passed:3355 Failed:0
1627735765072,463,selenium_view_kanban_board,Success,True
.test_1_selenium_view_kanban_board,Total:3356 Passed:3356 Failed:0
1627735765492,418,selenium_view_dashboard,Success,True
.test_1_selenium_view_dashboard,Total:3357 Passed:3357 Failed:0
1627735765941,447,selenium_view_issue,Success,True
.test_1_selenium_view_issue,Total:3358 Passed:3358 Failed:0
1627735766224,281,selenium_project_summary,Success,True
.test_1_selenium_view_project_summary,Total:3359 Passed:3359 Failed:0
1627735766581,356,selenium_log_out,Success,True
.test_2_selenium_z_log_out,Total:3360 Passed:3360 Failed:0


=============================== warnings summary ===============================
../../usr/local/lib/python3.8/dist-packages/_pytest/config/__init__.py:1114
  /usr/local/lib/python3.8/dist-packages/_pytest/config/__init__.py:1114: PytestAssertRewriteWarning: Module already imported so cannot be rewritten: apiritif
    self._mark_plugins_for_rewrite(hook)

-- Docs: https://docs.pytest.org/en/stable/warnings.html
======================== 14 passed, 1 warning in 11.70s ========================
